300 3 3 19 62
300 19 19 3 62
300 21 31 25 14
300 5 15 9 14
300 24 18 3 86
300 8 2 19 86
300 20 2 7 38
300 4 18 23 38
306 28 2 23 62
306 12 18 7 62
306 21 30 16 14
306 5 14 0 14
306 12 6 29 86
306 28 22 13 86
306 4 24 25 38
306 20 8 9 38
312 17 18 3 40
312 1 2 19 40
312 11 3 11 88
312 27 19 27 88
312 23 16 8 64
312 7 0 24 64
312 25 0 22 16
312 9 16 6 16
318 3 27 11 82
318 19 11 27 82
318 5 13 2 34
318 21 29 18 34
318 27 4 13 10
318 11 20 29 10
318 27 6 23 58
318 11 22 7 58
324 29 30 21 47
324 13 14 5 47
324 3 16 9 95
324 19 0 25 95
324 23 31 19 71
324 7 15 3 71
324 0 7 26 23
324 16 23 10 23
330 8 13 23 37
330 24 29 7 37
330 6 6 21 85
330 22 22 5 85
330 17 0 17 61
330 1 16 1 61
330 9 18 20 13
330 25 2 4 13
336 13 8 15 23
336 29 24 31 23
336 22 6 9 71
336 6 22 25 71
336 9 7 30 47
336 25 23 14 47
336 1 8 14 95
336 17 24 30 95
342 16 4 24 71
342 0 20 8 71
342 19 23 24 23
342 3 7 8 23
342 6 29 20 95
342 22 13 4 95
342 3 15 29 47
342 19 31 13 47
348 26 26 23 89
348 10 10 7 89
348 2 18 5 41
348 18 2 21 41
348 18 30 30 17
348 2 14 14 17
348 16 16 1 65
348 0 0 17 65
354 23 21 12 17
354 7 5 28 17
354 11 9 28 65
354 27 25 12 65
354 20 2 0 41
354 4 18 16 41
354 2 18 0 89
354 18 2 16 89
360 28 15 0 52
360 12 31 16 52
360 5 20 13 4
360 21 4 29 4
360 26 19 15 76
360 10 3 31 76
360 11 10 5 28
360 27 26 21 28
366 18 11 21 28
366 2 27 5 28
366 22 4 19 76
366 6 20 3 76
366 8 23 6 52
366 24 7 22 52
366 23 21 20 4
366 7 5 4 4
372 8 9 26 74
372 24 25 10 74
372 3 24 11 26
372 19 8 27 26
372 29 8 14 2
372 13 24 30 2
372 12 14 10 50
372 28 30 26 50
378 15 24 20 37
378 31 8 4 37
378 26 20 27 85
378 10 4 11 85
378 1 12 21 61
378 17 28 5 61
378 11 2 15 13
378 27 18 31 13
384 31 10 5 82
384 15 26 21 82
384 24 10 4 34
384 8 26 20 34
384 12 20 12 10
384 28 4 28 10
384 21 8 18 58
384 5 24 2 58
390 11 19 15 44
390 27 3 31 44
390 27 15 29 92
390 11 31 13 92
390 0 9 21 68
390 16 25 5 68
390 27 10 28 20
390 11 26 12 20
396 3 10 17 65
396 19 26 1 65
396 11 1 10 17
396 27 17 26 17
396 2 5 9 89
396 18 21 25 89
396 23 13 7 41
396 7 29 23 41
402 7 8 2 25
402 23 24 18 25
402 10 19 25 73
402 26 3 9 73
402 19 0 23 49
402 3 16 7 49
402 22 10 19 1
402 6 26 3 1
408 25 29 23 29
408 9 13 7 29
408 23 0 23 77
408 7 16 7 77
408 10 12 15 53
408 26 28 31 53
408 16 16 18 5
408 0 0 2 5
414 25 27 16 33
414 9 11 0 33
414 21 20 30 81
414 5 4 14 81
414 17 5 0 57
414 1 21 16 57
414 13 24 6 9
414 29 8 22 9
420 11 19 10 54
420 27 3 26 54
420 7 21 26 6
420 23 5 10 6
420 15 2 3 78
420 31 18 19 78
420 14 10 9 30
420 30 26 25 30
426 18 23 25 74
426 2 7 9 74
426 15 31 9 26
426 31 15 25 26
426 29 20 17 2
426 13 4 1 2
426 30 25 27 50
426 14 9 11 50
432 12 8 5 45
432 28 24 21 45
432 14 8 7 93
432 30 24 23 93
432 22 3 18 69
432 6 19 2 69
432 1 19 30 21
432 17 3 14 21
438 30 28 29 62
438 14 12 13 62
438 14 24 24 14
438 30 8 8 14
438 3 5 14 86
438 19 21 30 86
438 25 18 16 38
438 9 2 0 38
444 3 7 8 69
444 19 23 24 69
444 7 27 31 21
444 23 11 15 21
444 2 8 12 93
444 18 24 28 93
444 0 30 21 45
444 16 14 5 45
450 18 8 5 14
450 2 24 21 14
450 15 13 5 62
450 31 29 21 62
450 23 0 7 38
450 7 16 23 38
450 27 31 7 86
450 11 15 23 86
456 19 8 0 23
456 3 24 16 23
456 11 25 9 71
456 27 9 25 71
456 17 21 5 47
456 1 5 21 47
456 26 7 6 95
456 10 23 22 95
462 12 23 9 41
462 28 7 25 41
462 30 5 13 89
462 14 21 29 89
462 1 5 2 65
462 17 21 18 65
462 0 16 30 17
462 16 0 14 17
468 20 3 16 29
468 4 19 0 29
468 18 13 10 77
468 2 29 26 77
468 19 8 14 53
468 3 24 30 53
468 17 14 16 5
468 1 30 0 5
474 28 17 5 81
474 12 1 21 81
474 30 17 6 33
474 14 1 22 33
474 9 18 16 9
474 25 2 0 9
474 24 5 0 57
474 8 21 16 57
480 15 1 6 41
480 31 17 22 41
480 23 1 9 89
480 7 17 25 89
480 7 21 6 65
480 23 5 22 65
480 7 21 19 17
480 23 5 3 17
486 30 16 25 78
486 14 0 9 78
486 26 9 4 30
486 10 25 20 30
486 19 4 16 6
486 3 20 0 6
486 24 5 29 54
486 8 21 13 54
492 2 14 14 27
492 18 30 30 27
492 9 21 7 75
492 25 5 23 75
492 6 9 26 51
492 22 25 10 51
492 25 0 1 3
492 9 16 17 3
498 8 1 1 92
498 24 17 17 92
498 19 30 5 44
498 3 14 21 44
498 18 7 13 20
498 2 23 29 20
498 10 11 5 68
498 26 27 21 68
504 5 26 19 22
504 21 10 3 22
504 1 13 16 70
504 17 29 0 70
504 6 15 20 46
504 22 31 4 46
504 0 29 6 94
504 16 13 22 94
510 20 28 5 57
510 4 12 21 57
510 21 17 23 9
510 5 1 7 9
510 15 24 5 81
510 31 8 21 81
510 18 3 4 33
510 2 19 20 33
516 5 8 9 62
516 21 24 25 62
516 14 24 28 14
516 30 8 12 14
516 21 29 24 86
516 5 13 8 86
516 29 19 25 38
516 13 3 9 38
522 18 10 0 57
522 2 26 16 57
522 10 17 20 9
522 26 1 4 9
522 26 30 9 81
522 10 14 25 81
522 17 20 15 33
522 1 4 31 33
528 28 17 0 13
528 12 1 16 13
528 26 18 12 61
528 10 2 28 61
528 2 9 16 37
528 18 25 0 37
528 4 21 15 85
528 20 5 31 85
534 25 26 8 24
534 9 10 24 24
534 19 10 15 72
534 3 26 31 72
534 16 2 0 48
534 0 18 16 48
534 1 18 28 0
534 17 2 12 0
540 3 16 5 43
540 19 0 21 43
540 29 3 6 91
540 13 19 22 91
540 0 7 30 67
540 16 23 14 67
540 26 3 28 19
540 10 19 12 19
546 23 8 8 50
546 7 24 24 50
546 17 20 0 2
546 1 4 16 2
546 10 14 23 74
546 26 30 7 74
546 19 22 10 26
546 3 6 26 26
552 22 23 17 0
552 6 7 1 0
552 7 0 31 48
552 23 16 15 48
552 22 5 20 24
552 6 21 4 24
552 8 0 5 72
552 24 16 21 72
558 9 24 7 67
558 25 8 23 67
558 24 6 26 19
558 8 22 10 19
558 28 20 6 91
558 12 4 22 91
558 26 25 15 43
558 10 9 31 43
564 30 1 0 36
564 14 17 16 36
564 26 21 7 84
564 10 5 23 84
564 24 11 1 60
564 8 27 17 60
564 29 9 9 12
564 13 25 25 12
570 5 6 2 50
570 21 22 18 50
570 8 29 2 2
570 24 13 18 2
570 31 13 9 74
570 15 29 25 74
570 14 16 10 26
570 30 0 26 26
576 25 14 28 44
576 9 30 12 44
576 24 0 1 92
576 8 16 17 92
576 0 2 20 68
576 16 18 4 68
576 10 17 23 20
576 26 1 7 20
582 30 15 14 77
582 14 31 30 77
582 24 10 24 29
582 8 26 8 29
582 5 18 17 5
582 21 2 1 5
582 25 23 27 53
582 9 7 11 53
588 22 25 6 14
588 6 9 22 14
588 1 9 18 62
588 17 25 2 62
588 9 5 10 38
588 25 21 26 38
588 5 25 28 86
588 21 9 12 86
594 2 18 8 76
594 18 2 24 76
594 15 27 3 28
594 31 11 19 28
594 18 23 17 4
594 2 7 1 4
594 30 31 19 52
594 14 15 3 52
600 18 26 11 89
600 2 10 27 89
600 1 17 3 41
600 17 1 19 41
600 19 18 18 17
600 3 2 2 17
600 2 23 14 65
600 18 7 30 65
606 16 4 17 92
606 0 20 1 92
606 25 27 24 44
606 9 11 8 44
606 6 15 15 20
606 22 31 31 20
606 21 15 19 68
606 5 31 3 68
612 14 6 10 91
612 30 22 26 91
612 17 14 15 43
612 1 30 31 43
612 1 4 9 19
612 17 20 25 19
612 4 13 5 67
612 20 29 21 67
618 5 11 6 15
618 21 27 22 15
618 3 24 27 63
618 19 8 11 63
618 5 3 16 39
618 21 19 0 39
618 7 14 6 87
618 23 30 22 87
624 30 9 13 50
624 14 25 29 50
624 13 0 17 2
624 29 16 1 2
624 30 8 4 74
624 14 24 20 74
624 11 13 0 26
624 27 29 16 26
630 0 18 14 75
630 16 2 30 75
630 6 6 16 27
630 22 22 0 27
630 22 15 3 3
630 6 31 19 3
630 21 31 28 51
630 5 15 12 51
636 26 0 29 71
636 10 16 13 71
636 10 14 7 23
636 26 30 23 23
636 26 1 11 95
636 10 17 27 95
636 3 31 26 47
636 19 15 10 47
642 24 5 26 30
642 8 21 10 30
642 31 28 3 78
642 15 12 19 78
642 9 0 5 54
642 25 16 21 54
642 26 7 29 6
642 10 23 13 6
648 8 10 0 48
648 24 26 16 48
648 7 30 27 0
648 23 14 11 0
648 27 22 5 72
648 11 6 21 72
648 25 13 10 24
648 9 29 26 24
654 1 26 21 69
654 17 10 5 69
654 15 6 25 21
654 31 22 9 21
654 5 21 12 93
654 21 5 28 93
654 17 8 12 45
654 1 24 28 45
660 28 22 17 64
660 12 6 1 64
660 7 21 30 16
660 23 5 14 16
660 24 29 17 88
660 8 13 1 88
660 27 30 6 40
660 11 14 22 40
666 19 7 7 7
666 3 23 23 7
666 29 7 24 55
666 13 23 8 55
666 11 2 15 31
666 27 18 31 31
666 12 22 15 79
666 28 6 31 79
672 5 26 0 57
672 21 10 16 57
672 5 15 17 9
672 21 31 1 9
672 16 17 18 81
672 0 1 2 81
672 20 5 10 33
672 4 21 26 33
678 30 12 30 64
678 14 28 14 64
678 14 27 28 16
678 30 11 12 16
678 16 26 27 88
678 0 10 11 88
678 11 3 10 40
678 27 19 26 40
684 8 19 30 18
684 24 3 14 18
684 28 22 10 66
684 12 6 26 66
684 22 30 25 42
684 6 14 9 42
684 0 29 18 90
684 16 13 2 90
690 5 11 23 15
690 21 27 7 15
690 1 10 15 63
690 17 26 31 63
690 29 31 27 39
690 13 15 11 39
690 16 13 1 87
690 0 29 17 87
696 3 8 1 17
696 19 24 17 17
696 14 2 4 65
696 30 18 20 65
696 11 28 12 41
696 27 12 28 41
696 28 5 26 89
696 12 21 10 89
702 6 18 12 24
702 22 2 28 24
702 21 16 20 72
702 5 0 4 72
702 28 6 8 48
702 12 22 24 48
702 14 28 1 0
702 30 12 17 0
708 21 14 21 37
708 5 30 5 37
708 4 20 17 85
708 20 4 1 85
708 8 10 18 61
708 24 26 2 61
708 24 3 11 13
708 8 19 27 13
714 25 31 5 91
714 9 15 21 91
714 28 24 3 43
714 12 8 19 43
714 29 18 16 19
714 13 2 0 19
714 15 12 29 67
714 31 28 13 67
720 13 8 1 56
720 29 24 17 56
720 24 6 6 8
720 8 22 22 8
720 4 19 3 80
720 20 3 19 80
720 0 17 28 32
720 16 1 12 32
726 14 9 21 33
726 30 25 5 33
726 31 8 31 81
726 15 24 15 81
726 21 24 14 57
726 5 8 30 57
726 10 5 22 9
726 26 21 6 9
732 17 11 0 53
732 1 27 16 53
732 9 13 7 5
732 25 29 23 5
732 8 12 6 77
732 24 28 22 77
732 13 24 23 29
732 29 8 7 29
738 3 1 4 4
738 19 17 20 4
738 3 7 27 52
738 19 23 11 52
738 8 3 6 28
738 24 19 22 28
738 24 5 18 76
738 8 21 2 76
744 27 8 21 49
744 11 24 5 49
744 13 14 19 1
744 29 30 3 1
744 9 31 31 73
744 25 15 15 73
744 22 9 16 25
744 6 25 0 25
750 27 23 31 55
750 11 7 15 55
750 28 0 31 7
750 12 16 15 7
750 27 4 10 79
750 11 20 26 79
750 7 15 14 31
750 23 31 30 31
756 13 16 12 83
756 29 0 28 83
756 1 11 0 35
756 17 27 16 35
756 7 1 23 11
756 23 17 7 11
756 21 4 10 59
756 5 20 26 59
762 13 22 19 64
762 29 6 3 64
762 25 25 3 16
762 9 9 19 16
762 9 22 0 88
762 25 6 16 88
762 17 22 27 40
762 1 6 11 40
768 6 24 31 15
768 22 8 15 15
768 0 12 4 63
768 16 28 20 63
768 2 0 24 39
768 18 16 8 39
768 24 1 27 87
768 8 17 11 87
774 26 20 26 90
774 10 4 10 90
774 1 10 28 42
774 17 26 12 42
774 3 1 4 18
774 19 17 20 18
774 4 3 17 66
774 20 19 1 66
780 24 19 12 92
780 8 3 28 92
780 7 28 29 44
780 23 12 13 44
780 7 29 30 20
780 23 13 14 20
780 28 18 23 68
780 12 2 7 68
786 17 9 22 90
786 1 25 6 90
786 13 31 30 42
786 29 15 14 42
786 6 1 0 18
786 22 17 16 18
786 15 8 30 66
786 31 24 14 66
792 26 6 31 33
792 10 22 15 33
792 22 25 2 81
792 6 9 18 81
792 1 13 24 57
792 17 29 8 57
792 14 24 20 9
792 30 8 4 9
798 20 17 15 22
798 4 1 31 22
798 29 15 27 70
798 13 31 11 70
798 20 11 20 46
798 4 27 4 46
798 29 15 7 94
798 13 31 23 94
804 16 13 3 2
804 0 29 19 2
804 27 27 23 50
804 11 11 7 50
804 29 25 14 26
804 13 9 30 26
804 22 29 20 74
804 6 13 4 74
810 28 11 0 67
810 12 27 16 67
810 18 8 13 19
810 2 24 29 19
810 25 4 13 91
810 9 20 29 91
810 1 11 28 43
810 17 27 12 43
816 13 26 25 45
816 29 10 9 45
816 13 0 27 93
816 29 16 11 93
816 29 14 18 69
816 13 30 2 69
816 9 12 3 21
816 25 28 19 21
822 1 21 6 32
822 17 5 22 32
822 8 23 29 80
822 24 7 13 80
822 31 30 22 56
822 15 14 6 56
822 3 11 8 8
822 19 27 24 8
828 27 23 12 38
828 11 7 28 38
828 5 15 21 86
828 21 31 5 86
828 26 1 18 62
828 10 17 2 62
828 0 13 29 14
828 16 29 13 14
834 0 19 2 53
834 16 3 18 53
834 23 17 6 5
834 7 1 22 5
834 13 9 11 77
834 29 25 27 77
834 16 5 16 29
834 0 21 0 29
840 26 23 20 90
840 10 7 4 90
840 10 8 7 42
840 26 24 23 42
840 27 29 2 18
840 11 13 18 18
840 1 17 28 66
840 17 1 12 66
846 27 16 7 39
846 11 0 23 39
846 14 9 25 87
846 30 25 9 87
846 2 1 5 63
846 18 17 21 63
846 25 29 23 15
846 9 13 7 15
852 14 31 17 33
852 30 15 1 33
852 25 8 14 81
852 9 24 30 81
852 3 8 21 57
852 19 24 5 57
852 22 10 26 9
852 6 26 10 9
858 16 14 19 24
858 0 30 3 24
858 25 7 9 72
858 9 23 25 72
858 3 6 29 48
858 19 22 13 48
858 10 30 23 0
858 26 14 7 0
864 6 9 15 89
864 22 25 31 89
864 18 14 18 41
864 2 30 2 41
864 22 23 23 17
864 6 7 7 17
864 19 30 20 65
864 3 14 4 65
870 18 12 5 47
870 2 28 21 47
870 8 26 24 95
870 24 10 8 95
870 26 20 28 71
870 10 4 12 71
870 18 4 19 23
870 2 20 3 23
876 19 23 24 46
876 3 7 8 46
876 19 4 2 94
876 3 20 18 94
876 3 14 12 70
876 19 30 28 70
876 25 29 16 22
876 9 13 0 22
882 13 25 10 24
882 29 9 26 24
882 26 22 2 72
882 10 6 18 72
882 8 18 10 48
882 24 2 26 48
882 2 24 19 0
882 18 8 3 0
888 14 6 3 92
888 30 22 19 92
888 18 2 28 44
888 2 18 12 44
888 24 25 7 20
888 8 9 23 20
888 18 15 6 68
888 2 31 22 68
894 29 8 7 91
894 13 24 23 91
894 19 18 4 43
894 3 2 20 43
894 0 31 27 19
894 16 15 11 19
894 20 31 25 67
894 4 15 9 67
900 22 17 29 23
900 6 1 13 23
900 29 15 15 71
900 13 31 31 71
900 17 22 18 47
900 1 6 2 47
900 8 14 31 95
900 24 30 15 95
906 28 15 26 16
906 12 31 10 16
906 24 16 18 64
906 8 0 2 64
906 22 7 19 40
906 6 23 3 40
906 29 29 0 88
906 13 13 16 88
912 7 11 23 14
912 23 27 7 14
912 26 18 29 62
912 10 2 13 62
912 19 14 7 38
912 3 30 23 38
912 17 1 8 86
912 1 17 24 86
918 21 24 31 35
918 5 8 15 35
918 25 27 25 83
918 9 11 9 83
918 7 2 9 59
918 23 18 25 59
918 16 20 5 11
918 0 4 21 11
924 6 17 23 11
924 22 1 7 11
924 26 22 2 59
924 10 6 18 59
924 23 23 20 35
924 7 7 4 35
924 23 29 30 83
924 7 13 14 83
930 9 3 18 85
930 25 19 2 85
930 22 30 20 37
930 6 14 4 37
930 12 0 4 13
930 28 16 20 13
930 16 5 16 61
930 0 21 0 61
936 28 7 28 41
936 12 23 12 41
936 3 25 19 89
936 19 9 3 89
936 6 22 6 65
936 22 6 22 65
936 22 21 17 17
936 6 5 1 17
942 8 19 23 2
942 24 3 7 2
942 14 24 0 50
942 30 8 16 50
942 27 12 3 26
942 11 28 19 26
942 16 17 28 74
942 0 1 12 74
948 10 10 0 64
948 26 26 16 64
948 26 12 25 16
948 10 28 9 16
948 14 4 27 88
948 30 20 11 88
948 9 14 29 40
948 25 30 13 40
954 21 14 0 47
954 5 30 16 47
954 14 8 24 95
954 30 24 8 95
954 30 15 16 71
954 14 31 0 71
954 31 6 25 23
954 15 22 9 23
960 12 20 10 11
960 28 4 26 11
960 18 11 13 59
960 2 27 29 59
960 13 28 29 35
960 29 12 13 35
960 27 8 1 83
960 11 24 17 83
966 19 1 24 79
966 3 17 8 79
966 4 9 19 31
966 20 25 3 31
966 16 4 22 7
966 0 20 6 7
966 12 26 11 55
966 28 10 27 55
972 24 8 25 27
972 8 24 9 27
972 8 1 20 75
972 24 17 4 75
972 20 0 24 51
972 4 16 8 51
972 12 3 29 3
972 28 19 13 3
978 8 3 29 38
978 24 19 13 38
978 4 14 0 86
978 20 30 16 86
978 26 3 18 62
978 10 19 2 62
978 11 5 26 14
978 27 21 10 14
984 24 4 31 20
984 8 20 15 20
984 9 5 31 68
984 25 21 15 68
984 18 0 1 44
984 2 16 17 44
984 21 20 7 92
984 5 4 23 92
990 12 16 11 53
990 28 0 27 53
990 9 22 0 5
990 25 6 16 5
990 14 7 24 77
990 30 23 8 77
990 1 17 31 29
990 17 1 15 29
996 4 25 28 81
996 20 9 12 81
996 8 6 0 33
996 24 22 16 33
996 21 26 27 9
996 5 10 11 9
996 15 12 31 57
996 31 28 15 57
1002 4 8 15 87
1002 20 24 31 87
1002 4 31 14 39
1002 20 15 30 39
1002 29 24 10 15
1002 13 8 26 15
1002 6 25 19 63
1002 22 9 3 63
1008 11 9 21 73
1008 27 25 5 73
1008 21 29 23 25
1008 5 13 7 25
1008 2 13 10 1
1008 18 29 26 1
1008 13 19 31 49
1008 29 3 15 49
1014 10 0 17 12
1014 26 16 1 12
1014 4 1 29 60
1014 20 17 13 60
1014 4 12 18 36
1014 20 28 2 36
1014 30 11 4 84
1014 14 27 20 84
1020 15 12 19 5
1020 31 28 3 5
1020 0 22 30 53
1020 16 6 14 53
1020 11 9 30 29
1020 27 25 14 29
1020 23 8 24 77
1020 7 24 8 77
1026 21 10 1 4
1026 5 26 17 4
1026 24 30 30 52
1026 8 14 14 52
1026 27 25 29 28
1026 11 9 13 28
1026 16 1 0 76
1026 0 17 16 76
1032 26 5 25 18
1032 10 21 9 18
1032 17 16 9 66
1032 1 0 25 66
1032 27 19 5 42
1032 11 3 21 42
1032 2 9 4 90
1032 18 25 20 90
1038 30 29 15 66
1038 14 13 31 66
1038 4 22 1 18
1038 20 6 17 18
1038 21 28 7 90
1038 5 12 23 90
1038 22 27 24 42
1038 6 11 8 42
1044 29 10 20 44
1044 13 26 4 44
1044 11 3 3 92
1044 27 19 19 92
1044 4 16 8 68
1044 20 0 24 68
1044 28 21 1 20
1044 12 5 17 20
1050 27 17 31 4
1050 11 1 15 4
1050 23 10 20 52
1050 7 26 4 52
1050 23 18 31 28
1050 7 2 15 28
1050 20 11 4 76
1050 4 27 20 76
1056 16 0 10 27
1056 0 16 26 27
1056 23 12 23 75
1056 7 28 7 75
1056 7 27 21 51
1056 23 11 5 51
1056 24 14 23 3
1056 8 30 7 3
1062 30 29 13 9
1062 14 13 29 9
1062 17 15 23 57
1062 1 31 7 57
1062 21 5 18 33
1062 5 21 2 33
1062 0 1 25 81
1062 16 17 9 81
1068 13 9 1 12
1068 29 25 17 12
1068 25 23 24 60
1068 9 7 8 60
1068 7 9 28 36
1068 23 25 12 36
1068 17 3 27 84
1068 1 19 11 84
1074 19 12 26 44
1074 3 28 10 44
1074 30 28 14 92
1074 14 12 30 92
1074 17 2 9 68
1074 1 18 25 68
1074 25 14 3 20
1074 9 30 19 20
1080 2 3 11 24
1080 18 19 27 24
1080 7 10 8 72
1080 23 26 24 72
1080 15 6 10 48
1080 31 22 26 48
1080 5 26 29 0
1080 21 10 13 0
1086 13 14 10 59
1086 29 30 26 59
1086 19 0 29 11
1086 3 16 13 11
1086 23 16 26 83
1086 7 0 10 83
1086 17 15 10 35
1086 1 31 26 35
1092 14 15 0 25
1092 30 31 16 25
1092 11 29 21 73
1092 27 13 5 73
1092 12 12 11 49
1092 28 28 27 49
1092 16 4 29 1
1092 0 20 13 1
1098 9 12 12 58
1098 25 28 28 58
1098 4 14 18 10
1098 20 30 2 10
1098 6 27 2 82
1098 22 11 18 82
1098 11 17 6 34
1098 27 1 22 34
1104 0 28 20 70
1104 16 12 4 70
1104 6 6 17 22
1104 22 22 1 22
1104 8 19 24 94
1104 24 3 8 94
1104 1 24 3 46
1104 17 8 19 46
1110 4 26 0 18
1110 20 10 16 18
1110 7 14 25 66
1110 23 30 9 66
1110 15 0 23 42
1110 31 16 7 42
1110 7 24 20 90
1110 23 8 4 90
1116 20 28 15 32
1116 4 12 31 32
1116 0 24 12 80
1116 16 8 28 80
1116 8 5 14 56
1116 24 21 30 56
1116 8 12 19 8
1116 24 28 3 8
1122 30 22 12 14
1122 14 6 28 14
1122 28 27 22 62
1122 12 11 6 62
1122 4 24 23 38
1122 20 8 7 38
1122 12 18 12 86
1122 28 2 28 86
1128 8 2 6 83
1128 24 18 22 83
1128 12 11 15 35
1128 28 27 31 35
1128 22 24 29 11
1128 6 8 13 11
1128 4 16 11 59
1128 20 0 27 59
1134 10 15 8 28
1134 26 31 24 28
1134 16 19 24 76
1134 0 3 8 76
1134 6 21 1 52
1134 22 5 17 52
1134 20 10 6 4
1134 4 26 22 4
1140 21 10 29 83
1140 5 26 13 83
1140 28 29 31 35
1140 12 13 15 35
1140 19 4 26 11
1140 3 20 10 11
1140 29 10 19 59
1140 13 26 3 59
1146 1 4 28 56
1146 17 20 12 56
1146 16 6 23 8
1146 0 22 7 8
1146 10 31 7 80
1146 26 15 23 80
1146 20 12 18 32
1146 4 28 2 32
1152 15 15 4 24
1152 31 31 20 24
1152 3 27 31 72
1152 19 11 15 72
1152 19 30 3 48
1152 3 14 19 48
1152 28 16 0 0
1152 12 0 16 0
1158 29 13 13 48
1158 13 29 29 48
1158 29 8 18 0
1158 13 24 2 0
1158 24 16 24 72
1158 8 0 8 72
1158 27 27 27 24
1158 11 11 11 24
1164 1 16 3 88
1164 17 0 19 88
1164 4 11 16 40
1164 20 27 0 40
1164 2 1 10 16
1164 18 17 26 16
1164 13 17 8 64
1164 29 1 24 64
1170 30 17 2 66
1170 14 1 18 66
1170 10 5 24 18
1170 26 21 8 18
1170 22 29 26 90
1170 6 13 10 90
1170 29 7 14 42
1170 13 23 30 42
1176 26 9 14 55
1176 10 25 30 55
1176 9 18 16 7
1176 25 2 0 7
1176 3 5 26 79
1176 19 21 10 79
1176 29 8 2 31
1176 13 24 18 31
1182 20 17 12 38
1182 4 1 28 38
1182 7 10 24 86
1182 23 26 8 86
1182 26 22 1 62
1182 10 6 17 62
1182 26 15 16 14
1182 10 31 0 14
1188 14 20 25 79
1188 30 4 9 79
1188 12 25 16 31
1188 28 9 0 31
1188 4 16 18 7
1188 20 0 2 7
1188 19 9 10 55
1188 3 25 26 55
1194 28 31 2 61
1194 12 15 18 61
1194 18 0 0 13
1194 2 16 16 13
1194 12 7 26 85
1194 28 23 10 85
1194 3 5 6 37
1194 19 21 22 37
1200 12 0 12 75
1200 28 16 28 75
1200 4 26 27 27
1200 20 10 11 27
1200 1 5 14 3
1200 17 21 30 3
1200 30 4 7 51
1200 14 20 23 51
1206 2 25 4 5
1206 18 9 20 5
1206 30 19 29 53
1206 14 3 13 53
1206 28 9 2 29
1206 12 25 18 29
1206 13 29 0 77
1206 29 13 16 77
1212 28 29 25 84
1212 12 13 9 84
1212 27 8 2 36
1212 11 24 18 36
1212 7 4 31 12
1212 23 20 15 12
1212 23 7 22 60
1212 7 23 6 60
1218 14 31 2 59
1218 30 15 18 59
1218 5 30 24 11
1218 21 14 8 11
1218 24 1 8 83
1218 8 17 24 83
1218 20 11 24 35
1218 4 27 8 35
1224 3 12 30 72
1224 19 28 14 72
1224 16 15 11 24
1224 0 31 27 24
1224 16 30 15 0
1224 0 14 31 0
1224 19 17 7 48
1224 3 1 23 48
1230 3 13 24 28
1230 19 29 8 28
1230 9 10 9 76
1230 25 26 25 76
1230 17 30 31 52
1230 1 14 15 52
1230 28 14 16 4
1230 12 30 0 4
1236 15 24 22 94
1236 31 8 6 94
1236 7 5 0 46
1236 23 21 16 46
1236 16 10 14 22
1236 0 26 30 22
1236 16 30 0 70
1236 0 14 16 70
1242 1 21 7 2
1242 17 5 23 2
1242 7 0 3 50
1242 23 16 19 50
1242 28 11 30 26
1242 12 27 14 26
1242 0 4 16 74
1242 16 20 0 74
1248 0 18 30 84
1248 16 2 14 84
1248 9 29 18 36
1248 25 13 2 36
1248 30 3 8 12
1248 14 19 24 12
1248 16 6 20 60
1248 0 22 4 60
1254 4 24 18 77
1254 20 8 2 77
1254 28 1 10 29
1254 12 17 26 29
1254 18 23 26 5
1254 2 7 10 5
1254 15 15 10 53
1254 31 31 26 53
1260 8 15 17 15
1260 24 31 1 15
1260 24 22 3 63
1260 8 6 19 63
1260 26 29 2 39
1260 10 13 18 39
1260 14 14 9 87
1260 30 30 25 87
1266 13 10 12 4
1266 29 26 28 4
1266 28 13 15 52
1266 12 29 31 52
1266 29 26 8 28
1266 13 10 24 28
1266 11 11 27 76
1266 27 27 11 76
1272 4 8 3 1
1272 20 24 19 1
1272 8 16 16 49
1272 24 0 0 49
1272 16 19 18 25
1272 0 3 2 25
1272 30 29 27 73
1272 14 13 11 73
1278 22 28 20 78
1278 6 12 4 78
1278 28 19 31 30
1278 12 3 15 30
1278 20 12 5 6
1278 4 28 21 6
1278 30 26 23 54
1278 14 10 7 54
1284 27 19 10 34
1284 11 3 26 34
1284 26 30 16 82
1284 10 14 0 82
1284 28 3 22 58
1284 12 19 6 58
1284 26 13 4 10
1284 10 29 20 10
1290 6 23 16 60
1290 22 7 0 60
1290 0 10 14 12
1290 16 26 30 12
1290 0 2 5 84
1290 16 18 21 84
1290 12 0 30 36
1290 28 16 14 36
1296 25 18 11 59
1296 9 2 27 59
1296 28 3 16 11
1296 12 19 0 11
1296 0 19 27 83
1296 16 3 11 83
1296 17 13 6 35
1296 1 29 22 35
1302 29 10 24 50
1302 13 26 8 50
1302 15 13 5 2
1302 31 29 21 2
1302 19 26 22 74
1302 3 10 6 74
1302 9 11 6 26
1302 25 27 22 26
1308 9 31 16 17
1308 25 15 0 17
1308 6 31 31 65
1308 22 15 15 65
1308 27 7 25 41
1308 11 23 9 41
1308 11 24 20 89
1308 27 8 4 89
1314 30 18 3 68
1314 14 2 19 68
1314 29 9 12 20
1314 13 25 28 20
1314 19 9 8 92
1314 3 25 24 92
1314 12 20 22 44
1314 28 4 6 44
1320 20 4 16 26
1320 4 20 0 26
1320 0 6 3 74
1320 16 22 19 74
1320 24 3 5 50
1320 8 19 21 50
1320 18 12 1 2
1320 2 28 17 2
1326 11 14 25 59
1326 27 30 9 59
1326 21 18 3 11
1326 5 2 19 11
1326 22 24 30 83
1326 6 8 14 83
1326 14 12 22 35
1326 30 28 6 35
1332 9 18 10 33
1332 25 2 26 33
1332 27 10 13 81
1332 11 26 29 81
1332 2 30 22 57
1332 18 14 6 57
1332 7 14 6 9
1332 23 30 22 9
1338 9 12 19 43
1338 25 28 3 43
1338 30 27 21 91
1338 14 11 5 91
1338 28 14 15 67
1338 12 30 31 67
1338 0 16 9 19
1338 16 0 25 19
1344 10 20 22 74
1344 26 4 6 74
1344 20 17 3 26
1344 4 1 19 26
1344 28 22 23 2
1344 12 6 7 2
1344 25 14 6 50
1344 9 30 22 50
1350 11 17 17 59
1350 27 1 1 59
1350 29 29 9 11
1350 13 13 25 11
1350 31 11 19 83
1350 15 27 3 83
1350 19 30 10 35
1350 3 14 26 35
1356 1 21 31 3
1356 17 5 15 3
1356 16 11 20 51
1356 0 27 4 51
1356 12 14 11 27
1356 28 30 27 27
1356 17 29 3 75
1356 1 13 19 75
1362 3 20 25 72
1362 19 4 9 72
1362 13 14 16 24
1362 29 30 0 24
1362 29 12 24 0
1362 13 28 8 0
1362 20 4 23 48
1362 4 20 7 48
1368 4 0 16 79
1368 20 16 0 79
1368 13 25 18 31
1368 29 9 2 31
1368 27 16 4 7
1368 11 0 20 7
1368 12 27 13 55
1368 28 11 29 55
1374 3 6 28 20
1374 19 22 12 20
1374 22 1 4 68
1374 6 17 20 68
1374 2 8 0 44
1374 18 24 16 44
1374 20 30 21 92
1374 4 14 5 92
1380 9 26 17 13
1380 25 10 1 13
1380 6 19 20 61
1380 22 3 4 61
1380 24 2 19 37
1380 8 18 3 37
1380 9 21 13 85
1380 25 5 29 85
1386 7 25 13 83
1386 23 9 29 83
1386 8 26 26 35
1386 24 10 10 35
1386 7 3 3 11
1386 23 19 19 11
1386 3 23 4 59
1386 19 7 20 59
1392 27 16 26 64
1392 11 0 10 64
1392 11 8 12 16
1392 27 24 28 16
1392 26 24 29 88
1392 10 8 13 88
1392 25 8 17 40
1392 9 24 1 40
1398 0 19 12 21
1398 16 3 28 21
1398 14 5 21 69
1398 30 21 5 69
1398 19 5 1 45
1398 3 21 17 45
1398 3 26 11 93
1398 19 10 27 93
1404 6 21 6 81
1404 22 5 22 81
1404 12 2 12 33
1404 28 18 28 33
1404 12 1 4 9
1404 28 17 20 9
1404 24 15 26 57
1404 8 31 10 57
1410 4 6 7 43
1410 20 22 23 43
1410 24 15 13 91
1410 8 31 29 91
1410 24 16 17 67
1410 8 0 1 67
1410 21 21 15 19
1410 5 5 31 19
1416 7 27 0 38
1416 23 11 16 38
1416 20 10 29 86
1416 4 26 13 86
1416 25 19 25 62
1416 9 3 9 62
1416 19 1 8 14
1416 3 17 24 14
1422 26 22 17 7
1422 10 6 1 7
1422 1 18 6 55
1422 17 2 22 55
1422 26 15 8 31
1422 10 31 24 31
1422 9 22 6 79
1422 25 6 22 79
1428 20 18 20 57
1428 4 2 4 57
1428 3 9 3 9
1428 19 25 19 9
1428 15 17 19 81
1428 31 1 3 81
1428 0 11 30 33
1428 16 27 14 33
1434 10 31 1 84
1434 26 15 17 84
1434 12 28 1 36
1434 28 12 17 36
1434 27 26 5 12
1434 11 10 21 12
1434 28 18 10 60
1434 12 2 26 60
1440 6 24 10 71
1440 22 8 26 71
1440 11 7 27 23
1440 27 23 11 23
1440 11 5 4 95
1440 27 21 20 95
1440 31 19 15 47
1440 15 3 31 47
1446 15 30 6 35
1446 31 14 22 35
1446 6 25 1 83
1446 22 9 17 83
1446 4 30 29 59
1446 20 14 13 59
1446 29 10 26 11
1446 13 26 10 11
1452 25 22 2 55
1452 9 6 18 55
1452 6 7 28 7
1452 22 23 12 7
1452 15 4 5 79
1452 31 20 21 79
1452 1 24 11 31
1452 17 8 27 31
1458 15 14 19 46
1458 31 30 3 46
1458 2 20 11 94
1458 18 4 27 94
1458 16 6 11 70
1458 0 22 27 70
1458 12 29 17 22
1458 28 13 1 22
1464 15 18 25 6
1464 31 2 9 6
1464 29 18 9 54
1464 13 2 25 54
1464 23 1 22 30
1464 7 17 6 30
1464 2 0 9 78
1464 18 16 25 78
1470 2 9 12 4
1470 18 25 28 4
1470 13 3 7 52
1470 29 19 23 52
1470 11 18 1 28
1470 27 2 17 28
1470 31 9 26 76
1470 15 25 10 76
1476 1 8 21 59
1476 17 24 5 59
1476 24 14 2 11
1476 8 30 18 11
1476 4 14 19 83
1476 20 30 3 83
1476 9 17 30 35
1476 25 1 14 35
1482 16 18 24 85
1482 0 2 8 85
1482 10 25 16 37
1482 26 9 0 37
1482 1 0 13 13
1482 17 16 29 13
1482 1 18 10 61
1482 17 2 26 61
1488 20 10 18 64
1488 4 26 2 64
1488 23 23 22 16
1488 7 7 6 16
1488 19 9 24 88
1488 3 25 8 88
1488 9 27 19 40
1488 25 11 3 40
1494 25 7 21 61
1494 9 23 5 61
1494 5 12 31 13
1494 21 28 15 13
1494 2 26 9 85
1494 18 10 25 85
1494 17 18 5 37
1494 1 2 21 37
1500 7 11 15 43
1500 23 27 31 43
1500 24 31 31 91
1500 8 15 15 91
1500 20 7 24 67
1500 4 23 8 67
1500 20 21 3 19
1500 4 5 19 19
1506 7 25 17 64
1506 23 9 1 64
1506 21 0 1 16
1506 5 16 17 16
1506 19 4 15 88
1506 3 20 31 88
1506 26 12 4 40
1506 10 28 20 40
1512 21 22 21 61
1512 5 6 5 61
1512 15 24 8 13
1512 31 8 24 13
1512 10 27 31 85
1512 26 11 15 85
1512 13 30 3 37
1512 29 14 19 37
1518 14 6 29 30
1518 30 22 13 30
1518 6 29 18 78
1518 22 13 2 78
1518 31 22 28 54
1518 15 6 12 54
1518 31 22 27 6
1518 15 6 11 6
1524 27 26 30 75
1524 11 10 14 75
1524 9 26 19 27
1524 25 10 3 27
1524 9 21 19 3
1524 25 5 3 3
1524 19 5 20 51
1524 3 21 4 51
1530 29 28 17 47
1530 13 12 1 47
1530 9 24 27 95
1530 25 8 11 95
1530 20 14 17 71
1530 4 30 1 71
1530 25 1 4 23
1530 9 17 20 23
1536 10 29 9 94
1536 26 13 25 94
1536 31 29 15 46
1536 15 13 31 46
1536 10 15 2 22
1536 26 31 18 22
1536 19 24 6 70
1536 3 8 22 70
1542 15 0 12 79
1542 31 16 28 79
1542 14 6 7 31
1542 30 22 23 31
1542 23 23 10 7
1542 7 7 26 7
1542 1 25 9 55
1542 17 9 25 55
1548 10 17 30 14
1548 26 1 14 14
1548 18 26 4 62
1548 2 10 20 62
1548 5 14 5 38
1548 21 30 21 38
1548 23 20 14 86
1548 7 4 30 86
1554 28 10 18 23
1554 12 26 2 23
1554 27 13 8 71
1554 11 29 24 71
1554 15 19 14 47
1554 31 3 30 47
1554 4 13 7 95
1554 20 29 23 95
1560 20 19 12 10
1560 4 3 28 10
1560 30 21 25 58
1560 14 5 9 58
1560 7 3 11 34
1560 23 19 27 34
1560 27 8 9 82
1560 11 24 25 82
1566 17 17 7 4
1566 1 1 23 4
1566 31 24 22 52
1566 15 8 6 52
1566 18 18 22 28
1566 2 2 6 28
1566 16 9 0 76
1566 0 25 16 76
1572 1 21 3 63
1572 17 5 19 63
1572 17 11 12 15
1572 1 27 28 15
1572 15 11 4 87
1572 31 27 20 87
1572 6 17 23 39
1572 22 1 7 39
1578 22 7 16 34
1578 6 23 0 34
1578 31 9 6 82
1578 15 25 22 82
1578 23 21 24 58
1578 7 5 8 58
1578 18 30 5 10
1578 2 14 21 10
1584 16 27 25 89
1584 0 11 9 89
1584 11 24 9 41
1584 27 8 25 41
1584 15 20 28 17
1584 31 4 12 17
1584 29 19 1 65
1584 13 3 17 65
1590 14 2 21 55
1590 30 18 5 55
1590 17 17 2 7
1590 1 1 18 7
1590 3 3 31 79
1590 19 19 15 79
1590 28 29 6 31
1590 12 13 22 31
1596 3 14 7 93
1596 19 30 23 93
1596 0 15 18 45
1596 16 31 2 45
1596 27 0 21 21
1596 11 16 5 21
1596 24 25 15 69
1596 8 9 31 69
1602 8 3 17 51
1602 24 19 1 51
1602 19 6 14 3
1602 3 22 30 3
1602 5 27 8 75
1602 21 11 24 75
1602 26 14 1 27
1602 10 30 17 27
1608 20 26 6 93
1608 4 10 22 93
1608 18 9 24 45
1608 2 25 8 45
1608 11 1 29 21
1608 27 17 13 21
1608 17 30 15 69
1608 1 14 31 69
1614 12 7 25 56
1614 28 23 9 56
1614 8 11 14 8
1614 24 27 30 8
1614 1 19 4 80
1614 17 3 20 80
1614 10 22 9 32
1614 26 6 25 32
1620 4 29 4 32
1620 20 13 20 32
1620 30 12 27 80
1620 14 28 11 80
1620 29 8 23 56
1620 13 24 7 56
1620 20 15 22 8
1620 4 31 6 8
1626 1 19 28 49
1626 17 3 12 49
1626 13 26 26 1
1626 29 10 10 1
1626 18 6 20 73
1626 2 22 4 73
1626 18 28 24 25
1626 2 12 8 25
1632 29 15 10 59
1632 13 31 26 59
1632 18 4 1 11
1632 2 20 17 11
1632 0 17 0 83
1632 16 1 16 83
1632 19 9 31 35
1632 3 25 15 35
1638 30 25 4 66
1638 14 9 20 66
1638 19 21 17 18
1638 3 5 1 18
1638 20 6 18 90
1638 4 22 2 90
1638 0 14 5 42
1638 16 30 21 42
1644 10 7 23 28
1644 26 23 7 28
1644 14 10 16 76
1644 30 26 0 76
1644 10 11 23 52
1644 26 27 7 52
1644 18 31 19 4
1644 2 15 3 4
1650 0 17 7 62
1650 16 1 23 62
1650 17 21 10 14
1650 1 5 26 14
1650 28 27 28 86
1650 12 11 12 86
1650 7 5 1 38
1650 23 21 17 38
1656 19 5 29 33
1656 3 21 13 33
1656 3 11 25 81
1656 19 27 9 81
1656 14 0 22 57
1656 30 16 6 57
1656 7 17 31 9
1656 23 1 15 9
1662 17 23 2 49
1662 1 7 18 49
1662 20 11 24 1
1662 4 27 8 1
1662 7 26 23 73
1662 23 10 7 73
1662 27 30 4 25
1662 11 14 20 25
1668 0 6 14 6
1668 16 22 30 6
1668 14 29 25 54
1668 30 13 9 54
1668 26 4 18 30
1668 10 20 2 30
1668 22 21 29 78
1668 6 5 13 78
1674 21 2 31 4
1674 5 18 15 4
1674 25 0 16 52
1674 9 16 0 52
1674 15 17 14 28
1674 31 1 30 28
1674 3 25 31 76
1674 19 9 15 76
1680 3 21 9 35
1680 19 5 25 35
1680 9 12 22 83
1680 25 28 6 83
1680 2 30 20 59
1680 18 14 4 59
1680 28 28 8 11
1680 12 12 24 11
1686 12 19 27 52
1686 28 3 11 52
1686 4 9 26 4
1686 20 25 10 4
1686 29 27 16 76
1686 13 11 0 76
1686 27 8 19 28
1686 11 24 3 28
1692 29 28 27 55
1692 13 12 11 55
1692 20 31 17 7
1692 4 15 1 7
1692 21 18 28 79
1692 5 2 12 79
1692 17 10 21 31
1692 1 26 5 31
1698 7 14 3 49
1698 23 30 19 49
1698 14 19 20 1
1698 30 3 4 1
1698 29 28 12 73
1698 13 12 28 73
1698 3 9 9 25
1698 19 25 25 25
1704 13 9 10 69
1704 29 25 26 69
1704 23 12 8 21
1704 7 28 24 21
1704 9 8 1 93
1704 25 24 17 93
1704 22 7 29 45
1704 6 23 13 45
1710 31 9 17 6
1710 15 25 1 6
1710 28 31 8 54
1710 12 15 24 54
1710 19 17 31 30
1710 3 1 15 30
1710 29 23 16 78
1710 13 7 0 78
1716 14 21 25 41
1716 30 5 9 41
1716 28 27 8 89
1716 12 11 24 89
1716 30 2 22 65
1716 14 18 6 65
1716 20 5 3 17
1716 4 21 19 17
1722 31 0 29 39
1722 15 16 13 39
1722 20 14 10 87
1722 4 30 26 87
1722 19 18 17 63
1722 3 2 1 63
1722 28 19 20 15
1722 12 3 4 15
1728 19 1 17 21
1728 3 17 1 21
1728 6 12 8 69
1728 22 28 24 69
1728 21 21 29 45
1728 5 5 13 45
1728 9 30 21 93
1728 25 14 5 93
1734 13 8 10 51
1734 29 24 26 51
1734 5 16 25 3
1734 21 0 9 3
1734 21 24 11 75
1734 5 8 27 75
1734 9 10 9 27
1734 25 26 25 27
1740 26 12 27 89
1740 10 28 11 89
1740 17 17 13 41
1740 1 1 29 41
1740 23 26 2 17
1740 7 10 18 17
1740 18 1 23 65
1740 2 17 7 65
1746 19 18 19 4
1746 3 2 3 4
1746 22 23 6 52
1746 6 7 22 52
1746 18 1 26 28
1746 2 17 10 28
1746 13 8 6 76
1746 29 24 22 76
1752 1 25 5 88
1752 17 9 21 88
1752 28 16 14 40
1752 12 0 30 40
1752 24 24 7 16
1752 8 8 23 16
1752 16 12 29 64
1752 0 28 13 64
1758 27 28 13 14
1758 11 12 29 14
1758 12 1 6 62
1758 28 17 22 62
1758 28 25 6 38
1758 12 9 22 38
1758 30 17 9 86
1758 14 1 25 86
1764 19 22 12 94
1764 3 6 28 94
1764 9 3 18 46
1764 25 19 2 46
1764 17 28 25 22
1764 1 12 9 22
1764 26 25 13 70
1764 10 9 29 70
1770 16 4 20 23
1770 0 20 4 23
1770 1 9 5 71
1770 17 25 21 71
1770 7 18 22 47
1770 23 2 6 47
1770 10 29 9 95
1770 26 13 25 95
1776 29 7 29 16
1776 13 23 13 16
1776 19 6 2 64
1776 3 22 18 64
1776 25 22 10 40
1776 9 6 26 40
1776 10 6 16 88
1776 26 22 0 88
1782 25 24 18 53
1782 9 8 2 53
1782 5 6 2 5
1782 21 22 18 5
1782 30 26 9 77
1782 14 10 25 77
1782 21 8 19 29
1782 5 24 3 29
1788 25 27 19 46
1788 9 11 3 46
1788 11 16 6 94
1788 27 0 22 94
1788 22 28 15 70
1788 6 12 31 70
1788 0 7 1 22
1788 16 23 17 22
1794 18 23 24 11
1794 2 7 8 11
1794 23 22 21 59
1794 7 6 5 59
1794 27 14 29 35
1794 11 30 13 35
1794 9 26 16 83
1794 25 10 0 83
1800 20 10 7 39
1800 4 26 23 39
1800 29 15 6 87
1800 13 31 22 87
1800 29 16 9 63
1800 13 0 25 63
1800 28 3 22 15
1800 12 19 6 15
1806 27 19 29 23
1806 11 3 13 23
1806 26 18 9 71
1806 10 2 25 71
1806 30 12 9 47
1806 14 28 25 47
1806 1 24 15 95
1806 17 8 31 95
1812 21 20 13 40
1812 5 4 29 40
1812 18 2 12 88
1812 2 18 28 88
1812 28 17 25 64
1812 12 1 9 64
1812 26 27 13 16
1812 10 11 29 16
1818 8 31 7 23
1818 24 15 23 23
1818 13 3 7 71
1818 29 19 23 71
1818 31 16 21 47
1818 15 0 5 47
1818 4 16 7 95
1818 20 0 23 95
1824 21 29 9 15
1824 5 13 25 15
1824 27 5 23 63
1824 11 21 7 63
1824 8 2 27 39
1824 24 18 11 39
1824 21 28 3 87
1824 5 12 19 87
1830 1 26 28 52
1830 17 10 12 52
1830 0 4 1 4
1830 16 20 17 4
1830 31 16 12 76
1830 15 0 28 76
1830 17 26 22 28
1830 1 10 6 28
1836 23 0 28 29
1836 7 16 12 29
1836 12 23 30 77
1836 28 7 14 77
1836 8 4 7 53
1836 24 20 23 53
1836 9 28 8 5
1836 25 12 24 5
1842 2 28 2 20
1842 18 12 18 20
1842 22 10 22 68
1842 6 26 6 68
1842 4 8 29 44
1842 20 24 13 44
1842 2 22 27 92
1842 18 6 11 92
1848 1 10 3 62
1848 17 26 19 62
1848 5 19 9 14
1848 21 3 25 14
1848 31 19 10 86
1848 15 3 26 86
1848 31 8 29 38
1848 15 24 13 38
1854 4 16 27 73
1854 20 0 11 73
1854 4 10 15 25
1854 20 26 31 25
1854 16 17 31 1
1854 0 1 15 1
1854 12 2 9 49
1854 28 18 25 49
1860 3 8 2 81
1860 19 24 18 81
1860 14 29 8 33
1860 30 13 24 33
1860 0 4 26 9
1860 16 20 10 9
1860 16 2 24 57
1860 0 18 8 57
1866 11 5 18 30
1866 27 21 2 30
1866 9 3 1 78
1866 25 19 17 78
1866 19 29 8 54
1866 3 13 24 54
1866 24 22 17 6
1866 8 6 1 6
1872 31 23 0 13
1872 15 7 16 13
1872 31 7 14 61
1872 15 23 30 61
1872 21 3 10 37
1872 5 19 26 37
1872 17 30 24 85
1872 1 14 8 85
1878 2 14 7 72
1878 18 30 23 72
1878 19 5 23 24
1878 3 21 7 24
1878 24 4 9 0
1878 8 20 25 0
1878 28 31 6 48
1878 12 15 22 48
1884 7 10 29 22
1884 23 26 13 22
1884 4 7 27 70
1884 20 23 11 70
1884 17 4 21 46
1884 1 20 5 46
1884 0 29 26 94
1884 16 13 10 94
1890 3 2 4 30
1890 19 18 20 30
1890 19 24 16 78
1890 3 8 0 78
1890 1 15 15 54
1890 17 31 31 54
1890 19 9 10 6
1890 3 25 26 6
1896 0 4 19 74
1896 16 20 3 74
1896 19 5 14 26
1896 3 21 30 26
1896 10 7 14 2
1896 26 23 30 2
1896 19 25 28 50
1896 3 9 12 50
1902 10 5 19 26
1902 26 21 3 26
1902 15 21 23 74
1902 31 5 7 74
1902 0 11 20 50
1902 16 27 4 50
1902 2 27 20 2
1902 18 11 4 2
1908 26 0 10 5
1908 10 16 26 5
1908 3 0 12 53
1908 19 16 28 53
1908 20 19 26 29
1908 4 3 10 29
1908 0 15 3 77
1908 16 31 19 77
1914 12 20 30 24
1914 28 4 14 24
1914 9 11 3 72
1914 25 27 19 72
1914 14 12 15 48
1914 30 28 31 48
1914 12 20 19 0
1914 28 4 3 0
1920 27 29 29 14
1920 11 13 13 14
1920 13 20 31 62
1920 29 4 15 62
1920 30 14 12 38
1920 14 30 28 38
1920 22 22 18 86
1920 6 6 2 86
1926 11 8 30 92
1926 27 24 14 92
1926 1 0 25 44
1926 17 16 9 44
1926 6 29 15 20
1926 22 13 31 20
1926 26 24 25 68
1926 10 8 9 68
1932 26 26 4 16
1932 10 10 20 16
1932 3 29 31 64
1932 19 13 15 64
1932 30 31 18 40
1932 14 15 2 40
1932 23 14 26 88
1932 7 30 10 88
1938 18 25 12 24
1938 2 9 28 24
1938 24 28 12 72
1938 8 12 28 72
1938 29 29 5 48
1938 13 13 21 48
1938 21 17 26 0
1938 5 1 10 0
1944 17 16 6 64
1944 1 0 22 64
1944 29 17 11 16
1944 13 1 27 16
1944 9 5 22 88
1944 25 21 6 88
1944 5 16 27 40
1944 21 0 11 40
1950 7 25 26 80
1950 23 9 10 80
1950 22 24 11 32
1950 6 8 27 32
1950 23 14 27 8
1950 7 30 11 8
1950 24 0 12 56
1950 8 16 28 56
1956 11 3 11 86
1956 27 19 27 86
1956 11 19 4 38
1956 27 3 20 38
1956 27 20 4 14
1956 11 4 20 14
1956 6 2 1 62
1956 22 18 17 62
1962 30 17 17 28
1962 14 1 1 28
1962 29 10 22 76
1962 13 26 6 76
1962 25 10 17 52
1962 9 26 1 52
1962 30 17 26 4
1962 14 1 10 4
1968 22 24 16 25
1968 6 8 0 25
1968 0 22 22 73
1968 16 6 6 73
1968 7 3 17 49
1968 23 19 1 49
1968 9 25 5 1
1968 25 9 21 1
1974 1 29 30 74
1974 17 13 14 74
1974 1 10 6 26
1974 17 26 22 26
1974 15 30 7 2
1974 31 14 23 2
1974 30 29 3 50
1974 14 13 19 50
1980 21 6 28 79
1980 5 22 12 79
1980 14 20 28 31
1980 30 4 12 31
1980 24 18 4 7
1980 8 2 20 7
1980 8 11 1 55
1980 24 27 17 55
1986 13 31 11 38
1986 29 15 27 38
1986 30 7 16 86
1986 14 23 0 86
1986 14 30 15 62
1986 30 14 31 62
1986 16 20 31 14
1986 0 4 15 14
1992 4 3 26 33
1992 20 19 10 33
1992 27 19 15 81
1992 11 3 31 81
1992 29 0 2 57
1992 13 16 18 57
1992 28 5 10 9
1992 12 21 26 9
1998 19 1 25 56
1998 3 17 9 56
1998 7 14 9 8
1998 23 30 25 8
1998 13 17 30 80
1998 29 1 14 80
1998 0 0 7 32
1998 16 16 23 32
2004 19 26 16 14
2004 3 10 0 14
2004 18 10 25 62
2004 2 26 9 62
2004 22 11 17 38
2004 6 27 1 38
2004 14 19 3 86
2004 30 3 19 86
2010 0 16 29 40
2010 16 0 13 40
2010 15 2 0 88
2010 31 18 16 88
2010 20 9 2 64
2010 4 25 18 64
2010 27 17 14 16
2010 11 1 30 16
2016 14 1 18 90
2016 30 17 2 90
2016 16 20 11 42
2016 0 4 27 42
2016 27 12 15 18
2016 11 28 31 18
2016 0 26 5 66
2016 16 10 21 66
2022 2 4 13 58
2022 18 20 29 58
2022 13 28 9 10
2022 29 12 25 10
2022 29 17 26 82
2022 13 1 10 82
2022 3 14 5 34
2022 19 30 21 34
2028 7 5 19 80
2028 23 21 3 80
2028 23 26 21 32
2028 7 10 5 32
2028 29 31 21 8
2028 13 15 5 8
2028 9 29 18 56
2028 25 13 2 56
2034 25 3 21 30
2034 9 19 5 30
2034 17 23 1 78
2034 1 7 17 78
2034 1 0 15 54
2034 17 16 31 54
2034 18 5 1 6
2034 2 21 17 6
2040 12 14 11 73
2040 28 30 27 73
2040 4 22 22 25
2040 20 6 6 25
2040 2 16 7 1
2040 18 0 23 1
2040 21 12 17 49
2040 5 28 1 49
2046 20 21 15 43
2046 4 5 31 43
2046 14 5 16 91
2046 30 21 0 91
2046 4 9 18 67
2046 20 25 2 67
2046 0 28 24 19
2046 16 12 8 19
2052 4 26 22 52
2052 20 10 6 52
2052 27 30 26 4
2052 11 14 10 4
2052 6 2 17 76
2052 22 18 1 76
2052 24 22 23 28
2052 8 6 7 28
2058 26 2 31 43
2058 10 18 15 43
2058 30 26 1 91
2058 14 10 17 91
2058 0 18 5 67
2058 16 2 21 67
2058 29 16 15 19
2058 13 0 31 19
2064 0 13 24 60
2064 16 29 8 60
2064 23 13 21 12
2064 7 29 5 12
2064 18 9 2 84
2064 2 25 18 84
2064 25 2 23 36
2064 9 18 7 36
2070 20 19 10 3
2070 4 3 26 3
2070 22 20 3 51
2070 6 4 19 51
2070 12 14 29 27
2070 28 30 13 27
2070 28 29 3 75
2070 12 13 19 75
2076 26 27 23 91
2076 10 11 7 91
2076 28 20 5 43
2076 12 4 21 43
2076 24 29 4 19
2076 8 13 20 19
2076 19 18 8 67
2076 3 2 24 67
2082 6 3 30 8
2082 22 19 14 8
2082 6 5 20 56
2082 22 21 4 56
2082 20 23 1 32
2082 4 7 17 32
2082 2 20 3 80
2082 18 4 19 80
2088 0 9 14 71
2088 16 25 30 71
2088 13 16 0 23
2088 29 0 16 23
2088 29 30 10 95
2088 13 14 26 95
2088 15 8 15 47
2088 31 24 31 47
2094 6 28 7 13
2094 22 12 23 13
2094 10 16 8 61
2094 26 0 24 61
2094 3 13 28 37
2094 19 29 12 37
2094 30 26 3 85
2094 14 10 19 85
2100 21 0 19 67
2100 5 16 3 67
2100 9 16 0 19
2100 25 0 16 19
2100 10 19 19 91
2100 26 3 3 91
2100 13 18 21 43
2100 29 2 5 43
2106 30 23 20 13
2106 14 7 4 13
2106 24 18 7 61
2106 8 2 23 61
2106 18 28 7 37
2106 2 12 23 37
2106 21 4 19 85
2106 5 20 3 85
2112 12 31 9 56
2112 28 15 25 56
2112 24 31 23 8
2112 8 15 7 8
2112 18 9 1 80
2112 2 25 17 80
2112 13 0 3 32
2112 29 16 19 32
2118 25 21 15 79
2118 9 5 31 79
2118 18 15 31 31
2118 2 31 15 31
2118 22 0 14 7
2118 6 16 30 7
2118 25 11 6 55
2118 9 27 22 55
2124 2 23 24 38
2124 18 7 8 38
2124 29 22 30 86
2124 13 6 14 86
2124 30 24 3 62
2124 14 8 19 62
2124 9 18 10 14
2124 25 2 26 14
2130 17 31 9 55
2130 1 15 25 55
2130 1 15 25 7
2130 17 31 9 7
2130 14 11 19 79
2130 30 27 3 79
2130 30 23 20 31
2130 14 7 4 31
2136 1 26 21 47
2136 17 10 5 47
2136 30 11 4 95
2136 14 27 20 95
2136 10 28 3 71
2136 26 12 19 71
2136 9 11 27 23
2136 25 27 11 23
2142 10 21 2 31
2142 26 5 18 31
2142 0 20 28 79
2142 16 4 12 79
2142 14 15 1 55
2142 30 31 17 55
2142 4 25 7 7
2142 20 9 23 7
2148 10 16 15 11
2148 26 0 31 11
2148 20 7 1 59
2148 4 23 17 59
2148 15 31 8 35
2148 31 15 24 35
2148 0 26 13 83
2148 16 10 29 83
2154 25 27 20 95
2154 9 11 4 95
2154 12 20 11 47
2154 28 4 27 47
2154 9 22 14 23
2154 25 6 30 23
2154 29 2 0 71
2154 13 18 16 71
2160 25 18 16 10
2160 9 2 0 10
2160 16 21 17 58
2160 0 5 1 58
2160 6 19 24 34
2160 22 3 8 34
2160 11 18 23 82
2160 27 2 7 82
2166 11 0 24 60
2166 27 16 8 60
2166 11 5 4 12
2166 27 21 20 12
2166 18 5 8 84
2166 2 21 24 84
2166 8 1 21 36
2166 24 17 5 36
2172 3 2 9 35
2172 19 18 25 35
2172 29 21 3 83
2172 13 5 19 83
2172 1 13 30 59
2172 17 29 14 59
2172 19 17 8 11
2172 3 1 24 11
2178 19 19 1 3
2178 3 3 17 3
2178 24 29 13 51
2178 8 13 29 51
2178 3 2 10 27
2178 19 18 26 27
2178 29 24 29 75
2178 13 8 13 75
2184 3 1 29 17
2184 19 17 13 17
2184 24 9 20 65
2184 8 25 4 65
2184 29 11 13 41
2184 13 27 29 41
2184 13 12 17 89
2184 29 28 1 89
2190 24 31 0 53
2190 8 15 16 53
2190 28 25 6 5
2190 12 9 22 5
2190 21 0 21 77
2190 5 16 5 77
2190 24 3 23 29
2190 8 19 7 29
2196 14 31 19 82
2196 30 15 3 82
2196 18 9 14 34
2196 2 25 30 34
2196 29 26 30 10
2196 13 10 14 10
2196 24 25 4 58
2196 8 9 20 58
2202 8 3 20 67
2202 24 19 4 67
2202 16 28 6 19
2202 0 12 22 19
2202 3 11 23 91
2202 19 27 7 91
2202 26 2 3 43
2202 10 18 19 43
2208 20 5 12 36
2208 4 21 28 36
2208 11 4 0 84
2208 27 20 16 84
2208 4 21 27 60
2208 20 5 11 60
2208 8 16 19 12
2208 24 0 3 12
2214 13 31 19 46
2214 29 15 3 46
2214 22 0 6 94
2214 6 16 22 94
2214 14 24 23 70
2214 30 8 7 70
2214 30 24 14 22
2214 14 8 30 22
2220 7 15 8 81
2220 23 31 24 81
2220 14 20 22 33
2220 30 4 6 33
2220 10 4 12 9
2220 26 20 28 9
2220 23 24 14 57
2220 7 8 30 57
2226 26 28 12 56
2226 10 12 28 56
2226 30 7 15 8
2226 14 23 31 8
2226 22 24 20 80
2226 6 8 4 80
2226 2 31 1 32
2226 18 15 17 32
2232 11 12 16 7
2232 27 28 0 7
2232 8 25 14 55
2232 24 9 30 55
2232 16 8 19 31
2232 0 24 3 31
2232 1 10 21 79
2232 17 26 5 79
2238 25 16 26 12
2238 9 0 10 12
2238 21 0 4 60
2238 5 16 20 60
2238 26 20 21 36
2238 10 4 5 36
2238 10 7 21 84
2238 26 23 5 84
2244 23 16 31 93
2244 7 0 15 93
2244 23 17 11 45
2244 7 1 27 45
2244 26 23 18 21
2244 10 7 2 21
2244 19 17 19 69
2244 3 1 3 69
2250 15 9 1 23
2250 31 25 17 23
2250 12 13 1 71
2250 28 29 17 71
2250 25 13 16 47
2250 9 29 0 47
2250 21 8 0 95
2250 5 24 16 95
2256 3 5 30 70
2256 19 21 14 70
2256 24 13 2 22
2256 8 29 18 22
2256 25 7 15 94
2256 9 23 31 94
2256 14 17 29 46
2256 30 1 13 46
2262 22 23 16 1
2262 6 7 0 1
2262 23 24 29 49
2262 7 8 13 49
2262 10 16 23 25
2262 26 0 7 25
2262 3 22 21 73
2262 19 6 5 73
2268 11 16 1 47
2268 27 0 17 47
2268 1 12 5 95
2268 17 28 21 95
2268 18 8 24 71
2268 2 24 8 71
2268 16 30 16 23
2268 0 14 0 23
2274 20 25 10 12
2274 4 9 26 12
2274 27 17 6 60
2274 11 1 22 60
2274 22 28 13 36
2274 6 12 29 36
2274 13 22 13 84
2274 29 6 29 84
2280 17 9 13 19
2280 1 25 29 19
2280 6 8 31 67
2280 22 24 15 67
2280 29 14 4 43
2280 13 30 20 43
2280 29 12 23 91
2280 13 28 7 91
2286 10 31 21 8
2286 26 15 5 8
2286 21 20 31 56
2286 5 4 15 56
2286 8 5 7 32
2286 24 21 23 32
2286 16 21 31 80
2286 0 5 15 80
2292 12 3 0 15
2292 28 19 16 15
2292 10 8 12 63
2292 26 24 28 63
2292 6 11 19 39
2292 22 27 3 39
2292 22 23 31 87
2292 6 7 15 87
2298 20 19 18 70
2298 4 3 2 70
2298 5 26 24 22
2298 21 10 8 22
2298 25 0 23 94
2298 9 16 7 94
2298 24 8 19 46
2298 8 24 3 46
2304 30 29 31 41
2304 14 13 15 41
2304 10 15 18 89
2304 26 31 2 89
2304 9 20 3 65
2304 25 4 19 65
2304 7 24 18 17
2304 23 8 2 17
2310 17 16 31 22
2310 1 0 15 22
2310 1 26 1 70
2310 17 10 17 70
2310 24 2 0 46
2310 8 18 16 46
2310 22 19 6 94
2310 6 3 22 94
2316 25 4 0 12
2316 9 20 16 12
2316 16 22 16 60
2316 0 6 0 60
2316 11 8 12 36
2316 27 24 28 36
2316 10 23 25 84
2316 26 7 9 84
2322 5 17 28 79
2322 21 1 12 79
2322 23 20 17 31
2322 7 4 1 31
2322 15 18 9 7
2322 31 2 25 7
2322 25 22 7 55
2322 9 6 23 55
2328 31 3 6 73
2328 15 19 22 73
2328 15 31 29 25
2328 31 15 13 25
2328 5 22 5 1
2328 21 6 21 1
2328 2 26 6 49
2328 18 10 22 49
2334 12 21 2 80
2334 28 5 18 80
2334 12 13 1 32
2334 28 29 17 32
2334 31 22 8 8
2334 15 6 24 8
2334 26 19 0 56
2334 10 3 16 56
2340 15 24 4 92
2340 31 8 20 92
2340 9 19 15 44
2340 25 3 31 44
2340 10 27 27 20
2340 26 11 11 20
2340 1 12 11 68
2340 17 28 27 68
2346 1 25 8 57
2346 17 9 24 57
2346 28 22 18 9
2346 12 6 2 9
2346 23 13 21 81
2346 7 29 5 81
2346 4 22 11 33
2346 20 6 27 33
2352 5 10 11 45
2352 21 26 27 45
2352 24 21 8 93
2352 8 5 24 93
2352 28 10 8 69
2352 12 26 24 69
2352 0 15 14 21
2352 16 31 30 21
2358 28 4 14 88
2358 12 20 30 88
2358 24 0 29 40
2358 8 16 13 40
2358 30 23 29 16
2358 14 7 13 16
2358 13 20 19 64
2358 29 4 3 64
2364 31 31 26 64
2364 15 15 10 64
2364 22 28 4 16
2364 6 12 20 16
2364 27 4 21 88
2364 11 20 5 88
2364 15 22 23 40
2364 31 6 7 40
2370 12 20 20 51
2370 28 4 4 51
2370 3 20 31 3
2370 19 4 15 3
2370 17 19 28 75
2370 1 3 12 75
2370 19 18 19 27
2370 3 2 3 27
2376 4 22 21 50
2376 20 6 5 50
2376 29 6 7 2
2376 13 22 23 2
2376 27 9 1 74
2376 11 25 17 74
2376 24 28 17 26
2376 8 12 1 26
2382 28 18 24 30
2382 12 2 8 30
2382 13 1 3 78
2382 29 17 19 78
2382 10 29 23 54
2382 26 13 7 54
2382 20 7 7 6
2382 4 23 23 6
2388 26 23 0 53
2388 10 7 16 53
2388 5 24 8 5
2388 21 8 24 5
2388 2 19 11 77
2388 18 3 27 77
2388 7 9 19 29
2388 23 25 3 29
2394 23 1 9 53
2394 7 17 25 53
2394 29 6 8 5
2394 13 22 24 5
2394 26 15 26 77
2394 10 31 10 77
2394 22 2 17 29
2394 6 18 1 29
2400 17 11 31 40
2400 1 27 15 40
2400 31 24 29 88
2400 15 8 13 88
2400 6 21 12 64
2400 22 5 28 64
2400 17 20 20 16
2400 1 4 4 16
2406 20 9 28 28
2406 4 25 12 28
2406 30 12 29 76
2406 14 28 13 76
2406 7 17 13 52
2406 23 1 29 52
2406 1 12 30 4
2406 17 28 14 4
2412 0 26 11 1
2412 16 10 27 1
2412 14 4 3 49
2412 30 20 19 49
2412 17 23 5 25
2412 1 7 21 25
2412 6 12 12 73
2412 22 28 28 73
2418 21 14 12 52
2418 5 30 28 52
2418 19 23 27 4
2418 3 7 11 4
2418 28 6 5 76
2418 12 22 21 76
2418 28 4 15 28
2418 12 20 31 28
2424 25 22 20 57
2424 9 6 4 57
2424 23 16 16 9
2424 7 0 0 9
2424 30 22 26 81
2424 14 6 10 81
2424 4 16 30 33
2424 20 0 14 33
2430 3 18 18 69
2430 19 2 2 69
2430 31 16 15 21
2430 15 0 31 21
2430 24 7 20 93
2430 8 23 4 93
2430 23 3 6 45
2430 7 19 22 45
2436 1 26 4 15
2436 17 10 20 15
2436 24 3 7 63
2436 8 19 23 63
2436 0 16 22 39
2436 16 0 6 39
2436 13 0 2 87
2436 29 16 18 87
2442 13 13 24 24
2442 29 29 8 24
2442 21 5 1 72
2442 5 21 17 72
2442 0 15 18 48
2442 16 31 2 48
2442 27 11 1 0
2442 11 27 17 0
2448 1 1 22 76
2448 17 17 6 76
2448 15 30 16 28
2448 31 14 0 28
2448 19 15 11 4
2448 3 31 27 4
2448 29 21 18 52
2448 13 5 2 52
2454 19 12 21 25
2454 3 28 5 25
2454 14 13 9 73
2454 30 29 25 73
2454 7 20 7 49
2454 23 4 23 49
2454 22 26 1 1
2454 6 10 17 1
2460 3 22 23 49
2460 19 6 7 49
2460 6 28 30 1
2460 22 12 14 1
2460 11 4 1 73
2460 27 20 17 73
2460 7 16 5 25
2460 23 0 21 25
2466 19 16 15 57
2466 3 0 31 57
2466 23 1 4 9
2466 7 17 20 9
2466 17 7 29 81
2466 1 23 13 81
2466 26 11 18 33
2466 10 27 2 33
2472 14 3 15 35
2472 30 19 31 35
2472 3 20 9 83
2472 19 4 25 83
2472 27 25 5 59
2472 11 9 21 59
2472 19 7 14 11
2472 3 23 30 11
2478 11 20 14 23
2478 27 4 30 23
2478 16 31 9 71
2478 0 15 25 71
2478 26 12 13 47
2478 10 28 29 47
2478 28 18 9 95
2478 12 2 25 95
2484 25 4 28 80
2484 9 20 12 80
2484 17 21 9 32
2484 1 5 25 32
2484 29 23 13 8
2484 13 7 29 8
2484 8 6 13 56
2484 24 22 29 56
2490 27 31 6 82
2490 11 15 22 82
2490 22 5 0 34
2490 6 21 16 34
2490 2 31 28 10
2490 18 15 12 10
2490 14 6 4 58
2490 30 22 20 58
2496 31 23 20 48
2496 15 7 4 48
2496 25 15 17 0
2496 9 31 1 0
2496 11 20 9 72
2496 27 4 25 72
2496 3 9 23 24
2496 19 25 7 24
2502 22 17 23 2
2502 6 1 7 2
2502 30 25 10 50
2502 14 9 26 50
2502 17 13 2 26
2502 1 29 18 26
2502 15 28 13 74
2502 31 12 29 74
2508 27 10 3 86
2508 11 26 19 86
2508 18 22 26 38
2508 2 6 10 38
2508 21 8 9 14
2508 5 24 25 14
2508 1 12 18 62
2508 17 28 2 62
2514 1 31 28 5
2514 17 15 12 5
2514 22 16 31 53
2514 6 0 15 53
2514 1 12 14 29
2514 17 28 30 29
2514 13 27 6 77
2514 29 11 22 77
2520 27 14 3 21
2520 11 30 19 21
2520 10 3 26 69
2520 26 19 10 69
2520 15 25 15 45
2520 31 9 31 45
2520 28 5 8 93
2520 12 21 24 93
2526 27 6 22 21
2526 11 22 6 21
2526 22 23 20 69
2526 6 7 4 69
2526 8 16 8 45
2526 24 0 24 45
2526 14 8 3 93
2526 30 24 19 93
2532 0 19 24 39
2532 16 3 8 39
2532 6 1 4 87
2532 22 17 20 87
2532 21 4 27 63
2532 5 20 11 63
2532 31 19 18 15
2532 15 3 2 15
2538 31 24 20 13
2538 15 8 4 13
2538 9 8 7 61
2538 25 24 23 61
2538 20 11 3 37
2538 4 27 19 37
2538 28 19 15 85
2538 12 3 31 85
2544 31 28 28 39
2544 15 12 12 39
2544 16 2 3 87
2544 0 18 19 87
2544 6 30 29 63
2544 22 14 13 63
2544 26 0 4 15
2544 10 16 20 15
2550 10 27 10 17
2550 26 11 26 17
2550 0 11 3 65
2550 16 27 19 65
2550 23 8 16 41
2550 7 24 0 41
2550 6 17 29 89
2550 22 1 13 89
2556 28 5 2 81
2556 12 21 18 81
2556 8 8 17 33
2556 24 24 1 33
2556 9 1 6 9
2556 25 17 22 9
2556 9 26 12 57
2556 25 10 28 57
2562 22 25 26 12
2562 6 9 10 12
2562 27 10 29 60
2562 11 26 13 60
2562 13 9 2 36
2562 29 25 18 36
2562 18 31 15 84
2562 2 15 31 84
2568 16 24 14 17
2568 0 8 30 17
2568 21 19 4 65
2568 5 3 20 65
2568 1 25 13 41
2568 17 9 29 41
2568 5 11 25 89
2568 21 27 9 89
2574 23 3 5 7
2574 7 19 21 7
2574 9 16 13 55
2574 25 0 29 55
2574 28 9 3 31
2574 12 25 19 31
2574 7 16 4 79
2574 23 0 20 79
2580 28 2 26 26
2580 12 18 10 26
2580 17 28 19 74
2580 1 12 3 74
2580 10 23 13 50
2580 26 7 29 50
2580 3 19 3 2
2580 19 3 19 2
2586 0 17 14 87
2586 16 1 30 87
2586 22 8 20 39
2586 6 24 4 39
2586 23 8 27 15
2586 7 24 11 15
2586 23 14 12 63
2586 7 30 28 63
2592 6 26 31 33
2592 22 10 15 33
2592 15 28 16 81
2592 31 12 0 81
2592 26 10 29 57
2592 10 26 13 57
2592 0 24 3 9
2592 16 8 19 9
2598 5 25 11 14
2598 21 9 27 14
2598 28 21 30 62
2598 12 5 14 62
2598 20 19 10 38
2598 4 3 26 38
2598 31 11 17 86
2598 15 27 1 86
2604 10 0 0 88
2604 26 16 16 88
2604 20 26 13 40
2604 4 10 29 40
2604 31 17 1 16
2604 15 1 17 16
2604 15 30 13 64
2604 31 14 29 64
2610 3 28 14 33
2610 19 12 30 33
2610 21 9 13 81
2610 5 25 29 81
2610 21 11 26 57
2610 5 27 10 57
2610 26 4 1 9
2610 10 20 17 9
2616 25 5 9 4
2616 9 21 25 4
2616 5 30 12 52
2616 21 14 28 52
2616 31 31 31 28
2616 15 15 15 28
2616 29 31 27 76
2616 13 15 11 76
2622 17 1 8 74
2622 1 17 24 74
2622 18 2 21 26
2622 2 18 5 26
2622 17 10 1 2
2622 1 26 17 2
2622 2 18 6 50
2622 18 2 22 50
2628 7 26 19 43
2628 23 10 3 43
2628 26 10 31 91
2628 10 26 15 91
2628 11 6 15 67
2628 27 22 31 67
2628 4 30 4 19
2628 20 14 20 19
2634 23 17 25 58
2634 7 1 9 58
2634 20 25 16 10
2634 4 9 0 10
2634 29 12 1 82
2634 13 28 17 82
2634 5 29 25 34
2634 21 13 9 34
2640 30 29 25 74
2640 14 13 9 74
2640 0 1 28 26
2640 16 17 12 26
2640 27 27 1 2
2640 11 11 17 2
2640 24 20 1 50
2640 8 4 17 50
2646 15 16 13 56
2646 31 0 29 56
2646 22 28 5 8
2646 6 12 21 8
2646 17 6 9 80
2646 1 22 25 80
2646 3 7 25 32
2646 19 23 9 32
2652 0 5 5 8
2652 16 21 21 8
2652 25 18 28 56
2652 9 2 12 56
2652 31 8 0 32
2652 15 24 16 32
2652 31 17 21 80
2652 15 1 5 80
2658 6 13 22 5
2658 22 29 6 5
2658 26 22 13 53
2658 10 6 29 53
2658 29 31 25 29
2658 13 15 9 29
2658 16 16 30 77
2658 0 0 14 77
2664 6 3 3 7
2664 22 19 19 7
2664 22 0 21 55
2664 6 16 5 55
2664 18 17 24 31
2664 2 1 8 31
2664 10 27 27 79
2664 26 11 11 79
2670 15 1 16 5
2670 31 17 0 5
2670 25 3 10 53
2670 9 19 26 53
2670 27 12 18 29
2670 11 28 2 29
2670 31 14 15 77
2670 15 30 31 77
2676 16 13 20 69
2676 0 29 4 69
2676 9 6 6 21
2676 25 22 22 21
2676 6 1 19 93
2676 22 17 3 93
2676 5 7 2 45
2676 21 23 18 45
2682 14 13 3 12
2682 30 29 19 12
2682 3 15 31 60
2682 19 31 15 60
2682 14 0 0 36
2682 30 16 16 36
2682 12 6 27 84
2682 28 22 11 84
2688 0 3 4 37
2688 16 19 20 37
2688 0 15 24 85
2688 16 31 8 85
2688 3 8 23 61
2688 19 24 7 61
2688 5 27 13 13
2688 21 11 29 13
2694 22 8 27 43
2694 6 24 11 43
2694 11 21 23 91
2694 27 5 7 91
2694 22 13 14 67
2694 6 29 30 67
2694 2 17 7 19
2694 18 1 23 19
2700 2 20 29 87
2700 18 4 13 87
2700 25 13 23 39
2700 9 29 7 39
2700 24 4 14 15
2700 8 20 30 15
2700 7 7 0 63
2700 23 23 16 63
2706 20 14 30 53
2706 4 30 14 53
2706 27 23 7 5
2706 11 7 23 5
2706 5 21 31 77
2706 21 5 15 77
2706 10 8 26 29
2706 26 24 10 29
2712 31 24 29 39
2712 15 8 13 39
2712 13 31 6 87
2712 29 15 22 87
2712 0 24 31 63
2712 16 8 15 63
2712 27 0 6 15
2712 11 16 22 15
2718 3 19 23 62
2718 19 3 7 62
2718 14 3 17 14
2718 30 19 1 14
2718 20 6 17 86
2718 4 22 1 86
2718 11 20 4 38
2718 27 4 20 38
2724 16 30 30 5
2724 0 14 14 5
2724 21 9 6 53
2724 5 25 22 53
2724 25 8 8 29
2724 9 24 24 29
2724 22 18 30 77
2724 6 2 14 77
2730 8 12 19 13
2730 24 28 3 13
2730 25 3 3 61
2730 9 19 19 61
2730 19 12 12 37
2730 3 28 28 37
2730 28 27 5 85
2730 12 11 21 85
2736 7 3 23 73
2736 23 19 7 73
2736 18 23 11 25
2736 2 7 27 25
2736 13 29 17 1
2736 29 13 1 1
2736 31 8 9 49
2736 15 24 25 49
2742 21 4 8 95
2742 5 20 24 95
2742 16 16 16 47
2742 0 0 0 47
2742 29 2 31 23
2742 13 18 15 23
2742 7 29 30 71
2742 23 13 14 71
2748 27 18 28 75
2748 11 2 12 75
2748 6 19 24 27
2748 22 3 8 27
2748 29 18 6 3
2748 13 2 22 3
2748 2 27 6 51
2748 18 11 22 51
2754 29 16 13 60
2754 13 0 29 60
2754 4 19 20 12
2754 20 3 4 12
2754 13 22 2 84
2754 29 6 18 84
2754 16 14 17 36
2754 0 30 1 36
2760 9 26 2 8
2760 25 10 18 8
2760 17 20 9 56
2760 1 4 25 56
2760 14 9 29 32
2760 30 25 13 32
2760 28 22 21 80
2760 12 6 5 80
2766 1 1 20 85
2766 17 17 4 85
2766 31 9 2 37
2766 15 25 18 37
2766 30 24 13 13
2766 14 8 29 13
2766 31 0 24 61
2766 15 16 8 61
2772 22 2 20 63
2772 6 18 4 63
2772 8 5 21 15
2772 24 21 5 15
2772 17 24 10 87
2772 1 8 26 87
2772 4 22 5 39
2772 20 6 21 39
2778 14 24 24 69
2778 30 8 8 69
2778 26 18 18 21
2778 10 2 2 21
2778 8 11 2 93
2778 24 27 18 93
2778 21 5 11 45
2778 5 21 27 45
2784 4 19 22 81
2784 20 3 6 81
2784 25 27 25 33
2784 9 11 9 33
2784 26 17 11 9
2784 10 1 27 9
2784 11 30 15 57
2784 27 14 31 57
2790 16 16 20 15
2790 0 0 4 15
2790 7 21 28 63
2790 23 5 12 63
2790 31 9 7 39
2790 15 25 23 39
2790 3 0 12 87
2790 19 16 28 87
2796 3 14 31 8
2796 19 30 15 8
2796 8 0 20 56
2796 24 16 4 56
2796 13 31 3 32
2796 29 15 19 32
2796 17 26 7 80
2796 1 10 23 80
2802 17 26 19 14
2802 1 10 3 14
2802 31 27 28 62
2802 15 11 12 62
2802 3 5 13 38
2802 19 21 29 38
2802 10 17 31 86
2802 26 1 15 86
2808 23 2 28 71
2808 7 18 12 71
2808 28 2 12 23
2808 12 18 28 23
2808 10 14 25 95
2808 26 30 9 95
2808 27 3 18 47
2808 11 19 2 47
2814 19 26 30 78
2814 3 10 14 78
2814 28 27 6 30
2814 12 11 22 30
2814 3 4 25 6
2814 19 20 9 6
2814 19 5 5 54
2814 3 21 21 54
2820 9 24 20 87
2820 25 8 4 87
2820 30 2 0 39
2820 14 18 16 39
2820 25 0 20 15
2820 9 16 4 15
2820 22 22 22 63
2820 6 6 6 63
2826 13 29 19 3
2826 29 13 3 3
2826 9 6 6 51
2826 25 22 22 51
2826 30 13 20 27
2826 14 29 4 27
2826 16 20 4 75
2826 0 4 20 75
2832 22 29 13 81
2832 6 13 29 81
2832 0 8 23 33
2832 16 24 7 33
2832 21 24 21 9
2832 5 8 5 9
2832 12 15 16 57
2832 28 31 0 57
2838 6 27 31 50
2838 22 11 15 50
2838 17 14 20 2
2838 1 30 4 2
2838 17 17 31 74
2838 1 1 15 74
2838 7 6 20 26
2838 23 22 4 26
2844 15 11 9 32
2844 31 27 25 32
2844 13 8 9 80
2844 29 24 25 80
2844 5 12 22 56
2844 21 28 6 56
2844 4 29 4 8
2844 20 13 20 8
2850 24 16 0 73
2850 8 0 16 73
2850 11 19 23 25
2850 27 3 7 25
2850 29 1 22 1
2850 13 17 6 1
2850 11 24 11 49
2850 27 8 27 49
2856 7 14 24 89
2856 23 30 8 89
2856 12 20 19 41
2856 28 4 3 41
2856 13 22 19 17
2856 29 6 3 17
2856 6 29 24 65
2856 22 13 8 65
2862 25 4 9 70
2862 9 20 25 70
2862 26 15 1 22
2862 10 31 17 22
2862 1 2 4 94
2862 17 18 20 94
2862 0 5 19 46
2862 16 21 3 46
2868 20 9 26 61
2868 4 25 10 61
2868 21 17 19 13
2868 5 1 3 13
2868 19 0 31 85
2868 3 16 15 85
2868 13 12 21 37
2868 29 28 5 37
2874 28 2 15 59
2874 12 18 31 59
2874 30 24 14 11
2874 14 8 30 11
2874 3 21 28 83
2874 19 5 12 83
2874 2 1 12 35
2874 18 17 28 35
2880 31 10 12 43
2880 15 26 28 43
2880 30 4 28 91
2880 14 20 12 91
2880 9 10 29 67
2880 25 26 13 67
2880 22 5 8 19
2880 6 21 24 19
2886 11 18 19 74
2886 27 2 3 74
2886 17 8 20 26
2886 1 24 4 26
2886 4 11 15 2
2886 20 27 31 2
2886 0 21 26 50
2886 16 5 10 50
2892 21 12 11 95
2892 5 28 27 95
2892 4 27 10 47
2892 20 11 26 47
2892 22 9 30 23
2892 6 25 14 23
2892 12 20 8 71
2892 28 4 24 71
2898 24 8 28 45
2898 8 24 12 45
2898 27 31 24 93
2898 11 15 8 93
2898 17 16 25 69
2898 1 0 9 69
2898 12 10 1 21
2898 28 26 17 21
2904 24 28 19 89
2904 8 12 3 89
2904 24 21 16 41
2904 8 5 0 41
2904 15 28 13 17
2904 31 12 29 17
2904 30 19 31 65
2904 14 3 15 65
2910 22 7 18 82
2910 6 23 2 82
2910 31 30 9 34
2910 15 14 25 34
2910 6 2 26 10
2910 22 18 10 10
2910 17 22 30 58
2910 1 6 14 58
2916 11 9 12 75
2916 27 25 28 75
2916 12 31 31 27
2916 28 15 15 27
2916 23 13 27 3
2916 7 29 11 3
2916 1 9 31 51
2916 17 25 15 51
2922 24 1 22 48
2922 8 17 6 48
2922 15 22 18 0
2922 31 6 2 0
2922 4 20 15 72
2922 20 4 31 72
2922 19 29 26 24
2922 3 13 10 24
2928 2 21 1 72
2928 18 5 17 72
2928 5 27 26 24
2928 21 11 10 24
2928 0 29 14 0
2928 16 13 30 0
2928 0 30 3 48
2928 16 14 19 48
2934 15 18 31 32
2934 31 2 15 32
2934 12 13 18 80
2934 28 29 2 80
2934 19 13 20 56
2934 3 29 4 56
2934 16 23 31 8
2934 0 7 15 8
2940 13 11 1 63
2940 29 27 17 63
2940 23 8 27 15
2940 7 24 11 15
2940 15 31 22 87
2940 31 15 6 87
2940 18 20 21 39
2940 2 4 5 39
2946 2 20 9 8
2946 18 4 25 8
2946 23 8 15 56
2946 7 24 31 56
2946 14 7 30 32
2946 30 23 14 32
2946 1 24 24 80
2946 17 8 8 80
2952 6 12 18 42
2952 22 28 2 42
2952 31 0 18 90
2952 15 16 2 90
2952 9 6 7 66
2952 25 22 23 66
2952 27 9 4 18
2952 11 25 20 18
2958 5 8 19 91
2958 21 24 3 91
2958 22 1 13 43
2958 6 17 29 43
2958 21 9 5 19
2958 5 25 21 19
2958 15 28 31 67
2958 31 12 15 67
2964 27 25 4 40
2964 11 9 20 40
2964 30 28 29 88
2964 14 12 13 88
2964 16 24 16 64
2964 0 8 0 64
2964 4 29 19 16
2964 20 13 3 16
2970 30 19 14 31
2970 14 3 30 31
2970 8 31 9 79
2970 24 15 25 79
2970 17 0 4 55
2970 1 16 20 55
2970 19 17 29 7
2970 3 1 13 7
2976 21 16 16 9
2976 5 0 0 9
2976 30 12 1 57
2976 14 28 17 57
2976 29 3 23 33
2976 13 19 7 33
2976 0 7 25 81
2976 16 23 9 81
2982 7 1 12 66
2982 23 17 28 66
2982 30 31 25 18
2982 14 15 9 18
2982 12 19 0 90
2982 28 3 16 90
2982 30 27 28 42
2982 14 11 12 42
2988 23 6 24 21
2988 7 22 8 21
2988 26 30 2 69
2988 10 14 18 69
2988 23 28 1 45
2988 7 12 17 45
2988 0 18 25 93
2988 16 2 9 93
2994 11 19 21 87
2994 27 3 5 87
2994 26 12 14 39
2994 10 28 30 39
2994 25 27 3 15
2994 9 11 19 15
2994 8 28 5 63
2994 24 12 21 63
3000 17 16 14 70
3000 1 0 30 70
3000 6 16 8 22
3000 22 0 24 22
3000 25 22 11 94
3000 9 6 27 94
3000 13 2 11 46
3000 29 18 27 46
3006 17 12 3 5
3006 1 28 19 5
3006 26 23 0 53
3006 10 7 16 53
3006 9 28 24 29
3006 25 12 8 29
3006 0 13 11 77
3006 16 29 27 77
3012 11 11 3 50
3012 27 27 19 50
3012 6 15 9 2
3012 22 31 25 2
3012 5 7 14 74
3012 21 23 30 74
3012 9 24 11 26
3012 25 8 27 26
3018 11 10 15 91
3018 27 26 31 91
3018 10 2 4 43
3018 26 18 20 43
3018 24 9 1 19
3018 8 25 17 19
3018 11 30 7 67
3018 27 14 23 67
3024 12 11 0 17
3024 28 27 16 17
3024 25 29 7 65
3024 9 13 23 65
3024 11 17 3 41
3024 27 1 19 41
3024 30 17 13 89
3024 14 1 29 89
3030 4 10 17 17
3030 20 26 1 17
3030 20 25 26 65
3030 4 9 10 65
3030 23 26 17 41
3030 7 10 1 41
3030 5 22 2 89
3030 21 6 18 89
3036 3 16 4 42
3036 19 0 20 42
3036 2 18 11 90
3036 18 2 27 90
3036 25 14 19 66
3036 9 30 3 66
3036 1 13 26 18
3036 17 29 10 18
3042 9 16 14 53
3042 25 0 30 53
3042 26 19 28 5
3042 10 3 12 5
3042 4 13 24 77
3042 20 29 8 77
3042 11 16 15 29
3042 27 0 31 29
3048 20 30 24 35
3048 4 14 8 35
3048 20 9 8 83
3048 4 25 24 83
3048 13 5 7 59
3048 29 21 23 59
3048 28 17 22 11
3048 12 1 6 11
3054 15 31 13 5
3054 31 15 29 5
3054 2 26 4 53
3054 18 10 20 53
3054 3 15 9 29
3054 19 31 25 29
3054 4 1 7 77
3054 20 17 23 77
3060 15 31 14 57
3060 31 15 30 57
3060 1 11 20 9
3060 17 27 4 9
3060 6 11 16 81
3060 22 27 0 81
3060 17 1 26 33
3060 1 17 10 33
3066 18 1 11 26
3066 2 17 27 26
3066 10 14 6 74
3066 26 30 22 74
3066 17 24 11 50
3066 1 8 27 50
3066 17 19 21 2
3066 1 3 5 2
3072 30 27 7 48
3072 14 11 23 48
3072 1 14 29 0
3072 17 30 13 0
3072 30 21 1 72
3072 14 5 17 72
3072 1 9 0 24
3072 17 25 16 24
3078 30 2 27 59
3078 14 18 11 59
3078 4 16 11 11
3078 20 0 27 11
3078 21 10 12 83
3078 5 26 28 83
3078 19 24 17 35
3078 3 8 1 35
3084 28 10 17 76
3084 12 26 1 76
3084 17 17 31 28
3084 1 1 15 28
3084 5 29 18 4
3084 21 13 2 4
3084 26 23 21 52
3084 10 7 5 52
3090 7 24 15 76
3090 23 8 31 76
3090 27 14 6 28
3090 11 30 22 28
3090 21 13 7 4
3090 5 29 23 4
3090 19 31 19 52
3090 3 15 3 52
3096 5 15 15 80
3096 21 31 31 80
3096 10 11 10 32
3096 26 27 26 32
3096 31 0 1 8
3096 15 16 17 8
3096 29 7 25 56
3096 13 23 9 56
3102 12 19 28 76
3102 28 3 12 76
3102 22 7 2 28
3102 6 23 18 28
3102 11 28 27 4
3102 27 12 11 4
3102 21 0 12 52
3102 5 16 28 52
3108 7 20 2 79
3108 23 4 18 79
3108 19 2 28 31
3108 3 18 12 31
3108 27 18 5 7
3108 11 2 21 7
3108 11 4 3 55
3108 27 20 19 55
3114 4 7 1 38
3114 20 23 17 38
3114 27 15 10 86
3114 11 31 26 86
3114 12 10 27 62
3114 28 26 11 62
3114 9 11 14 14
3114 25 27 30 14
3120 1 15 17 81
3120 17 31 1 81
3120 11 11 24 33
3120 27 27 8 33
3120 7 7 16 9
3120 23 23 0 9
3120 29 13 5 57
3120 13 29 21 57
3126 21 31 8 69
3126 5 15 24 69
3126 7 19 6 21
3126 23 3 22 21
3126 27 28 9 93
3126 11 12 25 93
3126 11 23 13 45
3126 27 7 29 45
3132 31 12 9 90
3132 15 28 25 90
3132 23 29 9 42
3132 7 13 25 42
3132 16 17 11 18
3132 0 1 27 18
3132 18 8 4 66
3132 2 24 20 66
3138 9 24 8 8
3138 25 8 24 8
3138 24 9 26 56
3138 8 25 10 56
3138 20 1 11 32
3138 4 17 27 32
3138 31 2 23 80
3138 15 18 7 80
3144 11 29 23 9
3144 27 13 7 9
3144 25 23 29 57
3144 9 7 13 57
3144 3 30 7 33
3144 19 14 23 33
3144 12 5 11 81
3144 28 21 27 81
3150 9 22 27 24
3150 25 6 11 24
3150 18 2 31 72
3150 2 18 15 72
3150 6 9 16 48
3150 22 25 0 48
3150 6 14 26 0
3150 22 30 10 0
3156 1 15 27 16
3156 17 31 11 16
3156 24 13 10 64
3156 8 29 26 64
3156 14 7 0 40
3156 30 23 16 40
3156 10 23 15 88
3156 26 7 31 88
3162 18 31 9 74
3162 2 15 25 74
3162 10 30 22 26
3162 26 14 6 26
3162 29 7 26 2
3162 13 23 10 2
3162 30 28 21 50
3162 14 12 5 50
3168 20 17 8 81
3168 4 1 24 81
3168 3 23 25 33
3168 19 7 9 33
3168 31 15 6 9
3168 15 31 22 9
3168 7 8 10 57
3168 23 24 26 57
3174 29 19 16 92
3174 13 3 0 92
3174 13 28 15 44
3174 29 12 31 44
3174 21 20 17 20
3174 5 4 1 20
3174 30 9 25 68
3174 14 25 9 68
3180 24 11 4 10
3180 8 27 20 10
3180 27 4 9 58
3180 11 20 25 58
3180 28 4 24 34
3180 12 20 8 34
3180 2 23 27 82
3180 18 7 11 82
3186 24 20 15 9
3186 8 4 31 9
3186 25 3 10 57
3186 9 19 26 57
3186 11 25 31 33
3186 27 9 15 33
3186 21 27 1 81
3186 5 11 17 81
3192 28 7 13 45
3192 12 23 29 45
3192 2 8 3 93
3192 18 24 19 93
3192 22 30 0 69
3192 6 14 16 69
3192 25 17 10 21
3192 9 1 26 21
3198 10 0 13 25
3198 26 16 29 25
3198 11 27 22 73
3198 27 11 6 73
3198 29 9 13 49
3198 13 25 29 49
3198 28 26 7 1
3198 12 10 23 1
3204 21 3 9 27
3204 5 19 25 27
3204 24 11 21 75
3204 8 27 5 75
3204 15 29 10 51
3204 31 13 26 51
3204 17 3 7 3
3204 1 19 23 3
3210 19 9 4 67
3210 3 25 20 67
3210 13 0 3 19
3210 29 16 19 19
3210 21 27 9 91
3210 5 11 25 91
3210 31 24 8 43
3210 15 8 24 43
3216 28 16 18 17
3216 12 0 2 17
3216 4 14 29 65
3216 20 30 13 65
3216 17 13 11 41
3216 1 29 27 41
3216 27 9 1 89
3216 11 25 17 89
3222 27 23 22 77
3222 11 7 6 77
3222 10 0 27 29
3222 26 16 11 29
3222 7 20 27 5
3222 23 4 11 5
3222 11 8 24 53
3222 27 24 8 53
3228 4 4 2 13
3228 20 20 18 13
3228 15 31 3 61
3228 31 15 19 61
3228 22 22 18 37
3228 6 6 2 37
3228 21 10 10 85
3228 5 26 26 85
3234 5 23 22 79
3234 21 7 6 79
3234 27 20 0 31
3234 11 4 16 31
3234 14 18 17 7
3234 30 2 1 7
3234 0 16 11 55
3234 16 0 27 55
3240 7 29 12 88
3240 23 13 28 88
3240 4 9 21 40
3240 20 25 5 40
3240 5 2 28 16
3240 21 18 12 16
3240 26 24 3 64
3240 10 8 19 64
3246 4 4 24 57
3246 20 20 8 57
3246 2 23 29 9
3246 18 7 13 9
3246 3 7 9 81
3246 19 23 25 81
3246 28 30 22 33
3246 12 14 6 33
3252 5 30 19 4
3252 21 14 3 4
3252 14 15 8 52
3252 30 31 24 52
3252 18 14 1 28
3252 2 30 17 28
3252 22 8 11 76
3252 6 24 27 76
3258 19 12 13 61
3258 3 28 29 61
3258 7 3 20 13
3258 23 19 4 13
3258 19 9 27 85
3258 3 25 11 85
3258 24 1 27 37
3258 8 17 11 37
3264 24 14 30 28
3264 8 30 14 28
3264 5 29 6 76
3264 21 13 22 76
3264 20 31 10 52
3264 4 15 26 52
3264 12 30 8 4
3264 28 14 24 4
3270 25 4 22 44
3270 9 20 6 44
3270 22 18 3 92
3270 6 2 19 92
3270 7 10 14 68
3270 23 26 30 68
3270 14 31 1 20
3270 30 15 17 20
3276 18 12 19 52
3276 2 28 3 52
3276 25 27 8 4
3276 9 11 24 4
3276 5 2 4 76
3276 21 18 20 76
3276 18 16 3 28
3276 2 0 19 28
3282 24 26 29 66
3282 8 10 13 66
3282 21 5 11 18
3282 5 21 27 18
3282 5 22 28 90
3282 21 6 12 90
3282 28 18 25 42
3282 12 2 9 42
3288 28 15 3 60
3288 12 31 19 60
3288 27 3 4 12
3288 11 19 20 12
3288 28 19 7 84
3288 12 3 23 84
3288 14 17 3 36
3288 30 1 19 36
3294 24 22 23 24
3294 8 6 7 24
3294 8 7 22 72
3294 24 23 6 72
3294 30 31 7 48
3294 14 15 23 48
3294 16 29 3 0
3294 0 13 19 0
3300 9 17 7 2
3300 25 1 23 2
3300 29 27 15 50
3300 13 11 31 50
3300 10 2 31 26
3300 26 18 15 26
3300 10 3 24 74
3300 26 19 8 74
3306 31 4 31 66
3306 15 20 15 66
3306 17 29 17 18
3306 1 13 1 18
3306 20 19 18 90
3306 4 3 2 90
3306 25 6 16 42
3306 9 22 0 42
3312 24 11 26 71
3312 8 27 10 71
3312 31 26 19 23
3312 15 10 3 23
3312 1 25 30 95
3312 17 9 14 95
3312 6 13 30 47
3312 22 29 14 47
3318 18 26 11 49
3318 2 10 27 49
3318 23 19 18 1
3318 7 3 2 1
3318 7 25 25 73
3318 23 9 9 73
3318 10 9 6 25
3318 26 25 22 25
3324 12 23 10 33
3324 28 7 26 33
3324 31 5 1 81
3324 15 21 17 81
3324 2 15 23 57
3324 18 31 7 57
3324 13 19 4 9
3324 29 3 20 9
3330 12 5 29 93
3330 28 21 13 93
3330 28 20 12 45
3330 12 4 28 45
3330 0 25 23 21
3330 16 9 7 21
3330 5 4 26 69
3330 21 20 10 69
3336 1 15 7 41
3336 17 31 23 41
3336 30 12 22 89
3336 14 28 6 89
3336 12 28 18 65
3336 28 12 2 65
3336 8 17 22 17
3336 24 1 6 17
3342 27 1 26 2
3342 11 17 10 2
3342 17 16 11 50
3342 1 0 27 50
3342 11 23 14 26
3342 27 7 30 26
3342 6 15 30 74
3342 22 31 14 74
3348 9 17 10 54
3348 25 1 26 54
3348 11 19 0 6
3348 27 3 16 6
3348 11 19 9 78
3348 27 3 25 78
3348 18 26 2 30
3348 2 10 18 30
3354 24 14 16 42
3354 8 30 0 42
3354 4 17 23 90
3354 20 1 7 90
3354 19 29 9 66
3354 3 13 25 66
3354 21 29 24 18
3354 5 13 8 18
3360 28 22 3 90
3360 12 6 19 90
3360 28 27 25 42
3360 12 11 9 42
3360 5 25 19 18
3360 21 9 3 18
3360 20 15 18 66
3360 4 31 2 66
3366 16 16 11 16
3366 0 0 27 16
3366 0 0 14 64
3366 16 16 30 64
3366 18 29 15 40
3366 2 13 31 40
3366 15 26 9 88
3366 31 10 25 88
3372 12 19 21 58
3372 28 3 5 58
3372 23 8 18 10
3372 7 24 2 10
3372 15 28 24 82
3372 31 12 8 82
3372 29 26 7 34
3372 13 10 23 34
3378 13 12 11 94
3378 29 28 27 94
3378 19 6 4 46
3378 3 22 20 46
3378 15 25 1 22
3378 31 9 17 22
3378 0 27 11 70
3378 16 11 27 70
3384 12 19 3 72
3384 28 3 19 72
3384 30 27 27 24
3384 14 11 11 24
3384 19 18 29 0
3384 3 2 13 0
3384 5 30 2 48
3384 21 14 18 48
3390 13 27 1 81
3390 29 11 17 81
3390 0 1 13 33
3390 16 17 29 33
3390 5 3 18 9
3390 21 19 2 9
3390 22 5 3 57
3390 6 21 19 57
3396 26 10 8 93
3396 10 26 24 93
3396 18 25 22 45
3396 2 9 6 45
3396 2 6 21 21
3396 18 22 5 21
3396 15 30 29 69
3396 31 14 13 69
3402 10 29 30 56
3402 26 13 14 56
3402 6 6 23 8
3402 22 22 7 8
3402 28 21 28 80
3402 12 5 12 80
3402 0 16 14 32
3402 16 0 30 32
3408 10 5 25 48
3408 26 21 9 48
3408 4 8 23 0
3408 20 24 7 0
3408 2 15 13 72
3408 18 31 29 72
3408 5 10 12 24
3408 21 26 28 24
3414 11 4 14 15
3414 27 20 30 15
3414 31 28 10 63
3414 15 12 26 63
3414 7 2 21 39
3414 23 18 5 39
3414 20 19 11 87
3414 4 3 27 87
3420 6 4 1 33
3420 22 20 17 33
3420 11 18 1 81
3420 27 2 17 81
3420 28 16 2 57
3420 12 0 18 57
3420 21 13 28 9
3420 5 29 12 9
3426 3 20 29 50
3426 19 4 13 50
3426 3 28 16 2
3426 19 12 0 2
3426 5 11 26 74
3426 21 27 10 74
3426 5 5 8 26
3426 21 21 24 26
3432 22 9 27 53
3432 6 25 11 53
3432 27 21 6 5
3432 11 5 22 5
3432 1 28 12 77
3432 17 12 28 77
3432 4 18 29 29
3432 20 2 13 29
3438 3 25 17 55
3438 19 9 1 55
3438 10 4 4 7
3438 26 20 20 7
3438 14 13 4 79
3438 30 29 20 79
3438 3 11 9 31
3438 19 27 25 31
3444 11 8 30 81
3444 27 24 14 81
3444 3 19 28 33
3444 19 3 12 33
3444 28 6 8 9
3444 12 22 24 9
3444 7 30 14 57
3444 23 14 30 57
3450 16 29 18 86
3450 0 13 2 86
3450 18 0 2 38
3450 2 16 18 38
3450 28 22 23 14
3450 12 6 7 14
3450 5 28 13 62
3450 21 12 29 62
3456 10 25 9 86
3456 26 9 25 86
3456 12 20 15 38
3456 28 4 31 38
3456 19 8 9 14
3456 3 24 25 14
3456 9 9 0 62
3456 25 25 16 62
3462 10 20 12 51
3462 26 4 28 51
3462 13 1 30 3
3462 29 17 14 3
3462 30 15 8 75
3462 14 31 24 75
3462 25 31 5 27
3462 9 15 21 27
3468 10 3 4 49
3468 26 19 20 49
3468 18 15 31 1
3468 2 31 15 1
3468 6 21 29 73
3468 22 5 13 73
3468 23 30 24 25
3468 7 14 8 25
3474 18 23 12 23
3474 2 7 28 23
3474 30 28 15 71
3474 14 12 31 71
3474 27 6 25 47
3474 11 22 9 47
3474 15 24 11 95
3474 31 8 27 95
3480 13 4 10 62
3480 29 20 26 62
3480 25 18 29 14
3480 9 2 13 14
3480 8 16 23 86
3480 24 0 7 86
3480 24 10 5 38
3480 8 26 21 38
3486 25 21 8 60
3486 9 5 24 60
3486 1 24 6 12
3486 17 8 22 12
3486 20 26 30 84
3486 4 10 14 84
3486 28 5 23 36
3486 12 21 7 36
3492 3 31 19 67
3492 19 15 3 67
3492 10 9 1 19
3492 26 25 17 19
3492 24 12 31 91
3492 8 28 15 91
3492 20 30 27 43
3492 4 14 11 43
3498 17 5 18 2
3498 1 21 2 2
3498 16 5 1 50
3498 0 21 17 50
3498 10 9 12 26
3498 26 25 28 26
3498 1 14 9 74
3498 17 30 25 74
3504 2 13 11 4
3504 18 29 27 4
3504 26 19 15 52
3504 10 3 31 52
3504 15 22 31 28
3504 31 6 15 28
3504 25 1 1 76
3504 9 17 17 76
3510 10 25 13 55
3510 26 9 29 55
3510 12 7 1 7
3510 28 23 17 7
3510 13 21 8 79
3510 29 5 24 79
3510 25 21 21 31
3510 9 5 5 31
3516 6 11 24 2
3516 22 27 8 2
3516 18 8 5 50
3516 2 24 21 50
3516 19 26 23 26
3516 3 10 7 26
3516 1 24 21 74
3516 17 8 5 74
3522 16 4 1 87
3522 0 20 17 87
3522 17 22 29 39
3522 1 6 13 39
3522 28 13 25 15
3522 12 29 9 15
3522 12 0 27 63
3522 28 16 11 63
3528 18 4 25 66
3528 2 20 9 66
3528 21 2 25 18
3528 5 18 9 18
3528 17 12 2 90
3528 1 28 18 90
3528 29 21 24 42
3528 13 5 8 42
3534 30 26 13 63
3534 14 10 29 63
3534 10 20 3 15
3534 26 4 19 15
3534 8 17 31 87
3534 24 1 15 87
3534 17 27 18 39
3534 1 11 2 39
3540 2 12 8 4
3540 18 28 24 4
3540 16 29 1 52
3540 0 13 17 52
3540 28 22 25 28
3540 12 6 9 28
3540 11 8 15 76
3540 27 24 31 76
3546 6 21 13 14
3546 22 5 29 14
3546 21 23 25 62
3546 5 7 9 62
3546 19 17 5 38
3546 3 1 21 38
3546 31 27 28 86
3546 15 11 12 86
3552 30 21 24 33
3552 14 5 8 33
3552 7 25 10 81
3552 23 9 26 81
3552 14 3 17 57
3552 30 19 1 57
3552 1 2 30 9
3552 17 18 14 9
3558 10 25 26 18
3558 26 9 10 18
3558 1 22 17 66
3558 17 6 1 66
3558 12 14 1 42
3558 28 30 17 42
3558 29 9 12 90
3558 13 25 28 90
3564 6 22 4 11
3564 22 6 20 11
3564 10 21 18 59
3564 26 5 2 59
3564 28 7 9 35
3564 12 23 25 35
3564 2 11 0 83
3564 18 27 16 83
3570 12 25 20 36
3570 28 9 4 36
3570 31 29 3 84
3570 15 13 19 84
3570 8 9 13 60
3570 24 25 29 60
3570 2 30 13 12
3570 18 14 29 12
3576 28 28 24 88
3576 12 12 8 88
3576 27 4 20 40
3576 11 20 4 40
3576 28 7 31 16
3576 12 23 15 16
3576 15 2 6 64
3576 31 18 22 64
3582 18 4 29 60
3582 2 20 13 60
3582 22 13 5 12
3582 6 29 21 12
3582 12 11 31 84
3582 28 27 15 84
3582 8 10 4 36
3582 24 26 20 36
3588 29 29 19 36
3588 13 13 3 36
3588 5 11 12 84
3588 21 27 28 84
3588 0 5 8 60
3588 16 21 24 60
3588 0 24 3 12
3588 16 8 19 12
3594 2 3 13 42
3594 18 19 29 42
3594 13 14 15 90
3594 29 30 31 90
3594 20 14 21 66
3594 4 30 5 66
3594 20 1 24 18
3594 4 17 8 18
3600 18 26 27 48
3600 2 10 11 48
3600 20 18 24 0
3600 4 2 8 0
3600 30 5 22 72
3600 14 21 6 72
3600 4 31 11 24
3600 20 15 27 24
3606 26 21 24 34
3606 10 5 8 34
3606 30 3 15 82
3606 14 19 31 82
3606 8 8 28 58
3606 24 24 12 58
3606 26 25 21 10
3606 10 9 5 10
3612 25 13 7 83
3612 9 29 23 83
3612 14 7 30 35
3612 30 23 14 35
3612 22 2 3 11
3612 6 18 19 11
3612 19 13 25 59
3612 3 29 9 59
3618 20 25 13 82
3618 4 9 29 82
3618 18 25 22 34
3618 2 9 6 34
3618 26 17 15 10
3618 10 1 31 10
3618 18 21 16 58
3618 2 5 0 58
3624 10 6 21 88
3624 26 22 5 88
3624 9 16 17 40
3624 25 0 1 40
3624 26 27 2 16
3624 10 11 18 16
3624 20 29 28 64
3624 4 13 12 64
3630 31 6 14 21
3630 15 22 30 21
3630 4 19 10 69
3630 20 3 26 69
3630 12 12 2 45
3630 28 28 18 45
3630 29 27 3 93
3630 13 11 19 93
3636 29 29 1 52
3636 13 13 17 52
3636 1 6 0 4
3636 17 22 16 4
3636 23 3 17 76
3636 7 19 1 76
3636 8 4 4 28
3636 24 20 20 28
3642 22 25 3 14
3642 6 9 19 14
3642 6 0 5 62
3642 22 16 21 62
3642 30 4 15 38
3642 14 20 31 38
3642 18 26 0 86
3642 2 10 16 86
3648 5 24 19 56
3648 21 8 3 56
3648 2 0 29 8
3648 18 16 13 8
3648 30 3 30 80
3648 14 19 14 80
3648 1 28 12 32
3648 17 12 28 32
3654 19 16 4 49
3654 3 0 20 49
3654 6 12 29 1
3654 22 28 13 1
3654 24 19 24 73
3654 8 3 8 73
3654 8 21 30 25
3654 24 5 14 25
3660 9 15 23 76
3660 25 31 7 76
3660 13 6 10 28
3660 29 22 26 28
3660 31 30 17 4
3660 15 14 1 4
3660 23 1 13 52
3660 7 17 29 52
3666 3 20 29 45
3666 19 4 13 45
3666 30 30 30 93
3666 14 14 14 93
3666 23 2 28 69
3666 7 18 12 69
3666 11 2 29 21
3666 27 18 13 21
3672 20 24 8 56
3672 4 8 24 56
3672 21 27 20 8
3672 5 11 4 8
3672 3 17 11 80
3672 19 1 27 80
3672 3 20 22 32
3672 19 4 6 32
3678 12 6 8 73
3678 28 22 24 73
3678 15 22 21 25
3678 31 6 5 25
3678 27 0 16 1
3678 11 16 0 1
3678 22 15 4 49
3678 6 31 20 49
3684 30 20 14 33
3684 14 4 30 33
3684 2 9 23 81
3684 18 25 7 81
3684 11 27 12 57
3684 27 11 28 57
3684 20 24 9 9
3684 4 8 25 9
3690 19 23 18 4
3690 3 7 2 4
3690 3 8 18 52
3690 19 24 2 52
3690 17 25 15 28
3690 1 9 31 28
3690 8 18 5 76
3690 24 2 21 76
3696 29 24 18 79
3696 13 8 2 79
3696 13 5 25 31
3696 29 21 9 31
3696 25 23 2 7
3696 9 7 18 7
3696 0 8 22 55
3696 16 24 6 55
3702 16 8 0 86
3702 0 24 16 86
3702 20 12 10 38
3702 4 28 26 38
3702 15 6 31 14
3702 31 22 15 14
3702 31 8 14 62
3702 15 24 30 62
3708 10 19 24 84
3708 26 3 8 84
3708 8 14 26 36
3708 24 30 10 36
3708 7 11 2 12
3708 23 27 18 12
3708 2 19 29 60
3708 18 3 13 60
3714 27 28 23 46
3714 11 12 7 46
3714 10 28 21 94
3714 26 12 5 94
3714 25 17 3 70
3714 9 1 19 70
3714 20 18 27 22
3714 4 2 11 22
3720 23 26 15 14
3720 7 10 31 14
3720 1 17 0 62
3720 17 1 16 62
3720 28 1 6 38
3720 12 17 22 38
3720 18 4 23 86
3720 2 20 7 86
3726 9 7 0 43
3726 25 23 16 43
3726 14 31 0 91
3726 30 15 16 91
3726 15 6 11 67
3726 31 22 27 67
3726 27 4 2 19
3726 11 20 18 19
3732 21 24 11 60
3732 5 8 27 60
3732 28 14 2 12
3732 12 30 18 12
3732 7 2 28 84
3732 23 18 12 84
3732 4 3 2 36
3732 20 19 18 36
3738 29 28 1 83
3738 13 12 17 83
3738 29 27 15 35
3738 13 11 31 35
3738 12 27 1 11
3738 28 11 17 11
3738 12 3 4 59
3738 28 19 20 59
3744 23 24 0 47
3744 7 8 16 47
3744 24 5 5 95
3744 8 21 21 95
3744 13 6 29 71
3744 29 22 13 71
3744 13 24 13 23
3744 29 8 29 23
3750 29 6 12 21
3750 13 22 28 21
3750 30 10 0 69
3750 14 26 16 69
3750 17 17 7 45
3750 1 1 23 45
3750 12 16 17 93
3750 28 0 1 93
3756 12 17 20 22
3756 28 1 4 22
3756 6 3 30 70
3756 22 19 14 70
3756 26 29 26 46
3756 10 13 10 46
3756 15 6 14 94
3756 31 22 30 94
3762 27 2 14 94
3762 11 18 30 94
3762 10 13 22 46
3762 26 29 6 46
3762 0 31 18 22
3762 16 15 2 22
3762 27 5 9 70
3762 11 21 25 70
3768 22 31 24 72
3768 6 15 8 72
3768 30 25 7 24
3768 14 9 23 24
3768 7 27 8 0
3768 23 11 24 0
3768 9 1 14 48
3768 25 17 30 48
3774 21 23 13 6
3774 5 7 29 6
3774 29 3 22 54
3774 13 19 6 54
3774 9 2 14 30
3774 25 18 30 30
3774 0 21 17 78
3774 16 5 1 78
3780 12 2 10 2
3780 28 18 26 2
3780 4 30 26 50
3780 20 14 10 50
3780 24 29 22 26
3780 8 13 6 26
3780 5 18 28 74
3780 21 2 12 74
3786 31 29 26 14
3786 15 13 10 14
3786 12 18 2 62
3786 28 2 18 62
3786 25 13 10 38
3786 9 29 26 38
3786 30 17 14 86
3786 14 1 30 86
3792 9 16 17 37
3792 25 0 1 37
3792 18 19 24 85
3792 2 3 8 85
3792 23 27 31 61
3792 7 11 15 61
3792 20 6 1 13
3792 4 22 17 13
3798 0 7 15 0
3798 16 23 31 0
3798 12 28 29 48
3798 28 12 13 48
3798 12 13 1 24
3798 28 29 17 24
3798 3 28 13 72
3798 19 12 29 72
3804 3 18 9 54
3804 19 2 25 54
3804 28 10 18 6
3804 12 26 2 6
3804 2 4 15 78
3804 18 20 31 78
3804 13 7 0 30
3804 29 23 16 30
3810 13 22 22 65
3810 29 6 6 65
3810 25 21 22 17
3810 9 5 6 17
3810 15 25 22 89
3810 31 9 6 89
3810 22 12 17 41
3810 6 28 1 41
3816 20 1 28 14
3816 4 17 12 14
3816 7 13 24 62
3816 23 29 8 62
3816 0 17 30 38
3816 16 1 14 38
3816 28 8 17 86
3816 12 24 1 86
3822 29 14 21 81
3822 13 30 5 81
3822 28 15 17 33
3822 12 31 1 33
3822 16 14 9 9
3822 0 30 25 9
3822 20 17 12 57
3822 4 1 28 57
3828 14 9 28 27
3828 30 25 12 27
3828 28 4 11 75
3828 12 20 27 75
3828 9 30 26 51
3828 25 14 10 51
3828 11 8 27 3
3828 27 24 11 3
3834 19 7 13 46
3834 3 23 29 46
3834 12 28 14 94
3834 28 12 30 94
3834 31 0 29 70
3834 15 16 13 70
3834 12 17 22 22
3834 28 1 6 22
3840 29 16 26 24
3840 13 0 10 24
3840 7 8 6 72
3840 23 24 22 72
3840 6 19 4 48
3840 22 3 20 48
3840 15 1 15 0
3840 31 17 31 0
3846 11 28 6 57
3846 27 12 22 57
3846 14 15 8 9
3846 30 31 24 9
3846 10 0 3 81
3846 26 16 19 81
3846 18 10 27 33
3846 2 26 11 33
3852 18 21 29 37
3852 2 5 13 37
3852 28 28 29 85
3852 12 12 13 85
3852 13 11 0 61
3852 29 27 16 61
3852 27 18 29 13
3852 11 2 13 13
3858 7 30 27 30
3858 23 14 11 30
3858 28 25 19 78
3858 12 9 3 78
3858 12 1 8 54
3858 28 17 24 54
3858 13 2 23 6
3858 29 18 7 6
3864 28 6 22 8
3864 12 22 6 8
3864 19 26 4 56
3864 3 10 20 56
3864 24 8 27 32
3864 8 24 11 32
3864 17 0 4 80
3864 1 16 20 80
3870 11 29 0 13
3870 27 13 16 13
3870 0 5 19 61
3870 16 21 3 61
3870 15 7 20 37
3870 31 23 4 37
3870 9 22 16 85
3870 25 6 0 85
3876 29 9 10 62
3876 13 25 26 62
3876 12 21 10 14
3876 28 5 26 14
3876 20 2 14 86
3876 4 18 30 86
3876 17 20 11 38
3876 1 4 27 38
3882 8 4 21 94
3882 24 20 5 94
3882 2 27 30 46
3882 18 11 14 46
3882 23 19 19 22
3882 7 3 3 22
3882 21 23 20 70
3882 5 7 4 70
3888 31 2 3 1
3888 15 18 19 1
3888 8 4 4 49
3888 24 20 20 49
3888 15 30 17 25
3888 31 14 1 25
3888 28 24 0 73
3888 12 8 16 73
3894 12 29 8 6
3894 28 13 24 6
3894 11 28 3 54
3894 27 12 19 54
3894 27 5 18 30
3894 11 21 2 30
3894 22 29 6 78
3894 6 13 22 78
3900 30 26 28 39
3900 14 10 12 39
3900 17 2 15 87
3900 1 18 31 87
3900 30 26 12 63
3900 14 10 28 63
3900 4 19 19 15
3900 20 3 3 15
3906 8 3 14 81
3906 24 19 30 81
3906 10 18 22 33
3906 26 2 6 33
3906 29 18 16 9
3906 13 2 0 9
3906 7 29 5 57
3906 23 13 21 57
3912 5 19 16 0
3912 21 3 0 0
3912 25 19 19 48
3912 9 3 3 48
3912 0 10 9 24
3912 16 26 25 24
3912 13 5 6 72
3912 29 21 22 72
3918 8 31 19 88
3918 24 15 3 88
3918 5 2 6 40
3918 21 18 22 40
3918 29 21 21 16
3918 13 5 5 16
3918 29 7 20 64
3918 13 23 4 64
3924 24 25 24 20
3924 8 9 8 20
3924 21 27 8 68
3924 5 11 24 68
3924 28 13 11 44
3924 12 29 27 44
3924 3 20 28 92
3924 19 4 12 92
3930 27 7 13 52
3930 11 23 29 52
3930 28 18 17 4
3930 12 2 1 4
3930 26 26 22 76
3930 10 10 6 76
3930 1 27 28 28
3930 17 11 12 28
3936 29 18 14 20
3936 13 2 30 20
3936 8 25 7 68
3936 24 9 23 68
3936 7 21 5 44
3936 23 5 21 44
3936 30 25 8 92
3936 14 9 24 92
3942 28 13 31 47
3942 12 29 15 47
3942 6 11 11 95
3942 22 27 27 95
3942 3 24 6 71
3942 19 8 22 71
3942 14 5 22 23
3942 30 21 6 23
3948 20 7 3 36
3948 4 23 19 36
3948 26 9 18 84
3948 10 25 2 84
3948 12 27 2 60
3948 28 11 18 60
3948 6 29 31 12
3948 22 13 15 12
3954 8 25 31 52
3954 24 9 15 52
3954 13 19 27 4
3954 29 3 11 4
3954 25 3 3 76
3954 9 19 19 76
3954 12 31 30 28
3954 28 15 14 28
3960 29 4 3 76
3960 13 20 19 76
3960 14 2 19 28
3960 30 18 3 28
3960 27 0 1 4
3960 11 16 17 4
3960 10 16 12 52
3960 26 0 28 52
3966 12 25 10 70
3966 28 9 26 70
3966 9 21 1 22
3966 25 5 17 22
3966 11 7 1 94
3966 27 23 17 94
3966 13 31 19 46
3966 29 15 3 46
3972 21 14 3 78
3972 5 30 19 78
3972 2 2 29 30
3972 18 18 13 30
3972 24 3 18 6
3972 8 19 2 6
3972 13 25 20 54
3972 29 9 4 54
3978 20 2 21 9
3978 4 18 5 9
3978 31 19 5 57
3978 15 3 21 57
3978 13 24 0 33
3978 29 8 16 33
3978 16 10 24 81
3978 0 26 8 81
3984 30 31 12 17
3984 14 15 28 17
3984 26 27 6 65
3984 10 11 22 65
3984 24 17 3 41
3984 8 1 19 41
3984 3 8 24 89
3984 19 24 8 89
3990 14 23 8 29
3990 30 7 24 29
3990 12 26 14 77
3990 28 10 30 77
3990 3 4 0 53
3990 19 20 16 53
3990 24 30 18 5
3990 8 14 2 5
3996 13 10 31 31
3996 29 26 15 31
3996 29 0 25 79
3996 13 16 9 79
3996 25 12 6 55
3996 9 28 22 55
3996 19 4 23 7
3996 3 20 7 7
4002 31 7 15 53
4002 15 23 31 53
4002 4 12 17 5
4002 20 28 1 5
4002 15 27 19 77
4002 31 11 3 77
4002 19 21 3 29
4002 3 5 19 29
4008 11 9 26 37
4008 27 25 10 37
4008 22 0 23 85
4008 6 16 7 85
4008 24 26 29 61
4008 8 10 13 61
4008 18 24 21 13
4008 2 8 5 13
4014 26 19 20 69
4014 10 3 4 69
4014 21 3 16 21
4014 5 19 0 21
4014 26 14 11 93
4014 10 30 27 93
4014 22 15 30 45
4014 6 31 14 45
4020 16 18 4 57
4020 0 2 20 57
4020 9 23 30 9
4020 25 7 14 9
4020 27 29 9 81
4020 11 13 25 81
4020 25 23 7 33
4020 9 7 23 33
4026 9 2 16 60
4026 25 18 0 60
4026 29 11 26 12
4026 13 27 10 12
4026 7 16 24 84
4026 23 0 8 84
4026 10 25 28 36
4026 26 9 12 36
4032 1 23 17 11
4032 17 7 1 11
4032 24 18 4 59
4032 8 2 20 59
4032 30 22 25 35
4032 14 6 9 35
4032 27 26 29 83
4032 11 10 13 83
4038 6 3 16 2
4038 22 19 0 2
4038 21 9 25 50
4038 5 25 9 50
4038 4 27 0 26
4038 20 11 16 26
4038 19 30 3 74
4038 3 14 19 74
4044 17 1 9 91
4044 1 17 25 91
4044 8 26 29 43
4044 24 10 13 43
4044 2 23 28 19
4044 18 7 12 19
4044 11 4 0 67
4044 27 20 16 67
4050 9 10 5 12
4050 25 26 21 12
4050 17 8 25 60
4050 1 24 9 60
4050 15 2 4 36
4050 31 18 20 36
4050 14 25 15 84
4050 30 9 31 84
4056 21 22 20 83
4056 5 6 4 83
4056 15 2 15 35
4056 31 18 31 35
4056 16 5 12 11
4056 0 21 28 11
4056 3 2 24 59
4056 19 18 8 59
4062 0 16 20 36
4062 16 0 4 36
4062 7 9 17 84
4062 23 25 1 84
4062 4 30 13 60
4062 20 14 29 60
4062 16 15 10 12
4062 0 31 26 12
4068 19 1 26 4
4068 3 17 10 4
4068 16 13 31 52
4068 0 29 15 52
4068 12 12 4 28
4068 28 28 20 28
4068 9 17 25 76
4068 25 1 9 76
4074 19 23 26 27
4074 3 7 10 27
4074 8 16 4 75
4074 24 0 20 75
4074 21 27 28 51
4074 5 11 12 51
4074 10 29 5 3
4074 26 13 21 3
4080 12 5 1 30
4080 28 21 17 30
4080 20 5 20 78
4080 4 21 4 78
4080 23 30 12 54
4080 7 14 28 54
4080 3 2 13 6
4080 19 18 29 6
4086 9 29 29 54
4086 25 13 13 54
4086 14 16 9 6
4086 30 0 25 6
4086 23 25 5 78
4086 7 9 21 78
4086 26 9 3 30
4086 10 25 19 30
4092 22 30 24 48
4092 6 14 8 48
4092 3 9 8 0
4092 19 25 24 0
4092 12 26 29 72
4092 28 10 13 72
4092 18 10 25 24
4092 2 26 9 24
4098 0 22 31 53
4098 16 6 15 53
4098 9 26 30 5
4098 25 10 14 5
4098 1 28 22 77
4098 17 12 6 77
4098 16 26 31 29
4098 0 10 15 29
4104 12 22 13 52
4104 28 6 29 52
4104 11 12 4 4
4104 27 28 20 4
4104 18 11 21 76
4104 2 27 5 76
4104 18 30 21 28
4104 2 14 5 28
4110 14 6 30 33
4110 30 22 14 33
4110 11 9 10 81
4110 27 25 26 81
4110 18 19 5 57
4110 2 3 21 57
4110 15 18 19 9
4110 31 2 3 9
4116 26 9 27 12
4116 10 25 11 12
4116 29 25 15 60
4116 13 9 31 60
4116 1 25 19 36
4116 17 9 3 36
4116 26 0 25 84
4116 10 16 9 84
4122 29 17 12 58
4122 13 1 28 58
4122 31 7 7 10
4122 15 23 23 10
4122 16 16 31 82
4122 0 0 15 82
4122 10 15 0 34
4122 26 31 16 34
4128 30 27 13 37
4128 14 11 29 37
4128 3 11 25 85
4128 19 27 9 85
4128 28 16 14 61
4128 12 0 30 61
4128 1 31 16 13
4128 17 15 0 13
4134 28 14 26 67
4134 12 30 10 67
4134 6 19 29 19
4134 22 3 13 19
4134 17 27 20 91
4134 1 11 4 91
4134 17 0 7 43
4134 1 16 23 43
4140 16 2 25 66
4140 0 18 9 66
4140 26 24 25 18
4140 10 8 9 18
4140 3 27 28 90
4140 19 11 12 90
4140 24 9 16 42
4140 8 25 0 42
4146 4 19 3 44
4146 20 3 19 44
4146 21 24 29 92
4146 5 8 13 92
4146 24 30 24 68
4146 8 14 8 68
4146 14 5 25 20
4146 30 21 9 20
4152 26 4 19 76
4152 10 20 3 76
4152 14 7 24 28
4152 30 23 8 28
4152 23 17 2 4
4152 7 1 18 4
4152 29 26 19 52
4152 13 10 3 52
4158 26 6 1 85
4158 10 22 17 85
4158 14 27 29 37
4158 30 11 13 37
4158 8 8 23 13
4158 24 24 7 13
4158 27 0 25 61
4158 11 16 9 61
4164 9 26 10 71
4164 25 10 26 71
4164 7 2 10 23
4164 23 18 26 23
4164 11 9 20 95
4164 27 25 4 95
4164 9 31 16 47
4164 25 15 0 47
4170 0 4 21 4
4170 16 20 5 4
4170 29 13 23 52
4170 13 29 7 52
4170 13 16 3 28
4170 29 0 19 28
4170 7 15 20 76
4170 23 31 4 76
4176 10 9 19 92
4176 26 25 3 92
4176 0 11 19 44
4176 16 27 3 44
4176 30 14 1 20
4176 14 30 17 20
4176 18 9 25 68
4176 2 25 9 68
4182 2 16 16 6
4182 18 0 0 6
4182 10 18 14 54
4182 26 2 30 54
4182 10 31 15 30
4182 26 15 31 30
4182 22 13 14 78
4182 6 29 30 78
4188 4 30 19 42
4188 20 14 3 42
4188 23 7 18 90
4188 7 23 2 90
4188 4 20 12 66
4188 20 4 28 66
4188 5 14 31 18
4188 21 30 15 18
4194 26 4 9 57
4194 10 20 25 57
4194 23 17 8 9
4194 7 1 24 9
4194 12 23 5 81
4194 28 7 21 81
4194 10 15 4 33
4194 26 31 20 33
4200 21 27 6 79
4200 5 11 22 79
4200 29 3 30 31
4200 13 19 14 31
4200 22 23 19 7
4200 6 7 3 7
4200 10 31 11 55
4200 26 15 27 55
4206 25 27 29 23
4206 9 11 13 23
4206 20 13 22 71
4206 4 29 6 71
4206 10 14 11 47
4206 26 30 27 47
4206 9 14 18 95
4206 25 30 2 95
4212 20 13 20 70
4212 4 29 4 70
4212 10 3 23 22
4212 26 19 7 22
4212 13 25 23 94
4212 29 9 7 94
4212 18 13 16 46
4212 2 29 0 46
4218 8 4 31 53
4218 24 20 15 53
4218 1 18 24 5
4218 17 2 8 5
4218 2 20 26 77
4218 18 4 10 77
4218 29 20 0 29
4218 13 4 16 29
4224 15 17 6 95
4224 31 1 22 95
4224 30 24 18 47
4224 14 8 2 47
4224 21 30 17 23
4224 5 14 1 23
4224 30 2 31 71
4224 14 18 15 71
4230 22 8 23 76
4230 6 24 7 76
4230 23 22 19 28
4230 7 6 3 28
4230 17 8 19 4
4230 1 24 3 4
4230 31 4 10 52
4230 15 20 26 52
4236 15 30 20 44
4236 31 14 4 44
4236 9 3 13 92
4236 25 19 29 92
4236 15 14 19 68
4236 31 30 3 68
4236 0 5 30 20
4236 16 21 14 20
4242 13 1 25 10
4242 29 17 9 10
4242 12 14 12 58
4242 28 30 28 58
4242 14 30 21 34
4242 30 14 5 34
4242 27 15 27 82
4242 11 31 11 82
4248 22 16 9 66
4248 6 0 25 66
4248 3 29 13 18
4248 19 13 29 18
4248 18 25 4 90
4248 2 9 20 90
4248 2 17 8 42
4248 18 1 24 42
4254 0 12 0 46
4254 16 28 16 46
4254 3 29 20 94
4254 19 13 4 94
4254 14 17 26 70
4254 30 1 10 70
4254 22 14 1 22
4254 6 30 17 22
4260 2 23 28 24
4260 18 7 12 24
4260 28 27 29 72
4260 12 11 13 72
4260 18 12 5 48
4260 2 28 21 48
4260 16 0 30 0
4260 0 16 14 0
4266 23 8 21 20
4266 7 24 5 20
4266 0 26 25 68
4266 16 10 9 68
4266 20 24 12 44
4266 4 8 28 44
4266 2 30 5 92
4266 18 14 21 92
4272 7 19 4 86
4272 23 3 20 86
4272 1 2 12 38
4272 17 18 28 38
4272 24 14 1 14
4272 8 30 17 14
4272 19 7 4 62
4272 3 23 20 62
4278 2 1 28 54
4278 18 17 12 54
4278 0 4 12 6
4278 16 20 28 6
4278 30 10 21 78
4278 14 26 5 78
4278 30 26 27 30
4278 14 10 11 30
4284 27 29 19 43
4284 11 13 3 43
4284 3 31 6 91
4284 19 15 22 91
4284 5 17 13 67
4284 21 1 29 67
4284 10 6 28 19
4284 26 22 12 19
4290 7 23 15 3
4290 23 7 31 3
4290 13 19 19 51
4290 29 3 3 51
4290 28 16 8 27
4290 12 0 24 27
4290 4 1 13 75
4290 20 17 29 75
4296 19 14 14 29
4296 3 30 30 29
4296 22 19 9 77
4296 6 3 25 77
4296 7 15 25 53
4296 23 31 9 53
4296 3 6 0 5
4296 19 22 16 5
4302 18 26 18 40
4302 2 10 2 40
4302 11 14 17 88
4302 27 30 1 88
4302 15 11 4 64
4302 31 27 20 64
4302 4 21 21 16
4302 20 5 5 16
4308 16 30 12 67
4308 0 14 28 67
4308 27 6 15 19
4308 11 22 31 19
4308 11 19 3 91
4308 27 3 19 91
4308 17 31 2 43
4308 1 15 18 43
4314 1 26 29 51
4314 17 10 13 51
4314 26 30 23 3
4314 10 14 7 3
4314 8 25 11 75
4314 24 9 27 75
4314 15 15 23 27
4314 31 31 7 27
4320 15 13 12 27
4320 31 29 28 27
4320 26 2 2 75
4320 10 18 18 75
4320 0 13 11 51
4320 16 29 27 51
4320 7 15 15 3
4320 23 31 31 3
4326 4 7 0 12
4326 20 23 16 12
4326 15 12 25 60
4326 31 28 9 60
4326 15 13 5 36
4326 31 29 21 36
4326 11 20 23 84
4326 27 4 7 84
4332 12 10 4 88
4332 28 26 20 88
4332 2 25 13 40
4332 18 9 29 40
4332 3 26 8 16
4332 19 10 24 16
4332 29 20 6 64
4332 13 4 22 64
4338 13 25 10 85
4338 29 9 26 85
4338 21 5 26 37
4338 5 21 10 37
4338 20 21 30 13
4338 4 5 14 13
4338 8 1 14 61
4338 24 17 30 61
4344 9 9 8 27
4344 25 25 24 27
4344 3 12 0 75
4344 19 28 16 75
4344 12 1 15 51
4344 28 17 31 51
4344 0 31 9 3
4344 16 15 25 3
4350 13 20 19 24
4350 29 4 3 24
4350 18 22 5 72
4350 2 6 21 72
4350 11 24 20 48
4350 27 8 4 48
4350 25 28 26 0
4350 9 12 10 0
4356 18 9 5 53
4356 2 25 21 53
4356 13 15 0 5
4356 29 31 16 5
4356 14 19 10 77
4356 30 3 26 77
4356 11 11 13 29
4356 27 27 29 29
4362 30 2 3 30
4362 14 18 19 30
4362 28 1 27 78
4362 12 17 11 78
4362 27 11 22 54
4362 11 27 6 54
4362 7 1 2 6
4362 23 17 18 6
4368 11 23 9 38
4368 27 7 25 38
4368 31 11 7 86
4368 15 27 23 86
4368 11 0 14 62
4368 27 16 30 62
4368 12 19 0 14
4368 28 3 16 14
4374 30 4 29 45
4374 14 20 13 45
4374 3 4 30 93
4374 19 20 14 93
4374 11 22 13 69
4374 27 6 29 69
4374 9 7 11 21
4374 25 23 27 21
4380 24 24 19 79
4380 8 8 3 79
4380 14 2 25 31
4380 30 18 9 31
4380 18 15 31 7
4380 2 31 15 7
4380 24 0 16 55
4380 8 16 0 55
4386 28 10 1 78
4386 12 26 17 78
4386 31 7 24 30
4386 15 23 8 30
4386 19 21 6 6
4386 3 5 22 6
4386 23 19 27 54
4386 7 3 11 54
4392 14 11 12 56
4392 30 27 28 56
4392 6 7 10 8
4392 22 23 26 8
4392 1 5 31 80
4392 17 21 15 80
4392 22 0 15 32
4392 6 16 31 32
4398 26 31 17 40
4398 10 15 1 40
4398 30 8 10 88
4398 14 24 26 88
4398 17 28 7 64
4398 1 12 23 64
4398 25 5 9 16
4398 9 21 25 16
4404 8 24 15 8
4404 24 8 31 8
4404 25 7 28 56
4404 9 23 12 56
4404 29 29 24 32
4404 13 13 8 32
4404 0 17 17 80
4404 16 1 1 80
4410 28 22 22 3
4410 12 6 6 3
4410 14 3 6 51
4410 30 19 22 51
4410 13 15 26 27
4410 29 31 10 27
4410 4 0 1 75
4410 20 16 17 75
4416 12 20 30 20
4416 28 4 14 20
4416 29 24 28 68
4416 13 8 12 68
4416 10 19 23 44
4416 26 3 7 44
4416 2 24 21 92
4416 18 8 5 92
4422 28 6 10 38
4422 12 22 26 38
4422 19 31 22 86
4422 3 15 6 86
4422 26 30 29 62
4422 10 14 13 62
4422 3 23 26 14
4422 19 7 10 14
4428 18 28 22 9
4428 2 12 6 9
4428 26 5 18 57
4428 10 21 2 57
4428 0 26 7 33
4428 16 10 23 33
4428 27 10 19 81
4428 11 26 3 81
4434 19 30 23 34
4434 3 14 7 34
4434 21 14 14 82
4434 5 30 30 82
4434 28 0 23 58
4434 12 16 7 58
4434 29 6 9 10
4434 13 22 25 10
4440 4 12 26 16
4440 20 28 10 16
4440 26 9 10 64
4440 10 25 26 64
4440 7 13 21 40
4440 23 29 5 40
4440 8 15 8 88
4440 24 31 24 88
4446 23 5 11 52
4446 7 21 27 52
4446 29 2 7 4
4446 13 18 23 4
4446 2 24 1 76
4446 18 8 17 76
4446 16 22 7 28
4446 0 6 23 28
4452 10 2 20 24
4452 26 18 4 24
4452 11 21 28 72
4452 27 5 12 72
4452 29 4 0 48
4452 13 20 16 48
4452 21 12 14 0
4452 5 28 30 0
4458 1 3 14 9
4458 17 19 30 9
4458 11 4 26 57
4458 27 20 10 57
4458 15 17 10 33
4458 31 1 26 33
4458 27 17 13 81
4458 11 1 29 81
4464 13 24 28 42
4464 29 8 12 42
4464 7 15 27 90
4464 23 31 11 90
4464 17 25 16 66
4464 1 9 0 66
4464 11 29 24 18
4464 27 13 8 18
4470 21 23 18 59
4470 5 7 2 59
4470 12 11 8 11
4470 28 27 24 11
4470 17 0 27 83
4470 1 16 11 83
4470 10 28 13 35
4470 26 12 29 35
4476 22 23 22 11
4476 6 7 6 11
4476 7 0 5 59
4476 23 16 21 59
4476 10 26 3 35
4476 26 10 19 35
4476 9 18 6 83
4476 25 2 22 83
4482 26 20 0 93
4482 10 4 16 93
4482 6 28 23 45
4482 22 12 7 45
4482 2 29 19 21
4482 18 13 3 21
4482 19 23 21 69
4482 3 7 5 69
4488 9 22 19 64
4488 25 6 3 64
4488 22 20 25 16
4488 6 4 9 16
4488 8 26 27 88
4488 24 10 11 88
4488 12 5 30 40
4488 28 21 14 40
4494 6 3 1 46
4494 22 19 17 46
4494 3 23 23 94
4494 19 7 7 94
4494 10 20 24 70
4494 26 4 8 70
4494 7 11 27 22
4494 23 27 11 22
4500 11 21 18 37
4500 27 5 2 37
4500 7 18 28 85
4500 23 2 12 85
4500 1 13 21 61
4500 17 29 5 61
4500 19 15 14 13
4500 3 31 30 13
4506 14 15 12 1
4506 30 31 28 1
4506 21 25 27 49
4506 5 9 11 49
4506 6 22 30 25
4506 22 6 14 25
4506 6 21 19 73
4506 22 5 3 73
4512 18 6 1 70
4512 2 22 17 70
4512 17 13 11 22
4512 1 29 27 22
4512 3 31 6 94
4512 19 15 22 94
4512 10 15 1 46
4512 26 31 17 46
4518 30 9 1 68
4518 14 25 17 68
4518 4 7 6 20
4518 20 23 22 20
4518 25 9 17 92
4518 9 25 1 92
4518 21 7 19 44
4518 5 23 3 44
4524 22 6 30 65
4524 6 22 14 65
4524 0 28 2 17
4524 16 12 18 17
4524 22 13 20 89
4524 6 29 4 89
4524 5 16 9 41
4524 21 0 25 41
4530 14 13 29 52
4530 30 29 13 52
4530 14 30 14 4
4530 30 14 30 4
4530 19 9 7 76
4530 3 25 23 76
4530 0 24 7 28
4530 16 8 23 28
4536 1 21 20 91
4536 17 5 4 91
4536 18 5 28 43
4536 2 21 12 43
4536 3 19 0 19
4536 19 3 16 19
4536 3 12 8 67
4536 19 28 24 67
4542 14 10 3 21
4542 30 26 19 21
4542 6 11 8 69
4542 22 27 24 69
4542 31 3 31 45
4542 15 19 15 45
4542 20 14 23 93
4542 4 30 7 93
4548 10 3 12 93
4548 26 19 28 93
4548 1 1 9 45
4548 17 17 25 45
4548 31 5 30 21
4548 15 21 14 21
4548 15 31 11 69
4548 31 15 27 69
4554 5 23 6 69
4554 21 7 22 69
4554 30 17 17 21
4554 14 1 1 21
4554 17 1 10 93
4554 1 17 26 93
4554 27 7 14 45
4554 11 23 30 45
4560 7 0 30 49
4560 23 16 14 49
4560 8 31 13 1
4560 24 15 29 1
4560 22 7 22 73
4560 6 23 6 73
4560 8 27 31 25
4560 24 11 15 25
4566 5 5 13 72
4566 21 21 29 72
4566 6 9 19 24
4566 22 25 3 24
4566 1 16 5 0
4566 17 0 21 0
4566 19 1 4 48
4566 3 17 20 48
4572 28 13 25 34
4572 12 29 9 34
4572 19 13 12 82
4572 3 29 28 82
4572 10 8 31 58
4572 26 24 15 58
4572 8 2 19 10
4572 24 18 3 10
4578 5 13 11 23
4578 21 29 27 23
4578 25 23 1 71
4578 9 7 17 71
4578 24 8 15 47
4578 8 24 31 47
4578 1 2 16 95
4578 17 18 0 95
4584 20 19 1 20
4584 4 3 17 20
4584 2 28 6 68
4584 18 12 22 68
4584 31 11 24 44
4584 15 27 8 44
4584 1 27 0 92
4584 17 11 16 92
4590 20 15 26 1
4590 4 31 10 1
4590 17 7 1 49
4590 1 23 17 49
4590 13 13 20 25
4590 29 29 4 25
4590 3 21 18 73
4590 19 5 2 73
4596 26 30 24 9
4596 10 14 8 9
4596 4 0 17 57
4596 20 16 1 57
4596 8 16 27 33
4596 24 0 11 33
4596 0 8 19 81
4596 16 24 3 81
4602 15 14 2 43
4602 31 30 18 43
4602 18 24 9 91
4602 2 8 25 91
4602 23 30 23 67
4602 7 14 7 67
4602 19 26 13 19
4602 3 10 29 19
4608 26 29 6 24
4608 10 13 22 24
4608 1 4 10 72
4608 17 20 26 72
4608 2 8 13 48
4608 18 24 29 48
4608 16 14 29 0
4608 0 30 13 0
4614 21 1 8 82
4614 5 17 24 82
4614 7 13 0 34
4614 23 29 16 34
4614 24 17 13 10
4614 8 1 29 10
4614 30 22 23 58
4614 14 6 7 58
4620 0 2 16 74
4620 16 18 0 74
4620 0 31 13 26
4620 16 15 29 26
4620 13 0 15 2
4620 29 16 31 2
4620 26 12 0 50
4620 10 28 16 50
4626 2 31 2 95
4626 18 15 18 95
4626 22 2 25 47
4626 6 18 9 47
4626 16 10 27 23
4626 0 26 11 23
4626 16 27 4 71
4626 0 11 20 71
4632 31 10 21 71
4632 15 26 5 71
4632 8 17 18 23
4632 24 1 2 23
4632 23 25 0 95
4632 7 9 16 95
4632 29 7 26 47
4632 13 23 10 47
4638 12 25 0 91
4638 28 9 16 91
4638 15 22 0 43
4638 31 6 16 43
4638 15 14 31 19
4638 31 30 15 19
4638 29 22 29 67
4638 13 6 13 67
4644 30 20 5 15
4644 14 4 21 15
4644 7 6 18 63
4644 23 22 2 63
4644 3 9 8 39
4644 19 25 24 39
4644 8 17 12 87
4644 24 1 28 87
4650 15 30 13 60
4650 31 14 29 60
4650 20 9 3 12
4650 4 25 19 12
4650 1 25 20 84
4650 17 9 4 84
4650 19 4 25 36
4650 3 20 9 36
4656 24 10 31 15
4656 8 26 15 15
4656 8 3 5 63
4656 24 19 21 63
4656 0 8 2 39
4656 16 24 18 39
4656 4 0 2 87
4656 20 16 18 87
4662 4 11 22 91
4662 20 27 6 91
4662 16 15 21 43
4662 0 31 5 43
4662 9 3 17 19
4662 25 19 1 19
4662 10 15 0 67
4662 26 31 16 67
4668 24 30 8 45
4668 8 14 24 45
4668 22 22 26 93
4668 6 6 10 93
4668 0 20 6 69
4668 16 4 22 69
4668 10 12 11 21
4668 26 28 27 21
4674 25 29 7 50
4674 9 13 23 50
4674 28 0 19 2
4674 12 16 3 2
4674 11 6 2 74
4674 27 22 18 74
4674 14 14 1 26
4674 30 30 17 26
4680 5 27 13 5
4680 21 11 29 5
4680 21 22 3 53
4680 5 6 19 53
4680 5 26 23 29
4680 21 10 7 29
4680 22 15 10 77
4680 6 31 26 77
4686 1 13 20 87
4686 17 29 4 87
4686 21 1 3 39
4686 5 17 19 39
4686 20 25 26 15
4686 4 9 10 15
4686 20 25 6 63
4686 4 9 22 63
4692 11 27 6 37
4692 27 11 22 37
4692 26 25 1 85
4692 10 9 17 85
4692 28 28 20 61
4692 12 12 4 61
4692 8 20 0 13
4692 24 4 16 13
4698 23 24 21 71
4698 7 8 5 71
4698 2 20 8 23
4698 18 4 24 23
4698 23 1 29 95
4698 7 17 13 95
4698 29 1 15 47
4698 13 17 31 47
4704 16 14 24 32
4704 0 30 8 32
4704 12 10 16 80
4704 28 26 0 80
4704 2 16 31 56
4704 18 0 15 56
4704 0 27 21 8
4704 16 11 5 8
4710 18 27 11 79
4710 2 11 27 79
4710 21 21 13 31
4710 5 5 29 31
4710 28 5 18 7
4710 12 21 2 7
4710 19 19 20 55
4710 3 3 4 55
4716 25 31 3 25
4716 9 15 19 25
4716 31 21 2 73
4716 15 5 18 73
4716 27 29 2 49
4716 11 13 18 49
4716 8 16 16 1
4716 24 0 0 1
4722 17 31 28 59
4722 1 15 12 59
4722 3 29 6 11
4722 19 13 22 11
4722 14 14 31 83
4722 30 30 15 83
4722 28 22 24 35
4722 12 6 8 35
4728 29 15 10 7
4728 13 31 26 7
4728 16 31 28 55
4728 0 15 12 55
4728 19 20 6 31
4728 3 4 22 31
4728 25 23 18 79
4728 9 7 2 79
4734 20 2 6 20
4734 4 18 22 20
4734 25 31 8 68
4734 9 15 24 68
4734 17 31 25 44
4734 1 15 9 44
4734 4 7 2 92
4734 20 23 18 92
4740 6 4 18 78
4740 22 20 2 78
4740 15 12 28 30
4740 31 28 12 30
4740 13 30 23 6
4740 29 14 7 6
4740 19 24 7 54
4740 3 8 23 54
4746 4 22 13 54
4746 20 6 29 54
4746 21 21 31 6
4746 5 5 15 6
4746 30 15 26 78
4746 14 31 10 78
4746 25 17 19 30
4746 9 1 3 30
4752 16 8 1 31
4752 0 24 17 31
4752 0 0 27 79
4752 16 16 11 79
4752 22 31 7 55
4752 6 15 23 55
4752 18 6 30 7
4752 2 22 14 7
4758 1 14 28 42
4758 17 30 12 42
4758 21 22 23 90
4758 5 6 7 90
4758 15 23 24 66
4758 31 7 8 66
4758 22 17 30 18
4758 6 1 14 18
4764 5 25 29 14
4764 21 9 13 14
4764 27 30 8 62
4764 11 14 24 62
4764 5 19 21 38
4764 21 3 5 38
4764 29 10 2 86
4764 13 26 18 86
4770 29 27 15 86
4770 13 11 31 86
4770 25 24 23 38
4770 9 8 7 38
4770 24 21 30 14
4770 8 5 14 14
4770 2 27 24 62
4770 18 11 8 62
4776 6 14 7 84
4776 22 30 23 84
4776 13 15 31 36
4776 29 31 15 36
4776 25 20 24 12
4776 9 4 8 12
4776 16 3 6 60
4776 0 19 22 60
4782 31 4 20 89
4782 15 20 4 89
4782 21 29 0 41
4782 5 13 16 41
4782 28 11 7 17
4782 12 27 23 17
4782 10 11 6 65
4782 26 27 22 65
4788 5 8 16 87
4788 21 24 0 87
4788 15 17 30 39
4788 31 1 14 39
4788 22 31 15 15
4788 6 15 31 15
4788 15 2 19 63
4788 31 18 3 63
4794 16 18 13 58
4794 0 2 29 58
4794 17 1 4 10
4794 1 17 20 10
4794 14 22 10 82
4794 30 6 26 82
4794 28 26 11 34
4794 12 10 27 34
4800 27 6 14 74
4800 11 22 30 74
4800 14 1 22 26
4800 30 17 6 26
4800 20 13 8 2
4800 4 29 24 2
4800 28 8 0 50
4800 12 24 16 50
4806 9 2 4 70
4806 25 18 20 70
4806 28 4 8 22
4806 12 20 24 22
4806 18 18 31 94
4806 2 2 15 94
4806 18 9 31 46
4806 2 25 15 46
4812 20 29 24 84
4812 4 13 8 84
4812 22 7 20 36
4812 6 23 4 36
4812 23 16 27 12
4812 7 0 11 12
4812 20 2 24 60
4812 4 18 8 60
4818 22 22 7 6
4818 6 6 23 6
4818 2 16 5 54
4818 18 0 21 54
4818 0 17 5 30
4818 16 1 21 30
4818 28 2 27 78
4818 12 18 11 78
4824 6 6 15 58
4824 22 22 31 58
4824 13 19 19 10
4824 29 3 3 10
4824 11 6 11 82
4824 27 22 27 82
4824 6 23 7 34
4824 22 7 23 34
4830 18 15 4 25
4830 2 31 20 25
4830 12 25 0 73
4830 28 9 16 73
4830 8 21 20 49
4830 24 5 4 49
4830 12 10 8 1
4830 28 26 24 1
4836 27 11 0 70
4836 11 27 16 70
4836 8 25 31 22
4836 24 9 15 22
4836 1 23 2 94
4836 17 7 18 94
4836 1 29 19 46
4836 17 13 3 46
4842 11 12 7 11
4842 27 28 23 11
4842 8 24 9 59
4842 24 8 25 59
4842 21 8 20 35
4842 5 24 4 35
4842 31 4 12 83
4842 15 20 28 83
4848 25 6 31 56
4848 9 22 15 56
4848 8 5 21 8
4848 24 21 5 8
4848 20 2 8 80
4848 4 18 24 80
4848 28 5 29 32
4848 12 21 13 32
4854 30 23 20 54
4854 14 7 4 54
4854 6 21 3 6
4854 22 5 19 6
4854 10 1 22 78
4854 26 17 6 78
4854 1 21 21 30
4854 17 5 5 30
4860 12 22 18 47
4860 28 6 2 47
4860 28 18 4 95
4860 12 2 20 95
4860 2 11 23 71
4860 18 27 7 71
4860 19 3 2 23
4860 3 19 18 23
4866 4 8 24 17
4866 20 24 8 17
4866 12 9 3 65
4866 28 25 19 65
4866 2 5 20 41
4866 18 21 4 41
4866 17 12 3 89
4866 1 28 19 89
4872 1 25 19 10
4872 17 9 3 10
4872 0 5 28 58
4872 16 21 12 58
4872 8 22 15 34
4872 24 6 31 34
4872 1 29 0 82
4872 17 13 16 82
4878 0 31 29 95
4878 16 15 13 95
4878 30 23 9 47
4878 14 7 25 47
4878 10 11 0 23
4878 26 27 16 23
4878 25 26 3 71
4878 9 10 19 71
4884 0 6 0 44
4884 16 22 16 44
4884 2 18 11 92
4884 18 2 27 92
4884 31 27 28 68
4884 15 11 12 68
4884 17 9 4 20
4884 1 25 20 20
4890 14 16 26 86
4890 30 0 10 86
4890 25 27 29 38
4890 9 11 13 38
4890 22 26 21 14
4890 6 10 5 14
4890 24 16 1 62
4890 8 0 17 62
4896 26 22 22 61
4896 10 6 6 61
4896 13 31 29 13
4896 29 15 13 13
4896 3 26 27 85
4896 19 10 11 85
4896 11 0 7 37
4896 27 16 23 37
4902 22 7 25 79
4902 6 23 9 79
4902 18 28 13 31
4902 2 12 29 31
4902 20 31 18 7
4902 4 15 2 7
4902 26 2 23 55
4902 10 18 7 55
4908 15 17 2 3
4908 31 1 18 3
4908 10 21 16 51
4908 26 5 0 51
4908 3 12 20 27
4908 19 28 4 27
4908 27 5 18 75
4908 11 21 2 75
4914 31 18 19 34
4914 15 2 3 34
4914 2 22 16 82
4914 18 6 0 82
4914 7 5 17 58
4914 23 21 1 58
4914 7 5 27 10
4914 23 21 11 10
4920 17 9 13 77
4920 1 25 29 77
4920 9 17 3 29
4920 25 1 19 29
4920 25 5 15 5
4920 9 21 31 5
4920 16 17 29 53
4920 0 1 13 53
4926 5 3 2 2
4926 21 19 18 2
4926 14 30 30 50
4926 30 14 14 50
4926 22 13 22 26
4926 6 29 6 26
4926 1 8 24 74
4926 17 24 8 74
4932 8 29 15 68
4932 24 13 31 68
4932 24 15 28 20
4932 8 31 12 20
4932 2 6 10 92
4932 18 22 26 92
4932 13 1 7 44
4932 29 17 23 44
4938 23 28 2 33
4938 7 12 18 33
4938 22 10 2 81
4938 6 26 18 81
4938 23 25 12 57
4938 7 9 28 57
4938 14 31 12 9
4938 30 15 28 9
4944 24 26 15 45
4944 8 10 31 45
4944 20 31 29 93
4944 4 15 13 93
4944 21 6 3 69
4944 5 22 19 69
4944 5 5 30 21
4944 21 21 14 21
4950 11 16 0 6
4950 27 0 16 6
4950 15 7 7 54
4950 31 23 23 54
4950 3 8 13 30
4950 19 24 29 30
4950 19 19 19 78
4950 3 3 3 78
4956 1 11 23 25
4956 17 27 7 25
4956 17 7 27 73
4956 1 23 11 73
4956 26 12 14 49
4956 10 28 30 49
4956 10 4 0 1
4956 26 20 16 1
4962 27 5 27 61
4962 11 21 11 61
4962 0 29 14 13
4962 16 13 30 13
4962 26 10 28 85
4962 10 26 12 85
4962 17 20 4 37
4962 1 4 20 37
4968 23 3 20 7
4968 7 19 4 7
4968 23 12 5 55
4968 7 28 21 55
4968 28 29 3 31
4968 12 13 19 31
4968 7 16 21 79
4968 23 0 5 79
4974 11 3 25 46
4974 27 19 9 46
4974 28 7 21 94
4974 12 23 5 94
4974 19 14 9 70
4974 3 30 25 70
4974 18 24 11 22
4974 2 8 27 22
4980 19 4 26 3
4980 3 20 10 3
4980 30 3 23 51
4980 14 19 7 51
4980 29 5 12 27
4980 13 21 28 27
4980 7 2 7 75
4980 23 18 23 75
4986 21 9 30 43
4986 5 25 14 43
4986 25 16 3 91
4986 9 0 19 91
4986 20 7 0 67
4986 4 23 16 67
4986 28 22 23 19
4986 12 6 7 19
4992 4 17 7 35
4992 20 1 23 35
4992 30 11 19 83
4992 14 27 3 83
4992 29 24 20 59
4992 13 8 4 59
4992 21 4 9 11
4992 5 20 25 11
4998 28 27 28 28
4998 12 11 12 28
4998 8 10 9 76
4998 24 26 25 76
4998 18 11 3 52
4998 2 27 19 52
4998 26 18 2 4
4998 10 2 18 4
