300 3 3 19 62
300 19 19 3 62
306 28 2 23 62
306 12 18 7 62
312 17 18 3 40
312 1 2 19 40
318 3 27 11 82
318 19 11 27 82
324 29 30 21 47
324 13 14 5 47
330 8 13 23 37
330 24 29 7 37
336 13 8 15 23
336 29 24 31 23
342 16 4 24 71
342 0 20 8 71
348 26 26 23 89
348 10 10 7 89
354 23 21 12 17
354 7 5 28 17
360 28 15 0 52
360 12 31 16 52
366 18 11 21 28
366 2 27 5 28
372 8 9 26 74
372 24 25 10 74
378 15 24 20 37
378 31 8 4 37
384 31 10 5 82
384 15 26 21 82
390 11 19 15 44
390 27 3 31 44
396 3 10 17 65
396 19 26 1 65
402 7 8 2 25
402 23 24 18 25
408 25 29 23 29
408 9 13 7 29
414 25 27 16 33
414 9 11 0 33
420 11 19 10 54
420 27 3 26 54
426 18 23 25 74
426 2 7 9 74
432 12 8 5 45
432 28 24 21 45
438 30 28 29 62
438 14 12 13 62
444 3 7 8 69
444 19 23 24 69
450 18 8 5 14
450 2 24 21 14
456 19 8 0 23
456 3 24 16 23
462 12 23 9 41
462 28 7 25 41
468 20 3 16 29
468 4 19 0 29
474 28 17 5 81
474 12 1 21 81
480 15 1 6 41
480 31 17 22 41
486 30 16 25 78
486 14 0 9 78
492 2 14 14 27
492 18 30 30 27
498 8 1 1 92
498 24 17 17 92
504 5 26 19 22
504 21 10 3 22
510 20 28 5 57
510 4 12 21 57
516 5 8 9 62
516 21 24 25 62
522 18 10 0 57
522 2 26 16 57
528 28 17 0 13
528 12 1 16 13
534 25 26 8 24
534 9 10 24 24
540 3 16 5 43
540 19 0 21 43
546 23 8 8 50
546 7 24 24 50
552 22 23 17 0
552 6 7 1 0
558 9 24 7 67
558 25 8 23 67
564 30 1 0 36
564 14 17 16 36
570 5 6 2 50
570 21 22 18 50
576 25 14 28 44
576 9 30 12 44
582 30 15 14 77
582 14 31 30 77
588 22 25 6 14
588 6 9 22 14
594 2 18 8 76
594 18 2 24 76
600 18 26 11 89
600 2 10 27 89
606 16 4 17 92
606 0 20 1 92
612 14 6 10 91
612 30 22 26 91
618 5 11 6 15
618 21 27 22 15
624 30 9 13 50
624 14 25 29 50
630 0 18 14 75
630 16 2 30 75
636 26 0 29 71
636 10 16 13 71
642 24 5 26 30
642 8 21 10 30
648 8 10 0 48
648 24 26 16 48
654 1 26 21 69
654 17 10 5 69
660 28 22 17 64
660 12 6 1 64
666 19 7 7 7
666 3 23 23 7
672 5 26 0 57
672 21 10 16 57
678 30 12 30 64
678 14 28 14 64
684 8 19 30 18
684 24 3 14 18
690 5 11 23 15
690 21 27 7 15
696 3 8 1 17
696 19 24 17 17
702 6 18 12 24
702 22 2 28 24
708 21 14 21 37
708 5 30 5 37
714 25 31 5 91
714 9 15 21 91
720 13 8 1 56
720 29 24 17 56
726 14 9 21 33
726 30 25 5 33
732 17 11 0 53
732 1 27 16 53
738 3 1 4 4
738 19 17 20 4
744 27 8 21 49
744 11 24 5 49
750 27 23 31 55
750 11 7 15 55
756 13 16 12 83
756 29 0 28 83
762 13 22 19 64
762 29 6 3 64
768 6 24 31 15
768 22 8 15 15
774 26 20 26 90
774 10 4 10 90
780 24 19 12 92
780 8 3 28 92
786 17 9 22 90
786 1 25 6 90
792 26 6 31 33
792 10 22 15 33
798 20 17 15 22
798 4 1 31 22
804 16 13 3 2
804 0 29 19 2
810 28 11 0 67
810 12 27 16 67
816 13 26 25 45
816 29 10 9 45
822 1 21 6 32
822 17 5 22 32
828 27 23 12 38
828 11 7 28 38
834 0 19 2 53
834 16 3 18 53
840 26 23 20 90
840 10 7 4 90
846 27 16 7 39
846 11 0 23 39
852 14 31 17 33
852 30 15 1 33
858 16 14 19 24
858 0 30 3 24
864 6 9 15 89
864 22 25 31 89
870 18 12 5 47
870 2 28 21 47
876 19 23 24 46
876 3 7 8 46
882 13 25 10 24
882 29 9 26 24
888 14 6 3 92
888 30 22 19 92
894 29 8 7 91
894 13 24 23 91
900 22 17 29 23
900 6 1 13 23
906 28 15 26 16
906 12 31 10 16
912 7 11 23 14
912 23 27 7 14
918 21 24 31 35
918 5 8 15 35
924 6 17 23 11
924 22 1 7 11
930 9 3 18 85
930 25 19 2 85
936 28 7 28 41
936 12 23 12 41
942 8 19 23 2
942 24 3 7 2
948 10 10 0 64
948 26 26 16 64
954 21 14 0 47
954 5 30 16 47
960 12 20 10 11
960 28 4 26 11
966 19 1 24 79
966 3 17 8 79
972 24 8 25 27
972 8 24 9 27
978 8 3 29 38
978 24 19 13 38
984 24 4 31 20
984 8 20 15 20
990 12 16 11 53
990 28 0 27 53
996 4 25 28 81
996 20 9 12 81
1002 4 8 15 87
1002 20 24 31 87
1008 11 9 21 73
1008 27 25 5 73
1014 10 0 17 12
1014 26 16 1 12
1020 15 12 19 5
1020 31 28 3 5
1026 21 10 1 4
1026 5 26 17 4
1032 26 5 25 18
1032 10 21 9 18
1038 30 29 15 66
1038 14 13 31 66
1044 29 10 20 44
1044 13 26 4 44
1050 27 17 31 4
1050 11 1 15 4
1056 16 0 10 27
1056 0 16 26 27
1062 30 29 13 9
1062 14 13 29 9
1068 13 9 1 12
1068 29 25 17 12
1074 19 12 26 44
1074 3 28 10 44
1080 2 3 11 24
1080 18 19 27 24
1086 13 14 10 59
1086 29 30 26 59
1092 14 15 0 25
1092 30 31 16 25
1098 9 12 12 58
1098 25 28 28 58
1104 0 28 20 70
1104 16 12 4 70
1110 4 26 0 18
1110 20 10 16 18
1116 20 28 15 32
1116 4 12 31 32
1122 30 22 12 14
1122 14 6 28 14
1128 8 2 6 83
1128 24 18 22 83
1134 10 15 8 28
1134 26 31 24 28
1140 21 10 29 83
1140 5 26 13 83
1146 1 4 28 56
1146 17 20 12 56
1152 15 15 4 24
1152 31 31 20 24
1158 29 13 13 48
1158 13 29 29 48
1164 1 16 3 88
1164 17 0 19 88
1170 30 17 2 66
1170 14 1 18 66
1176 26 9 14 55
1176 10 25 30 55
1182 20 17 12 38
1182 4 1 28 38
1188 14 20 25 79
1188 30 4 9 79
1194 28 31 2 61
1194 12 15 18 61
1200 12 0 12 75
1200 28 16 28 75
1206 2 25 4 5
1206 18 9 20 5
1212 28 29 25 84
1212 12 13 9 84
1218 14 31 2 59
1218 30 15 18 59
1224 3 12 30 72
1224 19 28 14 72
1230 3 13 24 28
1230 19 29 8 28
1236 15 24 22 94
1236 31 8 6 94
1242 1 21 7 2
1242 17 5 23 2
1248 0 18 30 84
1248 16 2 14 84
1254 4 24 18 77
1254 20 8 2 77
1260 8 15 17 15
1260 24 31 1 15
1266 13 10 12 4
1266 29 26 28 4
1272 4 8 3 1
1272 20 24 19 1
1278 22 28 20 78
1278 6 12 4 78
1284 27 19 10 34
1284 11 3 26 34
1290 6 23 16 60
1290 22 7 0 60
1296 25 18 11 59
1296 9 2 27 59
1302 29 10 24 50
1302 13 26 8 50
1308 9 31 16 17
1308 25 15 0 17
1314 30 18 3 68
1314 14 2 19 68
1320 20 4 16 26
1320 4 20 0 26
1326 11 14 25 59
1326 27 30 9 59
1332 9 18 10 33
1332 25 2 26 33
1338 9 12 19 43
1338 25 28 3 43
1344 10 20 22 74
1344 26 4 6 74
1350 11 17 17 59
1350 27 1 1 59
1356 1 21 31 3
1356 17 5 15 3
1362 3 20 25 72
1362 19 4 9 72
1368 4 0 16 79
1368 20 16 0 79
1374 3 6 28 20
1374 19 22 12 20
1380 9 26 17 13
1380 25 10 1 13
1386 7 25 13 83
1386 23 9 29 83
1392 27 16 26 64
1392 11 0 10 64
1398 0 19 12 21
1398 16 3 28 21
1404 6 21 6 81
1404 22 5 22 81
1410 4 6 7 43
1410 20 22 23 43
1416 7 27 0 38
1416 23 11 16 38
1422 26 22 17 7
1422 10 6 1 7
1428 20 18 20 57
1428 4 2 4 57
1434 10 31 1 84
1434 26 15 17 84
1440 6 24 10 71
1440 22 8 26 71
1446 15 30 6 35
1446 31 14 22 35
1452 25 22 2 55
1452 9 6 18 55
1458 15 14 19 46
1458 31 30 3 46
1464 15 18 25 6
1464 31 2 9 6
1470 2 9 12 4
1470 18 25 28 4
1476 1 8 21 59
1476 17 24 5 59
1482 16 18 24 85
1482 0 2 8 85
1488 20 10 18 64
1488 4 26 2 64
1494 25 7 21 61
1494 9 23 5 61
1500 7 11 15 43
1500 23 27 31 43
1506 7 25 17 64
1506 23 9 1 64
1512 21 22 21 61
1512 5 6 5 61
1518 14 6 29 30
1518 30 22 13 30
1524 27 26 30 75
1524 11 10 14 75
1530 29 28 17 47
1530 13 12 1 47
1536 10 29 9 94
1536 26 13 25 94
1542 15 0 12 79
1542 31 16 28 79
1548 10 17 30 14
1548 26 1 14 14
1554 28 10 18 23
1554 12 26 2 23
1560 20 19 12 10
1560 4 3 28 10
1566 17 17 7 4
1566 1 1 23 4
1572 1 21 3 63
1572 17 5 19 63
1578 22 7 16 34
1578 6 23 0 34
1584 16 27 25 89
1584 0 11 9 89
1590 14 2 21 55
1590 30 18 5 55
1596 3 14 7 93
1596 19 30 23 93
1602 8 3 17 51
1602 24 19 1 51
1608 20 26 6 93
1608 4 10 22 93
1614 12 7 25 56
1614 28 23 9 56
1620 4 29 4 32
1620 20 13 20 32
1626 1 19 28 49
1626 17 3 12 49
1632 29 15 10 59
1632 13 31 26 59
1638 30 25 4 66
1638 14 9 20 66
1644 10 7 23 28
1644 26 23 7 28
1650 0 17 7 62
1650 16 1 23 62
1656 19 5 29 33
1656 3 21 13 33
1662 17 23 2 49
1662 1 7 18 49
1668 0 6 14 6
1668 16 22 30 6
1674 21 2 31 4
1674 5 18 15 4
1680 3 21 9 35
1680 19 5 25 35
1686 12 19 27 52
1686 28 3 11 52
1692 29 28 27 55
1692 13 12 11 55
1698 7 14 3 49
1698 23 30 19 49
1704 13 9 10 69
1704 29 25 26 69
1710 31 9 17 6
1710 15 25 1 6
1716 14 21 25 41
1716 30 5 9 41
1722 31 0 29 39
1722 15 16 13 39
1728 19 1 17 21
1728 3 17 1 21
1734 13 8 10 51
1734 29 24 26 51
1740 26 12 27 89
1740 10 28 11 89
1746 19 18 19 4
1746 3 2 3 4
1752 1 25 5 88
1752 17 9 21 88
1758 27 28 13 14
1758 11 12 29 14
1764 19 22 12 94
1764 3 6 28 94
1770 16 4 20 23
1770 0 20 4 23
1776 29 7 29 16
1776 13 23 13 16
1782 25 24 18 53
1782 9 8 2 53
1788 25 27 19 46
1788 9 11 3 46
1794 18 23 24 11
1794 2 7 8 11
1800 20 10 7 39
1800 4 26 23 39
1806 27 19 29 23
1806 11 3 13 23
1812 21 20 13 40
1812 5 4 29 40
1818 8 31 7 23
1818 24 15 23 23
1824 21 29 9 15
1824 5 13 25 15
1830 1 26 28 52
1830 17 10 12 52
1836 23 0 28 29
1836 7 16 12 29
1842 2 28 2 20
1842 18 12 18 20
1848 1 10 3 62
1848 17 26 19 62
1854 4 16 27 73
1854 20 0 11 73
1860 3 8 2 81
1860 19 24 18 81
1866 11 5 18 30
1866 27 21 2 30
1872 31 23 0 13
1872 15 7 16 13
1878 2 14 7 72
1878 18 30 23 72
1884 7 10 29 22
1884 23 26 13 22
1890 3 2 4 30
1890 19 18 20 30
1896 0 4 19 74
1896 16 20 3 74
1902 10 5 19 26
1902 26 21 3 26
1908 26 0 10 5
1908 10 16 26 5
1914 12 20 30 24
1914 28 4 14 24
1920 27 29 29 14
1920 11 13 13 14
1926 11 8 30 92
1926 27 24 14 92
1932 26 26 4 16
1932 10 10 20 16
1938 18 25 12 24
1938 2 9 28 24
1944 17 16 6 64
1944 1 0 22 64
1950 7 25 26 80
1950 23 9 10 80
1956 11 3 11 86
1956 27 19 27 86
1962 30 17 17 28
1962 14 1 1 28
1968 22 24 16 25
1968 6 8 0 25
1974 1 29 30 74
1974 17 13 14 74
1980 21 6 28 79
1980 5 22 12 79
1986 13 31 11 38
1986 29 15 27 38
1992 4 3 26 33
1992 20 19 10 33
1998 19 1 25 56
1998 3 17 9 56
2004 19 26 16 14
2004 3 10 0 14
2010 0 16 29 40
2010 16 0 13 40
2016 14 1 18 90
2016 30 17 2 90
2022 2 4 13 58
2022 18 20 29 58
2028 7 5 19 80
2028 23 21 3 80
2034 25 3 21 30
2034 9 19 5 30
2040 12 14 11 73
2040 28 30 27 73
2046 20 21 15 43
2046 4 5 31 43
2052 4 26 22 52
2052 20 10 6 52
2058 26 2 31 43
2058 10 18 15 43
2064 0 13 24 60
2064 16 29 8 60
2070 20 19 10 3
2070 4 3 26 3
2076 26 27 23 91
2076 10 11 7 91
2082 6 3 30 8
2082 22 19 14 8
2088 0 9 14 71
2088 16 25 30 71
2094 6 28 7 13
2094 22 12 23 13
2100 21 0 19 67
2100 5 16 3 67
2106 30 23 20 13
2106 14 7 4 13
2112 12 31 9 56
2112 28 15 25 56
2118 25 21 15 79
2118 9 5 31 79
2124 2 23 24 38
2124 18 7 8 38
2130 17 31 9 55
2130 1 15 25 55
2136 1 26 21 47
2136 17 10 5 47
2142 10 21 2 31
2142 26 5 18 31
2148 10 16 15 11
2148 26 0 31 11
2154 25 27 20 95
2154 9 11 4 95
2160 25 18 16 10
2160 9 2 0 10
2166 11 0 24 60
2166 27 16 8 60
2172 3 2 9 35
2172 19 18 25 35
2178 19 19 1 3
2178 3 3 17 3
2184 3 1 29 17
2184 19 17 13 17
2190 24 31 0 53
2190 8 15 16 53
2196 14 31 19 82
2196 30 15 3 82
2202 8 3 20 67
2202 24 19 4 67
2208 20 5 12 36
2208 4 21 28 36
2214 13 31 19 46
2214 29 15 3 46
2220 7 15 8 81
2220 23 31 24 81
2226 26 28 12 56
2226 10 12 28 56
2232 11 12 16 7
2232 27 28 0 7
2238 25 16 26 12
2238 9 0 10 12
2244 23 16 31 93
2244 7 0 15 93
2250 15 9 1 23
2250 31 25 17 23
2256 3 5 30 70
2256 19 21 14 70
2262 22 23 16 1
2262 6 7 0 1
2268 11 16 1 47
2268 27 0 17 47
2274 20 25 10 12
2274 4 9 26 12
2280 17 9 13 19
2280 1 25 29 19
2286 10 31 21 8
2286 26 15 5 8
2292 12 3 0 15
2292 28 19 16 15
2298 20 19 18 70
2298 4 3 2 70
2304 30 29 31 41
2304 14 13 15 41
2310 17 16 31 22
2310 1 0 15 22
2316 25 4 0 12
2316 9 20 16 12
2322 5 17 28 79
2322 21 1 12 79
2328 31 3 6 73
2328 15 19 22 73
2334 12 21 2 80
2334 28 5 18 80
2340 15 24 4 92
2340 31 8 20 92
2346 1 25 8 57
2346 17 9 24 57
2352 5 10 11 45
2352 21 26 27 45
2358 28 4 14 88
2358 12 20 30 88
2364 31 31 26 64
2364 15 15 10 64
2370 12 20 20 51
2370 28 4 4 51
2376 4 22 21 50
2376 20 6 5 50
2382 28 18 24 30
2382 12 2 8 30
2388 26 23 0 53
2388 10 7 16 53
2394 23 1 9 53
2394 7 17 25 53
2400 17 11 31 40
2400 1 27 15 40
2406 20 9 28 28
2406 4 25 12 28
2412 0 26 11 1
2412 16 10 27 1
2418 21 14 12 52
2418 5 30 28 52
2424 25 22 20 57
2424 9 6 4 57
2430 3 18 18 69
2430 19 2 2 69
2436 1 26 4 15
2436 17 10 20 15
2442 13 13 24 24
2442 29 29 8 24
2448 1 1 22 76
2448 17 17 6 76
2454 19 12 21 25
2454 3 28 5 25
2460 3 22 23 49
2460 19 6 7 49
2466 19 16 15 57
2466 3 0 31 57
2472 14 3 15 35
2472 30 19 31 35
2478 11 20 14 23
2478 27 4 30 23
2484 25 4 28 80
2484 9 20 12 80
2490 27 31 6 82
2490 11 15 22 82
2496 31 23 20 48
2496 15 7 4 48
2502 22 17 23 2
2502 6 1 7 2
2508 27 10 3 86
2508 11 26 19 86
2514 1 31 28 5
2514 17 15 12 5
2520 27 14 3 21
2520 11 30 19 21
2526 27 6 22 21
2526 11 22 6 21
2532 0 19 24 39
2532 16 3 8 39
2538 31 24 20 13
2538 15 8 4 13
2544 31 28 28 39
2544 15 12 12 39
2550 10 27 10 17
2550 26 11 26 17
2556 28 5 2 81
2556 12 21 18 81
2562 22 25 26 12
2562 6 9 10 12
2568 16 24 14 17
2568 0 8 30 17
2574 23 3 5 7
2574 7 19 21 7
2580 28 2 26 26
2580 12 18 10 26
2586 0 17 14 87
2586 16 1 30 87
2592 6 26 31 33
2592 22 10 15 33
2598 5 25 11 14
2598 21 9 27 14
2604 10 0 0 88
2604 26 16 16 88
2610 3 28 14 33
2610 19 12 30 33
2616 25 5 9 4
2616 9 21 25 4
2622 17 1 8 74
2622 1 17 24 74
2628 7 26 19 43
2628 23 10 3 43
2634 23 17 25 58
2634 7 1 9 58
2640 30 29 25 74
2640 14 13 9 74
2646 15 16 13 56
2646 31 0 29 56
2652 0 5 5 8
2652 16 21 21 8
2658 6 13 22 5
2658 22 29 6 5
2664 6 3 3 7
2664 22 19 19 7
2670 15 1 16 5
2670 31 17 0 5
2676 16 13 20 69
2676 0 29 4 69
2682 14 13 3 12
2682 30 29 19 12
2688 0 3 4 37
2688 16 19 20 37
2694 22 8 27 43
2694 6 24 11 43
2700 2 20 29 87
2700 18 4 13 87
2706 20 14 30 53
2706 4 30 14 53
2712 31 24 29 39
2712 15 8 13 39
2718 3 19 23 62
2718 19 3 7 62
2724 16 30 30 5
2724 0 14 14 5
2730 8 12 19 13
2730 24 28 3 13
2736 7 3 23 73
2736 23 19 7 73
2742 21 4 8 95
2742 5 20 24 95
2748 27 18 28 75
2748 11 2 12 75
2754 29 16 13 60
2754 13 0 29 60
2760 9 26 2 8
2760 25 10 18 8
2766 1 1 20 85
2766 17 17 4 85
2772 22 2 20 63
2772 6 18 4 63
2778 14 24 24 69
2778 30 8 8 69
2784 4 19 22 81
2784 20 3 6 81
2790 16 16 20 15
2790 0 0 4 15
2796 3 14 31 8
2796 19 30 15 8
2802 17 26 19 14
2802 1 10 3 14
2808 23 2 28 71
2808 7 18 12 71
2814 19 26 30 78
2814 3 10 14 78
2820 9 24 20 87
2820 25 8 4 87
2826 13 29 19 3
2826 29 13 3 3
2832 22 29 13 81
2832 6 13 29 81
2838 6 27 31 50
2838 22 11 15 50
2844 15 11 9 32
2844 31 27 25 32
2850 24 16 0 73
2850 8 0 16 73
2856 7 14 24 89
2856 23 30 8 89
2862 25 4 9 70
2862 9 20 25 70
2868 20 9 26 61
2868 4 25 10 61
2874 28 2 15 59
2874 12 18 31 59
2880 31 10 12 43
2880 15 26 28 43
2886 11 18 19 74
2886 27 2 3 74
2892 21 12 11 95
2892 5 28 27 95
2898 24 8 28 45
2898 8 24 12 45
2904 24 28 19 89
2904 8 12 3 89
2910 22 7 18 82
2910 6 23 2 82
2916 11 9 12 75
2916 27 25 28 75
2922 24 1 22 48
2922 8 17 6 48
2928 2 21 1 72
2928 18 5 17 72
2934 15 18 31 32
2934 31 2 15 32
2940 13 11 1 63
2940 29 27 17 63
2946 2 20 9 8
2946 18 4 25 8
2952 6 12 18 42
2952 22 28 2 42
2958 5 8 19 91
2958 21 24 3 91
2964 27 25 4 40
2964 11 9 20 40
2970 30 19 14 31
2970 14 3 30 31
2976 21 16 16 9
2976 5 0 0 9
2982 7 1 12 66
2982 23 17 28 66
2988 23 6 24 21
2988 7 22 8 21
2994 11 19 21 87
2994 27 3 5 87
3000 17 16 14 70
3000 1 0 30 70
3006 17 12 3 5
3006 1 28 19 5
3012 11 11 3 50
3012 27 27 19 50
3018 11 10 15 91
3018 27 26 31 91
3024 12 11 0 17
3024 28 27 16 17
3030 4 10 17 17
3030 20 26 1 17
3036 3 16 4 42
3036 19 0 20 42
3042 9 16 14 53
3042 25 0 30 53
3048 20 30 24 35
3048 4 14 8 35
3054 15 31 13 5
3054 31 15 29 5
3060 15 31 14 57
3060 31 15 30 57
3066 18 1 11 26
3066 2 17 27 26
3072 30 27 7 48
3072 14 11 23 48
3078 30 2 27 59
3078 14 18 11 59
3084 28 10 17 76
3084 12 26 1 76
3090 7 24 15 76
3090 23 8 31 76
3096 5 15 15 80
3096 21 31 31 80
3102 12 19 28 76
3102 28 3 12 76
3108 7 20 2 79
3108 23 4 18 79
3114 4 7 1 38
3114 20 23 17 38
3120 1 15 17 81
3120 17 31 1 81
3126 21 31 8 69
3126 5 15 24 69
3132 31 12 9 90
3132 15 28 25 90
3138 9 24 8 8
3138 25 8 24 8
3144 11 29 23 9
3144 27 13 7 9
3150 9 22 27 24
3150 25 6 11 24
3156 1 15 27 16
3156 17 31 11 16
3162 18 31 9 74
3162 2 15 25 74
3168 20 17 8 81
3168 4 1 24 81
3174 29 19 16 92
3174 13 3 0 92
3180 24 11 4 10
3180 8 27 20 10
3186 24 20 15 9
3186 8 4 31 9
3192 28 7 13 45
3192 12 23 29 45
3198 10 0 13 25
3198 26 16 29 25
3204 21 3 9 27
3204 5 19 25 27
3210 19 9 4 67
3210 3 25 20 67
3216 28 16 18 17
3216 12 0 2 17
3222 27 23 22 77
3222 11 7 6 77
3228 4 4 2 13
3228 20 20 18 13
3234 5 23 22 79
3234 21 7 6 79
3240 7 29 12 88
3240 23 13 28 88
3246 4 4 24 57
3246 20 20 8 57
3252 5 30 19 4
3252 21 14 3 4
3258 19 12 13 61
3258 3 28 29 61
3264 24 14 30 28
3264 8 30 14 28
3270 25 4 22 44
3270 9 20 6 44
3276 18 12 19 52
3276 2 28 3 52
3282 24 26 29 66
3282 8 10 13 66
3288 28 15 3 60
3288 12 31 19 60
3294 24 22 23 24
3294 8 6 7 24
3300 9 17 7 2
3300 25 1 23 2
3306 31 4 31 66
3306 15 20 15 66
3312 24 11 26 71
3312 8 27 10 71
3318 18 26 11 49
3318 2 10 27 49
3324 12 23 10 33
3324 28 7 26 33
3330 12 5 29 93
3330 28 21 13 93
3336 1 15 7 41
3336 17 31 23 41
3342 27 1 26 2
3342 11 17 10 2
3348 9 17 10 54
3348 25 1 26 54
3354 24 14 16 42
3354 8 30 0 42
3360 28 22 3 90
3360 12 6 19 90
3366 16 16 11 16
3366 0 0 27 16
3372 12 19 21 58
3372 28 3 5 58
3378 13 12 11 94
3378 29 28 27 94
3384 12 19 3 72
3384 28 3 19 72
3390 13 27 1 81
3390 29 11 17 81
3396 26 10 8 93
3396 10 26 24 93
3402 10 29 30 56
3402 26 13 14 56
3408 10 5 25 48
3408 26 21 9 48
3414 11 4 14 15
3414 27 20 30 15
3420 6 4 1 33
3420 22 20 17 33
3426 3 20 29 50
3426 19 4 13 50
3432 22 9 27 53
3432 6 25 11 53
3438 3 25 17 55
3438 19 9 1 55
3444 11 8 30 81
3444 27 24 14 81
3450 16 29 18 86
3450 0 13 2 86
3456 10 25 9 86
3456 26 9 25 86
3462 10 20 12 51
3462 26 4 28 51
3468 10 3 4 49
3468 26 19 20 49
3474 18 23 12 23
3474 2 7 28 23
3480 13 4 10 62
3480 29 20 26 62
3486 25 21 8 60
3486 9 5 24 60
3492 3 31 19 67
3492 19 15 3 67
3498 17 5 18 2
3498 1 21 2 2
3504 2 13 11 4
3504 18 29 27 4
3510 10 25 13 55
3510 26 9 29 55
3516 6 11 24 2
3516 22 27 8 2
3522 16 4 1 87
3522 0 20 17 87
3528 18 4 25 66
3528 2 20 9 66
3534 30 26 13 63
3534 14 10 29 63
3540 2 12 8 4
3540 18 28 24 4
3546 6 21 13 14
3546 22 5 29 14
3552 30 21 24 33
3552 14 5 8 33
3558 10 25 26 18
3558 26 9 10 18
3564 6 22 4 11
3564 22 6 20 11
3570 12 25 20 36
3570 28 9 4 36
3576 28 28 24 88
3576 12 12 8 88
3582 18 4 29 60
3582 2 20 13 60
3588 29 29 19 36
3588 13 13 3 36
3594 2 3 13 42
3594 18 19 29 42
3600 18 26 27 48
3600 2 10 11 48
3606 26 21 24 34
3606 10 5 8 34
3612 25 13 7 83
3612 9 29 23 83
3618 20 25 13 82
3618 4 9 29 82
3624 10 6 21 88
3624 26 22 5 88
3630 31 6 14 21
3630 15 22 30 21
3636 29 29 1 52
3636 13 13 17 52
3642 22 25 3 14
3642 6 9 19 14
3648 5 24 19 56
3648 21 8 3 56
3654 19 16 4 49
3654 3 0 20 49
3660 9 15 23 76
3660 25 31 7 76
3666 3 20 29 45
3666 19 4 13 45
3672 20 24 8 56
3672 4 8 24 56
3678 12 6 8 73
3678 28 22 24 73
3684 30 20 14 33
3684 14 4 30 33
3690 19 23 18 4
3690 3 7 2 4
3696 29 24 18 79
3696 13 8 2 79
3702 16 8 0 86
3702 0 24 16 86
3708 10 19 24 84
3708 26 3 8 84
3714 27 28 23 46
3714 11 12 7 46
3720 23 26 15 14
3720 7 10 31 14
3726 9 7 0 43
3726 25 23 16 43
3732 21 24 11 60
3732 5 8 27 60
3738 29 28 1 83
3738 13 12 17 83
3744 23 24 0 47
3744 7 8 16 47
3750 29 6 12 21
3750 13 22 28 21
3756 12 17 20 22
3756 28 1 4 22
3762 27 2 14 94
3762 11 18 30 94
3768 22 31 24 72
3768 6 15 8 72
3774 21 23 13 6
3774 5 7 29 6
3780 12 2 10 2
3780 28 18 26 2
3786 31 29 26 14
3786 15 13 10 14
3792 9 16 17 37
3792 25 0 1 37
3798 0 7 15 0
3798 16 23 31 0
3804 3 18 9 54
3804 19 2 25 54
3810 13 22 22 65
3810 29 6 6 65
3816 20 1 28 14
3816 4 17 12 14
3822 29 14 21 81
3822 13 30 5 81
3828 14 9 28 27
3828 30 25 12 27
3834 19 7 13 46
3834 3 23 29 46
3840 29 16 26 24
3840 13 0 10 24
3846 11 28 6 57
3846 27 12 22 57
3852 18 21 29 37
3852 2 5 13 37
3858 7 30 27 30
3858 23 14 11 30
3864 28 6 22 8
3864 12 22 6 8
3870 11 29 0 13
3870 27 13 16 13
3876 29 9 10 62
3876 13 25 26 62
3882 8 4 21 94
3882 24 20 5 94
3888 31 2 3 1
3888 15 18 19 1
3894 12 29 8 6
3894 28 13 24 6
3900 30 26 28 39
3900 14 10 12 39
3906 8 3 14 81
3906 24 19 30 81
3912 5 19 16 0
3912 21 3 0 0
3918 8 31 19 88
3918 24 15 3 88
3924 24 25 24 20
3924 8 9 8 20
3930 27 7 13 52
3930 11 23 29 52
3936 29 18 14 20
3936 13 2 30 20
3942 28 13 31 47
3942 12 29 15 47
3948 20 7 3 36
3948 4 23 19 36
3954 8 25 31 52
3954 24 9 15 52
3960 29 4 3 76
3960 13 20 19 76
3966 12 25 10 70
3966 28 9 26 70
3972 21 14 3 78
3972 5 30 19 78
3978 20 2 21 9
3978 4 18 5 9
3984 30 31 12 17
3984 14 15 28 17
3990 14 23 8 29
3990 30 7 24 29
3996 13 10 31 31
3996 29 26 15 31
4002 31 7 15 53
4002 15 23 31 53
4008 11 9 26 37
4008 27 25 10 37
4014 26 19 20 69
4014 10 3 4 69
4020 16 18 4 57
4020 0 2 20 57
4026 9 2 16 60
4026 25 18 0 60
4032 1 23 17 11
4032 17 7 1 11
4038 6 3 16 2
4038 22 19 0 2
4044 17 1 9 91
4044 1 17 25 91
4050 9 10 5 12
4050 25 26 21 12
4056 21 22 20 83
4056 5 6 4 83
4062 0 16 20 36
4062 16 0 4 36
4068 19 1 26 4
4068 3 17 10 4
4074 19 23 26 27
4074 3 7 10 27
4080 12 5 1 30
4080 28 21 17 30
4086 9 29 29 54
4086 25 13 13 54
4092 22 30 24 48
4092 6 14 8 48
4098 0 22 31 53
4098 16 6 15 53
4104 12 22 13 52
4104 28 6 29 52
4110 14 6 30 33
4110 30 22 14 33
4116 26 9 27 12
4116 10 25 11 12
4122 29 17 12 58
4122 13 1 28 58
4128 30 27 13 37
4128 14 11 29 37
4134 28 14 26 67
4134 12 30 10 67
4140 16 2 25 66
4140 0 18 9 66
4146 4 19 3 44
4146 20 3 19 44
4152 26 4 19 76
4152 10 20 3 76
4158 26 6 1 85
4158 10 22 17 85
4164 9 26 10 71
4164 25 10 26 71
4170 0 4 21 4
4170 16 20 5 4
4176 10 9 19 92
4176 26 25 3 92
4182 2 16 16 6
4182 18 0 0 6
4188 4 30 19 42
4188 20 14 3 42
4194 26 4 9 57
4194 10 20 25 57
4200 21 27 6 79
4200 5 11 22 79
4206 25 27 29 23
4206 9 11 13 23
4212 20 13 20 70
4212 4 29 4 70
4218 8 4 31 53
4218 24 20 15 53
4224 15 17 6 95
4224 31 1 22 95
4230 22 8 23 76
4230 6 24 7 76
4236 15 30 20 44
4236 31 14 4 44
4242 13 1 25 10
4242 29 17 9 10
4248 22 16 9 66
4248 6 0 25 66
4254 0 12 0 46
4254 16 28 16 46
4260 2 23 28 24
4260 18 7 12 24
4266 23 8 21 20
4266 7 24 5 20
4272 7 19 4 86
4272 23 3 20 86
4278 2 1 28 54
4278 18 17 12 54
4284 27 29 19 43
4284 11 13 3 43
4290 7 23 15 3
4290 23 7 31 3
4296 19 14 14 29
4296 3 30 30 29
4302 18 26 18 40
4302 2 10 2 40
4308 16 30 12 67
4308 0 14 28 67
4314 1 26 29 51
4314 17 10 13 51
4320 15 13 12 27
4320 31 29 28 27
4326 4 7 0 12
4326 20 23 16 12
4332 12 10 4 88
4332 28 26 20 88
4338 13 25 10 85
4338 29 9 26 85
4344 9 9 8 27
4344 25 25 24 27
4350 13 20 19 24
4350 29 4 3 24
4356 18 9 5 53
4356 2 25 21 53
4362 30 2 3 30
4362 14 18 19 30
4368 11 23 9 38
4368 27 7 25 38
4374 30 4 29 45
4374 14 20 13 45
4380 24 24 19 79
4380 8 8 3 79
4386 28 10 1 78
4386 12 26 17 78
4392 14 11 12 56
4392 30 27 28 56
4398 26 31 17 40
4398 10 15 1 40
4404 8 24 15 8
4404 24 8 31 8
4410 28 22 22 3
4410 12 6 6 3
4416 12 20 30 20
4416 28 4 14 20
4422 28 6 10 38
4422 12 22 26 38
4428 18 28 22 9
4428 2 12 6 9
4434 19 30 23 34
4434 3 14 7 34
4440 4 12 26 16
4440 20 28 10 16
4446 23 5 11 52
4446 7 21 27 52
4452 10 2 20 24
4452 26 18 4 24
4458 1 3 14 9
4458 17 19 30 9
4464 13 24 28 42
4464 29 8 12 42
4470 21 23 18 59
4470 5 7 2 59
4476 22 23 22 11
4476 6 7 6 11
4482 26 20 0 93
4482 10 4 16 93
4488 9 22 19 64
4488 25 6 3 64
4494 6 3 1 46
4494 22 19 17 46
4500 11 21 18 37
4500 27 5 2 37
4506 14 15 12 1
4506 30 31 28 1
4512 18 6 1 70
4512 2 22 17 70
4518 30 9 1 68
4518 14 25 17 68
4524 22 6 30 65
4524 6 22 14 65
4530 14 13 29 52
4530 30 29 13 52
4536 1 21 20 91
4536 17 5 4 91
4542 14 10 3 21
4542 30 26 19 21
4548 10 3 12 93
4548 26 19 28 93
4554 5 23 6 69
4554 21 7 22 69
4560 7 0 30 49
4560 23 16 14 49
4566 5 5 13 72
4566 21 21 29 72
4572 28 13 25 34
4572 12 29 9 34
4578 5 13 11 23
4578 21 29 27 23
4584 20 19 1 20
4584 4 3 17 20
4590 20 15 26 1
4590 4 31 10 1
4596 26 30 24 9
4596 10 14 8 9
4602 15 14 2 43
4602 31 30 18 43
4608 26 29 6 24
4608 10 13 22 24
4614 21 1 8 82
4614 5 17 24 82
4620 0 2 16 74
4620 16 18 0 74
4626 2 31 2 95
4626 18 15 18 95
4632 31 10 21 71
4632 15 26 5 71
4638 12 25 0 91
4638 28 9 16 91
4644 30 20 5 15
4644 14 4 21 15
4650 15 30 13 60
4650 31 14 29 60
4656 24 10 31 15
4656 8 26 15 15
4662 4 11 22 91
4662 20 27 6 91
4668 24 30 8 45
4668 8 14 24 45
4674 25 29 7 50
4674 9 13 23 50
4680 5 27 13 5
4680 21 11 29 5
4686 1 13 20 87
4686 17 29 4 87
4692 11 27 6 37
4692 27 11 22 37
4698 23 24 21 71
4698 7 8 5 71
4704 16 14 24 32
4704 0 30 8 32
4710 18 27 11 79
4710 2 11 27 79
4716 25 31 3 25
4716 9 15 19 25
4722 17 31 28 59
4722 1 15 12 59
4728 29 15 10 7
4728 13 31 26 7
4734 20 2 6 20
4734 4 18 22 20
4740 6 4 18 78
4740 22 20 2 78
4746 4 22 13 54
4746 20 6 29 54
4752 16 8 1 31
4752 0 24 17 31
4758 1 14 28 42
4758 17 30 12 42
4764 5 25 29 14
4764 21 9 13 14
4770 29 27 15 86
4770 13 11 31 86
4776 6 14 7 84
4776 22 30 23 84
4782 31 4 20 89
4782 15 20 4 89
4788 5 8 16 87
4788 21 24 0 87
4794 16 18 13 58
4794 0 2 29 58
4800 27 6 14 74
4800 11 22 30 74
4806 9 2 4 70
4806 25 18 20 70
4812 20 29 24 84
4812 4 13 8 84
4818 22 22 7 6
4818 6 6 23 6
4824 6 6 15 58
4824 22 22 31 58
4830 18 15 4 25
4830 2 31 20 25
4836 27 11 0 70
4836 11 27 16 70
4842 11 12 7 11
4842 27 28 23 11
4848 25 6 31 56
4848 9 22 15 56
4854 30 23 20 54
4854 14 7 4 54
4860 12 22 18 47
4860 28 6 2 47
4866 4 8 24 17
4866 20 24 8 17
4872 1 25 19 10
4872 17 9 3 10
4878 0 31 29 95
4878 16 15 13 95
4884 0 6 0 44
4884 16 22 16 44
4890 14 16 26 86
4890 30 0 10 86
4896 26 22 22 61
4896 10 6 6 61
4902 22 7 25 79
4902 6 23 9 79
4908 15 17 2 3
4908 31 1 18 3
4914 31 18 19 34
4914 15 2 3 34
4920 17 9 13 77
4920 1 25 29 77
4926 5 3 2 2
4926 21 19 18 2
4932 8 29 15 68
4932 24 13 31 68
4938 23 28 2 33
4938 7 12 18 33
4944 24 26 15 45
4944 8 10 31 45
4950 11 16 0 6
4950 27 0 16 6
4956 1 11 23 25
4956 17 27 7 25
4962 27 5 27 61
4962 11 21 11 61
4968 23 3 20 7
4968 7 19 4 7
4974 11 3 25 46
4974 27 19 9 46
4980 19 4 26 3
4980 3 20 10 3
4986 21 9 30 43
4986 5 25 14 43
4992 4 17 7 35
4992 20 1 23 35
4998 28 27 28 28
4998 12 11 12 28
